<?xml version="1.0" encoding="UTF-8"?>
<coverage generated="1498578717652" clover="3.2.0">
	<project timestamp="1498578717652"  name="All Files" >
		<metrics statements="1877"  coveredstatements="947"  conditionals="1146"  coveredconditionals="335"  methods="386"  coveredmethods="173"  elements="3409"  coveredelements="1455"  complexity="0"  packages="5"  files="31"  classes="31"  loc="5363"  ncloc="5363" />
		<package name="src" >
			<metrics statements="232"  coveredstatements="148"  conditionals="158"  coveredconditionals="60"  methods="55"  coveredmethods="33" />
			<file name="helpers.js"  path="/home/ubuntu/stories-facets/src/helpers.js" >
				<metrics statements="38"  coveredstatements="14"  conditionals="68"  coveredconditionals="15"  methods="6"  coveredmethods="2" />
				<line num="17"  count="1"  type="stmt" />
				<line num="19"  count="1"  type="stmt" />
				<line num="21"  count="354"  type="cond"  truecount="3"  falsecount="7" />
				<line num="23"  count="0"  type="cond"  truecount="0"  falsecount="2" />
				<line num="25"  count="223"  type="cond"  truecount="1"  falsecount="1" />
				<line num="27"  count="0"  type="cond"  truecount="0"  falsecount="2" />
				<line num="29"  count="0"  type="cond"  truecount="0"  falsecount="2" />
				<line num="31"  count="15"  type="cond"  truecount="1"  falsecount="1" />
				<line num="33"  count="0"  type="cond"  truecount="0"  falsecount="2" />
				<line num="35"  count="0"  type="cond"  truecount="0"  falsecount="4" />
				<line num="37"  count="0"  type="cond"  truecount="0"  falsecount="4" />
				<line num="39"  count="116"  type="cond"  truecount="1"  falsecount="1" />
				<line num="40"  count="116"  type="cond"  truecount="2"  falsecount="3" />
				<line num="41"  count="116"  type="stmt" />
				<line num="43"  count="0"  type="cond"  truecount="0"  falsecount="4" />
				<line num="44"  count="0"  type="stmt" />
				<line num="46"  count="0"  type="stmt" />
				<line num="48"  count="0"  type="stmt" />
				<line num="52"  count="1"  type="stmt" />
				<line num="53"  count="0"  type="cond"  truecount="0"  falsecount="6" />
				<line num="54"  count="0"  type="stmt" />
				<line num="57"  count="0"  type="cond"  truecount="0"  falsecount="4" />
				<line num="59"  count="0"  type="stmt" />
				<line num="61"  count="0"  type="stmt" />
				<line num="63"  count="0"  type="stmt" />
				<line num="65"  count="0"  type="cond"  truecount="0"  falsecount="2" />
				<line num="66"  count="0"  type="stmt" />
				<line num="68"  count="0"  type="stmt" />
				<line num="72"  count="1"  type="stmt" />
				<line num="73"  count="446"  type="cond"  truecount="7"  falsecount="0" />
				<line num="74"  count="110"  type="stmt" />
				<line num="76"  count="336"  type="stmt" />
				<line num="79"  count="1"  type="stmt" />
				<line num="80"  count="0"  type="stmt" />
				<line num="81"  count="0"  type="stmt" />
				<line num="82"  count="0"  type="cond"  truecount="0"  falsecount="2" />
				<line num="83"  count="0"  type="cond"  truecount="0"  falsecount="6" />
				<line num="84"  count="0"  type="stmt" />
			</file>
			<file name="main.js"  path="/home/ubuntu/stories-facets/src/main.js" >
				<metrics statements="194"  coveredstatements="134"  conditionals="90"  coveredconditionals="45"  methods="49"  coveredmethods="31" />
				<line num="17"  count="1"  type="stmt" />
				<line num="18"  count="1"  type="stmt" />
				<line num="20"  count="1"  type="stmt" />
				<line num="21"  count="1"  type="stmt" />
				<line num="22"  count="1"  type="stmt" />
				<line num="23"  count="1"  type="stmt" />
				<line num="24"  count="1"  type="stmt" />
				<line num="36"  count="1"  type="stmt" />
				<line num="37"  count="50"  type="stmt" />
				<line num="38"  count="50"  type="cond"  truecount="2"  falsecount="0" />
				<line num="39"  count="50"  type="stmt" />
				<line num="40"  count="50"  type="stmt" />
				<line num="41"  count="50"  type="stmt" />
				<line num="47"  count="1"  type="stmt" />
				<line num="48"  count="1"  type="stmt" />
				<line num="57"  count="1"  type="stmt" />
				<line num="58"  count="3"  type="stmt" />
				<line num="59"  count="3"  type="stmt" />
				<line num="61"  count="3"  type="stmt" />
				<line num="62"  count="3"  type="stmt" />
				<line num="63"  count="3"  type="cond"  truecount="4"  falsecount="0" />
				<line num="64"  count="2"  type="cond"  truecount="1"  falsecount="1" />
				<line num="66"  count="2"  type="stmt" />
				<line num="67"  count="4"  type="stmt" />
				<line num="69"  count="2"  type="stmt" />
				<line num="73"  count="2"  type="stmt" />
				<line num="74"  count="4"  type="stmt" />
				<line num="75"  count="4"  type="cond"  truecount="1"  falsecount="1" />
				<line num="76"  count="4"  type="cond"  truecount="1"  falsecount="1" />
				<line num="80"  count="1"  type="stmt" />
				<line num="81"  count="1"  type="stmt" />
				<line num="82"  count="1"  type="cond"  truecount="1"  falsecount="1" />
				<line num="83"  count="1"  type="cond"  truecount="1"  falsecount="1" />
				<line num="85"  count="1"  type="stmt" />
				<line num="86"  count="1"  type="stmt" />
				<line num="88"  count="1"  type="stmt" />
				<line num="103"  count="1"  type="stmt" />
				<line num="104"  count="1"  type="cond"  truecount="1"  falsecount="1" />
				<line num="105"  count="0"  type="stmt" />
				<line num="106"  count="0"  type="stmt" />
				<line num="109"  count="1"  type="stmt" />
				<line num="110"  count="1"  type="stmt" />
				<line num="111"  count="1"  type="cond"  truecount="1"  falsecount="1" />
				<line num="112"  count="1"  type="cond"  truecount="1"  falsecount="1" />
				<line num="113"  count="0"  type="stmt" />
				<line num="114"  count="0"  type="cond"  truecount="0"  falsecount="2" />
				<line num="115"  count="0"  type="stmt" />
				<line num="118"  count="1"  type="stmt" />
				<line num="123"  count="1"  type="stmt" />
				<line num="134"  count="1"  type="stmt" />
				<line num="135"  count="2"  type="stmt" />
				<line num="136"  count="2"  type="stmt" />
				<line num="145"  count="1"  type="stmt" />
				<line num="146"  count="0"  type="stmt" />
				<line num="147"  count="0"  type="cond"  truecount="0"  falsecount="2" />
				<line num="148"  count="0"  type="stmt" />
				<line num="149"  count="0"  type="stmt" />
				<line num="160"  count="1"  type="stmt" />
				<line num="161"  count="9"  type="stmt" />
				<line num="162"  count="16"  type="stmt" />
				<line num="163"  count="16"  type="cond"  truecount="4"  falsecount="0" />
				<line num="164"  count="12"  type="stmt" />
				<line num="166"  count="4"  type="stmt" />
				<line num="167"  count="4"  type="cond"  truecount="2"  falsecount="0" />
				<line num="168"  count="3"  type="stmt" />
				<line num="181"  count="1"  type="stmt" />
				<line num="183"  count="0"  type="stmt" />
				<line num="184"  count="0"  type="stmt" />
				<line num="185"  count="0"  type="cond"  truecount="0"  falsecount="4" />
				<line num="186"  count="0"  type="stmt" />
				<line num="188"  count="0"  type="stmt" />
				<line num="189"  count="0"  type="cond"  truecount="0"  falsecount="2" />
				<line num="190"  count="0"  type="stmt" />
				<line num="195"  count="0"  type="stmt" />
				<line num="206"  count="1"  type="stmt" />
				<line num="207"  count="0"  type="cond"  truecount="0"  falsecount="2" />
				<line num="208"  count="0"  type="stmt" />
				<line num="210"  count="0"  type="stmt" />
				<line num="211"  count="0"  type="stmt" />
				<line num="212"  count="0"  type="cond"  truecount="0"  falsecount="4" />
				<line num="213"  count="0"  type="stmt" />
				<line num="215"  count="0"  type="stmt" />
				<line num="216"  count="0"  type="cond"  truecount="0"  falsecount="2" />
				<line num="217"  count="0"  type="stmt" />
				<line num="231"  count="1"  type="stmt" />
				<line num="232"  count="5"  type="cond"  truecount="2"  falsecount="0" />
				<line num="233"  count="4"  type="stmt" />
				<line num="234"  count="5"  type="stmt" />
				<line num="235"  count="5"  type="cond"  truecount="3"  falsecount="1" />
				<line num="236"  count="5"  type="stmt" />
				<line num="238"  count="0"  type="stmt" />
				<line num="239"  count="0"  type="cond"  truecount="0"  falsecount="2" />
				<line num="240"  count="0"  type="stmt" />
				<line num="245"  count="1"  type="stmt" />
				<line num="257"  count="1"  type="stmt" />
				<line num="258"  count="2"  type="stmt" />
				<line num="259"  count="2"  type="cond"  truecount="3"  falsecount="1" />
				<line num="260"  count="2"  type="stmt" />
				<line num="262"  count="0"  type="stmt" />
				<line num="263"  count="0"  type="cond"  truecount="0"  falsecount="2" />
				<line num="264"  count="0"  type="stmt" />
				<line num="267"  count="0"  type="stmt" />
				<line num="277"  count="1"  type="stmt" />
				<line num="278"  count="0"  type="stmt" />
				<line num="279"  count="0"  type="cond"  truecount="0"  falsecount="2" />
				<line num="280"  count="0"  type="stmt" />
				<line num="282"  count="0"  type="stmt" />
				<line num="293"  count="1"  type="stmt" />
				<line num="294"  count="0"  type="stmt" />
				<line num="295"  count="0"  type="cond"  truecount="0"  falsecount="2" />
				<line num="296"  count="0"  type="stmt" />
				<line num="298"  count="0"  type="stmt" />
				<line num="307"  count="1"  type="stmt" />
				<line num="308"  count="0"  type="stmt" />
				<line num="309"  count="0"  type="cond"  truecount="0"  falsecount="2" />
				<line num="310"  count="0"  type="stmt" />
				<line num="311"  count="0"  type="cond"  truecount="0"  falsecount="2" />
				<line num="312"  count="0"  type="stmt" />
				<line num="325"  count="1"  type="stmt" />
				<line num="326"  count="9"  type="stmt" />
				<line num="329"  count="9"  type="cond"  truecount="2"  falsecount="0" />
				<line num="330"  count="8"  type="stmt" />
				<line num="331"  count="8"  type="stmt" />
				<line num="332"  count="8"  type="cond"  truecount="2"  falsecount="0" />
				<line num="333"  count="6"  type="stmt" />
				<line num="335"  count="2"  type="stmt" />
				<line num="336"  count="2"  type="stmt" />
				<line num="342"  count="9"  type="cond"  truecount="2"  falsecount="0" />
				<line num="343"  count="1"  type="stmt" />
				<line num="344"  count="1"  type="stmt" />
				<line num="348"  count="9"  type="stmt" />
				<line num="358"  count="1"  type="stmt" />
				<line num="359"  count="0"  type="stmt" />
				<line num="360"  count="0"  type="cond"  truecount="0"  falsecount="2" />
				<line num="361"  count="0"  type="stmt" />
				<line num="371"  count="1"  type="stmt" />
				<line num="372"  count="3"  type="stmt" />
				<line num="373"  count="3"  type="stmt" />
				<line num="383"  count="1"  type="stmt" />
				<line num="384"  count="0"  type="stmt" />
				<line num="393"  count="1"  type="stmt" />
				<line num="395"  count="0"  type="stmt" />
				<line num="396"  count="0"  type="stmt" />
				<line num="400"  count="0"  type="stmt" />
				<line num="401"  count="0"  type="stmt" />
				<line num="411"  count="1"  type="stmt" />
				<line num="412"  count="0"  type="stmt" />
				<line num="413"  count="0"  type="stmt" />
				<line num="422"  count="1"  type="stmt" />
				<line num="423"  count="3"  type="stmt" />
				<line num="424"  count="3"  type="stmt" />
				<line num="426"  count="3"  type="stmt" />
				<line num="438"  count="1"  type="stmt" />
				<line num="440"  count="52"  type="cond"  truecount="1"  falsecount="1" />
				<line num="441"  count="0"  type="stmt" />
				<line num="444"  count="52"  type="stmt" />
				<line num="446"  count="52"  type="cond"  truecount="2"  falsecount="0" />
				<line num="449"  count="52"  type="stmt" />
				<line num="450"  count="93"  type="stmt" />
				<line num="453"  count="52"  type="stmt" />
				<line num="455"  count="52"  type="cond"  truecount="1"  falsecount="1" />
				<line num="456"  count="0"  type="stmt" />
				<line num="466"  count="1"  type="stmt" />
				<line num="467"  count="1"  type="stmt" />
				<line num="468"  count="2"  type="stmt" />
				<line num="470"  count="1"  type="stmt" />
				<line num="482"  count="1"  type="stmt" />
				<line num="483"  count="32"  type="stmt" />
				<line num="494"  count="1"  type="stmt" />
				<line num="495"  count="111"  type="stmt" />
				<line num="496"  count="217"  type="stmt" />
				<line num="498"  count="111"  type="cond"  truecount="4"  falsecount="0" />
				<line num="499"  count="103"  type="stmt" />
				<line num="501"  count="8"  type="stmt" />
				<line num="511"  count="1"  type="stmt" />
				<line num="512"  count="5"  type="stmt" />
				<line num="515"  count="5"  type="stmt" />
				<line num="518"  count="5"  type="cond"  truecount="1"  falsecount="1" />
				<line num="519"  count="5"  type="stmt" />
				<line num="520"  count="10"  type="stmt" />
				<line num="525"  count="5"  type="stmt" />
				<line num="535"  count="1"  type="stmt" />
				<line num="536"  count="69"  type="cond"  truecount="2"  falsecount="0" />
				<line num="537"  count="5"  type="stmt" />
				<line num="538"  count="5"  type="stmt" />
				<line num="539"  count="10"  type="stmt" />
				<line num="541"  count="5"  type="stmt" />
				<line num="542"  count="0"  type="stmt" />
				<line num="545"  count="64"  type="stmt" />
				<line num="546"  count="64"  type="stmt" />
				<line num="547"  count="117"  type="stmt" />
				<line num="549"  count="64"  type="stmt" />
				<line num="550"  count="0"  type="stmt" />
				<line num="559"  count="1"  type="stmt" />
			</file>
		</package>
		<package name="src.components" >
			<metrics statements="640"  coveredstatements="393"  conditionals="217"  coveredconditionals="93"  methods="111"  coveredmethods="73" />
			<file name="IBindable.js"  path="/home/ubuntu/stories-facets/src/components/IBindable.js" >
				<metrics statements="58"  coveredstatements="50"  conditionals="30"  coveredconditionals="18"  methods="13"  coveredmethods="12" />
				<line num="16"  count="1"  type="stmt" />
				<line num="24"  count="1"  type="stmt" />
				<line num="25"  count="420"  type="stmt" />
				<line num="26"  count="420"  type="stmt" />
				<line num="27"  count="420"  type="stmt" />
				<line num="37"  count="1"  type="stmt" />
				<line num="38"  count="437"  type="cond"  truecount="2"  falsecount="0" />
				<line num="39"  count="404"  type="cond"  truecount="2"  falsecount="0" />
				<line num="40"  count="370"  type="stmt" />
				<line num="43"  count="33"  type="stmt" />
				<line num="44"  count="33"  type="stmt" />
				<line num="45"  count="33"  type="cond"  truecount="1"  falsecount="1" />
				<line num="46"  count="33"  type="stmt" />
				<line num="47"  count="33"  type="stmt" />
				<line num="49"  count="33"  type="cond"  truecount="1"  falsecount="1" />
				<line num="50"  count="33"  type="stmt" />
				<line num="63"  count="1"  type="stmt" />
				<line num="64"  count="18"  type="cond"  truecount="2"  falsecount="0" />
				<line num="65"  count="15"  type="cond"  truecount="1"  falsecount="1" />
				<line num="66"  count="0"  type="stmt" />
				<line num="68"  count="15"  type="stmt" />
				<line num="69"  count="15"  type="cond"  truecount="1"  falsecount="1" />
				<line num="70"  count="15"  type="stmt" />
				<line num="74"  count="3"  type="stmt" />
				<line num="75"  count="3"  type="stmt" />
				<line num="76"  count="3"  type="cond"  truecount="1"  falsecount="1" />
				<line num="77"  count="3"  type="cond"  truecount="1"  falsecount="1" />
				<line num="78"  count="3"  type="stmt" />
				<line num="80"  count="0"  type="stmt" />
				<line num="81"  count="0"  type="cond"  truecount="0"  falsecount="2" />
				<line num="82"  count="0"  type="stmt" />
				<line num="98"  count="1"  type="stmt" />
				<line num="99"  count="0"  type="cond"  truecount="0"  falsecount="2" />
				<line num="100"  count="0"  type="cond"  truecount="0"  falsecount="2" />
				<line num="101"  count="0"  type="stmt" />
				<line num="103"  count="0"  type="stmt" />
				<line num="113"  count="1"  type="stmt" />
				<line num="114"  count="76"  type="stmt" />
				<line num="115"  count="76"  type="cond"  truecount="4"  falsecount="0" />
				<line num="116"  count="71"  type="stmt" />
				<line num="117"  count="71"  type="stmt" />
				<line num="118"  count="71"  type="cond"  truecount="2"  falsecount="0" />
				<line num="119"  count="24"  type="stmt" />
				<line num="120"  count="24"  type="stmt" />
				<line num="121"  count="24"  type="stmt" />
				<line num="125"  count="71"  type="stmt" />
				<line num="126"  count="47"  type="stmt" />
				<line num="137"  count="1"  type="stmt" />
				<line num="138"  count="404"  type="stmt" />
				<line num="147"  count="1"  type="stmt" />
				<line num="148"  count="15"  type="stmt" />
				<line num="156"  count="1"  type="stmt" />
				<line num="157"  count="38"  type="stmt" />
				<line num="158"  count="38"  type="stmt" />
				<line num="159"  count="38"  type="stmt" />
				<line num="170"  count="1"  type="stmt" />
				<line num="171"  count="47"  type="stmt" />
				<line num="178"  count="1"  type="stmt" />
			</file>
			<file name="badge.js"  path="/home/ubuntu/stories-facets/src/components/badge.js" >
				<metrics statements="33"  coveredstatements="14"  conditionals="0"  coveredconditionals="0"  methods="9"  coveredmethods="0" />
				<line num="17"  count="1"  type="stmt" />
				<line num="18"  count="1"  type="stmt" />
				<line num="28"  count="1"  type="stmt" />
				<line num="29"  count="0"  type="stmt" />
				<line num="31"  count="0"  type="stmt" />
				<line num="32"  count="0"  type="stmt" />
				<line num="33"  count="0"  type="stmt" />
				<line num="34"  count="0"  type="stmt" />
				<line num="35"  count="0"  type="stmt" />
				<line num="37"  count="0"  type="stmt" />
				<line num="43"  count="1"  type="stmt" />
				<line num="44"  count="1"  type="stmt" />
				<line num="53"  count="1"  type="stmt" />
				<line num="55"  count="0"  type="stmt" />
				<line num="66"  count="1"  type="stmt" />
				<line num="68"  count="0"  type="stmt" />
				<line num="79"  count="1"  type="stmt" />
				<line num="81"  count="0"  type="stmt" />
				<line num="91"  count="1"  type="stmt" />
				<line num="92"  count="0"  type="stmt" />
				<line num="93"  count="0"  type="stmt" />
				<line num="94"  count="0"  type="stmt" />
				<line num="103"  count="1"  type="stmt" />
				<line num="104"  count="0"  type="stmt" />
				<line num="113"  count="1"  type="stmt" />
				<line num="114"  count="0"  type="stmt" />
				<line num="122"  count="1"  type="stmt" />
				<line num="123"  count="0"  type="stmt" />
				<line num="124"  count="0"  type="stmt" />
				<line num="133"  count="1"  type="stmt" />
				<line num="134"  count="0"  type="stmt" />
				<line num="135"  count="0"  type="stmt" />
				<line num="142"  count="1"  type="stmt" />
			</file>
			<file name="badgegroup.js"  path="/home/ubuntu/stories-facets/src/components/badgegroup.js" >
				<metrics statements="42"  coveredstatements="19"  conditionals="14"  coveredconditionals="0"  methods="10"  coveredmethods="3" />
				<line num="17"  count="1"  type="stmt" />
				<line num="18"  count="1"  type="stmt" />
				<line num="28"  count="1"  type="stmt" />
				<line num="29"  count="52"  type="stmt" />
				<line num="30"  count="52"  type="stmt" />
				<line num="31"  count="52"  type="stmt" />
				<line num="32"  count="52"  type="stmt" />
				<line num="34"  count="52"  type="stmt" />
				<line num="43"  count="1"  type="stmt" />
				<line num="45"  count="69"  type="stmt" />
				<line num="56"  count="1"  type="stmt" />
				<line num="57"  count="0"  type="stmt" />
				<line num="58"  count="0"  type="stmt" />
				<line num="59"  count="0"  type="stmt" />
				<line num="62"  count="0"  type="cond"  truecount="0"  falsecount="2" />
				<line num="63"  count="0"  type="cond"  truecount="0"  falsecount="2" />
				<line num="64"  count="0"  type="stmt" />
				<line num="65"  count="0"  type="stmt" />
				<line num="66"  count="0"  type="stmt" />
				<line num="75"  count="1"  type="stmt" />
				<line num="76"  count="0"  type="stmt" />
				<line num="77"  count="0"  type="stmt" />
				<line num="79"  count="0"  type="stmt" />
				<line num="90"  count="1"  type="stmt" />
				<line num="91"  count="0"  type="stmt" />
				<line num="92"  count="0"  type="cond"  truecount="0"  falsecount="2" />
				<line num="93"  count="0"  type="stmt" />
				<line num="94"  count="0"  type="cond"  truecount="0"  falsecount="2" />
				<line num="95"  count="0"  type="stmt" />
				<line num="96"  count="0"  type="stmt" />
				<line num="110"  count="1"  type="stmt" />
				<line num="111"  count="0"  type="stmt" />
				<line num="112"  count="0"  type="cond"  truecount="0"  falsecount="2" />
				<line num="115"  count="0"  type="cond"  truecount="0"  falsecount="4" />
				<line num="116"  count="0"  type="stmt" />
				<line num="118"  count="0"  type="stmt" />
				<line num="128"  count="1"  type="stmt" />
				<line num="129"  count="5"  type="stmt" />
				<line num="130"  count="0"  type="stmt" />
				<line num="132"  count="5"  type="stmt" />
				<line num="133"  count="5"  type="stmt" />
				<line num="140"  count="1"  type="stmt" />
			</file>
			<file name="group.js"  path="/home/ubuntu/stories-facets/src/components/group.js" >
				<metrics statements="405"  coveredstatements="223"  conditionals="139"  coveredconditionals="52"  methods="57"  coveredmethods="38" />
				<line num="17"  count="1"  type="stmt" />
				<line num="18"  count="1"  type="stmt" />
				<line num="19"  count="1"  type="stmt" />
				<line num="20"  count="1"  type="stmt" />
				<line num="21"  count="1"  type="stmt" />
				<line num="22"  count="1"  type="stmt" />
				<line num="23"  count="1"  type="stmt" />
				<line num="25"  count="1"  type="stmt" />
				<line num="26"  count="1"  type="stmt" />
				<line num="27"  count="1"  type="stmt" />
				<line num="28"  count="1"  type="stmt" />
				<line num="41"  count="1"  type="stmt" />
				<line num="42"  count="95"  type="stmt" />
				<line num="43"  count="95"  type="stmt" />
				<line num="44"  count="95"  type="stmt" />
				<line num="45"  count="95"  type="stmt" />
				<line num="46"  count="95"  type="stmt" />
				<line num="47"  count="95"  type="stmt" />
				<line num="48"  count="95"  type="stmt" />
				<line num="50"  count="95"  type="stmt" />
				<line num="51"  count="95"  type="stmt" />
				<line num="52"  count="95"  type="stmt" />
				<line num="53"  count="95"  type="stmt" />
				<line num="54"  count="95"  type="stmt" />
				<line num="55"  count="95"  type="stmt" />
				<line num="56"  count="95"  type="stmt" />
				<line num="57"  count="95"  type="stmt" />
				<line num="58"  count="95"  type="stmt" />
				<line num="59"  count="95"  type="cond"  truecount="2"  falsecount="0" />
				<line num="61"  count="95"  type="stmt" />
				<line num="67"  count="95"  type="cond"  truecount="2"  falsecount="0" />
				<line num="68"  count="95"  type="stmt" />
				<line num="70"  count="95"  type="cond"  truecount="1"  falsecount="1" />
				<line num="71"  count="0"  type="stmt" />
				<line num="73"  count="95"  type="stmt" />
				<line num="79"  count="1"  type="stmt" />
				<line num="80"  count="1"  type="stmt" />
				<line num="89"  count="1"  type="stmt" />
				<line num="91"  count="217"  type="stmt" />
				<line num="103"  count="1"  type="stmt" />
				<line num="105"  count="0"  type="stmt" />
				<line num="116"  count="1"  type="stmt" />
				<line num="118"  count="302"  type="stmt" />
				<line num="129"  count="1"  type="stmt" />
				<line num="131"  count="0"  type="stmt" />
				<line num="142"  count="1"  type="stmt" />
				<line num="144"  count="170"  type="stmt" />
				<line num="154"  count="1"  type="stmt" />
				<line num="156"  count="60"  type="stmt" />
				<line num="160"  count="22"  type="cond"  truecount="1"  falsecount="1" />
				<line num="161"  count="0"  type="stmt" />
				<line num="163"  count="22"  type="stmt" />
				<line num="174"  count="1"  type="stmt" />
				<line num="176"  count="0"  type="stmt" />
				<line num="180"  count="0"  type="cond"  truecount="0"  falsecount="2" />
				<line num="181"  count="0"  type="stmt" />
				<line num="182"  count="0"  type="stmt" />
				<line num="193"  count="1"  type="stmt" />
				<line num="195"  count="145"  type="stmt" />
				<line num="199"  count="125"  type="cond"  truecount="2"  falsecount="0" />
				<line num="200"  count="8"  type="stmt" />
				<line num="201"  count="8"  type="stmt" />
				<line num="211"  count="1"  type="stmt" />
				<line num="212"  count="4"  type="stmt" />
				<line num="213"  count="8"  type="stmt" />
				<line num="222"  count="1"  type="stmt" />
				<line num="223"  count="1"  type="stmt" />
				<line num="224"  count="2"  type="stmt" />
				<line num="234"  count="1"  type="stmt" />
				<line num="235"  count="12"  type="stmt" />
				<line num="236"  count="12"  type="cond"  truecount="1"  falsecount="1" />
				<line num="237"  count="12"  type="stmt" />
				<line num="247"  count="1"  type="stmt" />
				<line num="248"  count="7"  type="cond"  truecount="2"  falsecount="0" />
				<line num="249"  count="5"  type="stmt" />
				<line num="250"  count="5"  type="cond"  truecount="1"  falsecount="1" />
				<line num="251"  count="5"  type="stmt" />
				<line num="254"  count="2"  type="stmt" />
				<line num="255"  count="5"  type="stmt" />
				<line num="267"  count="1"  type="stmt" />
				<line num="268"  count="2"  type="stmt" />
				<line num="271"  count="2"  type="cond"  truecount="1"  falsecount="1" />
				<line num="272"  count="2"  type="stmt" />
				<line num="275"  count="2"  type="stmt" />
				<line num="285"  count="1"  type="stmt" />
				<line num="286"  count="0"  type="stmt" />
				<line num="287"  count="0"  type="cond"  truecount="0"  falsecount="4" />
				<line num="288"  count="0"  type="stmt" />
				<line num="290"  count="0"  type="stmt" />
				<line num="299"  count="1"  type="stmt" />
				<line num="300"  count="6"  type="stmt" />
				<line num="303"  count="6"  type="stmt" />
				<line num="305"  count="6"  type="cond"  truecount="2"  falsecount="0" />
				<line num="306"  count="6"  type="stmt" />
				<line num="309"  count="6"  type="stmt" />
				<line num="311"  count="6"  type="cond"  truecount="1"  falsecount="1" />
				<line num="312"  count="0"  type="stmt" />
				<line num="313"  count="0"  type="stmt" />
				<line num="317"  count="6"  type="stmt" />
				<line num="318"  count="6"  type="cond"  truecount="4"  falsecount="1" />
				<line num="319"  count="6"  type="stmt" />
				<line num="321"  count="6"  type="stmt" />
				<line num="322"  count="6"  type="cond"  truecount="2"  falsecount="0" />
				<line num="323"  count="2"  type="stmt" />
				<line num="324"  count="2"  type="stmt" />
				<line num="326"  count="4"  type="stmt" />
				<line num="327"  count="4"  type="cond"  truecount="1"  falsecount="1" />
				<line num="328"  count="0"  type="stmt" />
				<line num="330"  count="4"  type="stmt" />
				<line num="332"  count="4"  type="stmt" />
				<line num="333"  count="4"  type="stmt" />
				<line num="335"  count="4"  type="stmt" />
				<line num="340"  count="6"  type="stmt" />
				<line num="341"  count="11"  type="stmt" />
				<line num="345"  count="6"  type="cond"  truecount="1"  falsecount="1" />
				<line num="346"  count="0"  type="stmt" />
				<line num="350"  count="6"  type="stmt" />
				<line num="360"  count="1"  type="stmt" />
				<line num="362"  count="0"  type="stmt" />
				<line num="365"  count="0"  type="stmt" />
				<line num="368"  count="0"  type="stmt" />
				<line num="371"  count="0"  type="stmt" />
				<line num="372"  count="0"  type="stmt" />
				<line num="373"  count="0"  type="stmt" />
				<line num="376"  count="0"  type="cond"  truecount="0"  falsecount="2" />
				<line num="379"  count="0"  type="stmt" />
				<line num="382"  count="0"  type="cond"  truecount="0"  falsecount="2" />
				<line num="383"  count="0"  type="stmt" />
				<line num="386"  count="0"  type="cond"  truecount="0"  falsecount="2" />
				<line num="387"  count="0"  type="stmt" />
				<line num="391"  count="0"  type="stmt" />
				<line num="400"  count="1"  type="stmt" />
				<line num="401"  count="0"  type="stmt" />
				<line num="402"  count="0"  type="stmt" />
				<line num="403"  count="0"  type="cond"  truecount="0"  falsecount="2" />
				<line num="404"  count="0"  type="stmt" />
				<line num="406"  count="0"  type="stmt" />
				<line num="407"  count="0"  type="cond"  truecount="0"  falsecount="2" />
				<line num="408"  count="0"  type="stmt" />
				<line num="410"  count="0"  type="stmt" />
				<line num="412"  count="0"  type="stmt" />
				<line num="413"  count="0"  type="cond"  truecount="0"  falsecount="2" />
				<line num="414"  count="0"  type="stmt" />
				<line num="417"  count="0"  type="cond"  truecount="0"  falsecount="2" />
				<line num="418"  count="0"  type="stmt" />
				<line num="420"  count="0"  type="stmt" />
				<line num="421"  count="0"  type="stmt" />
				<line num="426"  count="0"  type="stmt" />
				<line num="436"  count="1"  type="stmt" />
				<line num="437"  count="10"  type="stmt" />
				<line num="438"  count="10"  type="stmt" />
				<line num="439"  count="10"  type="stmt" />
				<line num="440"  count="10"  type="stmt" />
				<line num="449"  count="1"  type="stmt" />
				<line num="451"  count="10"  type="stmt" />
				<line num="453"  count="10"  type="stmt" />
				<line num="457"  count="10"  type="stmt" />
				<line num="474"  count="1"  type="stmt" />
				<line num="475"  count="95"  type="stmt" />
				<line num="479"  count="95"  type="cond"  truecount="1"  falsecount="1" />
				<line num="481"  count="95"  type="stmt" />
				<line num="484"  count="0"  type="stmt" />
				<line num="487"  count="95"  type="stmt" />
				<line num="488"  count="95"  type="stmt" />
				<line num="490"  count="95"  type="stmt" />
				<line num="498"  count="1"  type="stmt" />
				<line num="500"  count="95"  type="cond"  truecount="1"  falsecount="1" />
				<line num="501"  count="0"  type="stmt" />
				<line num="502"  count="0"  type="stmt" />
				<line num="504"  count="95"  type="stmt" />
				<line num="505"  count="95"  type="stmt" />
				<line num="506"  count="160"  type="cond"  truecount="3"  falsecount="1" />
				<line num="507"  count="160"  type="stmt" />
				<line num="513"  count="95"  type="stmt" />
				<line num="514"  count="95"  type="stmt" />
				<line num="515"  count="160"  type="stmt" />
				<line num="516"  count="160"  type="stmt" />
				<line num="517"  count="160"  type="cond"  truecount="1"  falsecount="1" />
				<line num="518"  count="0"  type="stmt" />
				<line num="520"  count="160"  type="stmt" />
				<line num="522"  count="160"  type="stmt" />
				<line num="524"  count="160"  type="stmt" />
				<line num="534"  count="1"  type="stmt" />
				<line num="535"  count="147"  type="stmt" />
				<line num="536"  count="147"  type="stmt" />
				<line num="545"  count="1"  type="stmt" />
				<line num="546"  count="101"  type="stmt" />
				<line num="547"  count="101"  type="stmt" />
				<line num="548"  count="101"  type="stmt" />
				<line num="549"  count="101"  type="stmt" />
				<line num="550"  count="101"  type="stmt" />
				<line num="551"  count="101"  type="stmt" />
				<line num="553"  count="101"  type="stmt" />
				<line num="554"  count="101"  type="stmt" />
				<line num="555"  count="101"  type="stmt" />
				<line num="556"  count="101"  type="stmt" />
				<line num="558"  count="101"  type="stmt" />
				<line num="561"  count="101"  type="stmt" />
				<line num="570"  count="1"  type="stmt" />
				<line num="571"  count="0"  type="stmt" />
				<line num="572"  count="0"  type="stmt" />
				<line num="573"  count="0"  type="stmt" />
				<line num="574"  count="0"  type="stmt" />
				<line num="575"  count="0"  type="stmt" />
				<line num="576"  count="0"  type="stmt" />
				<line num="577"  count="0"  type="stmt" />
				<line num="578"  count="0"  type="stmt" />
				<line num="579"  count="0"  type="stmt" />
				<line num="580"  count="0"  type="stmt" />
				<line num="581"  count="0"  type="stmt" />
				<line num="590"  count="1"  type="stmt" />
				<line num="591"  count="99"  type="stmt" />
				<line num="594"  count="99"  type="stmt" />
				<line num="595"  count="99"  type="stmt" />
				<line num="596"  count="376"  type="cond"  truecount="2"  falsecount="0" />
				<line num="597"  count="91"  type="stmt" />
				<line num="600"  count="285"  type="stmt" />
				<line num="601"  count="285"  type="cond"  truecount="2"  falsecount="0" />
				<line num="602"  count="8"  type="stmt" />
				<line num="603"  count="8"  type="stmt" />
				<line num="606"  count="277"  type="stmt" />
				<line num="609"  count="99"  type="cond"  truecount="2"  falsecount="0" />
				<line num="610"  count="8"  type="stmt" />
				<line num="620"  count="1"  type="stmt" />
				<line num="621"  count="99"  type="cond"  truecount="2"  falsecount="0" />
				<line num="622"  count="1"  type="stmt" />
				<line num="623"  count="1"  type="stmt" />
				<line num="635"  count="1"  type="stmt" />
				<line num="636"  count="105"  type="stmt" />
				<line num="637"  count="217"  type="stmt" />
				<line num="639"  count="105"  type="cond"  truecount="4"  falsecount="0" />
				<line num="640"  count="101"  type="stmt" />
				<line num="642"  count="4"  type="stmt" />
				<line num="654"  count="1"  type="stmt" />
				<line num="655"  count="101"  type="stmt" />
				<line num="658"  count="101"  type="stmt" />
				<line num="659"  count="101"  type="stmt" />
				<line num="661"  count="101"  type="stmt" />
				<line num="673"  count="1"  type="stmt" />
				<line num="674"  count="164"  type="cond"  truecount="1"  falsecount="1" />
				<line num="676"  count="0"  type="stmt" />
				<line num="680"  count="164"  type="cond"  truecount="1"  falsecount="1" />
				<line num="682"  count="0"  type="stmt" />
				<line num="688"  count="164"  type="stmt" />
				<line num="705"  count="1"  type="stmt" />
				<line num="706"  count="8"  type="cond"  truecount="1"  falsecount="1" />
				<line num="707"  count="8"  type="stmt" />
				<line num="708"  count="8"  type="stmt" />
				<line num="711"  count="8"  type="stmt" />
				<line num="712"  count="8"  type="cond"  truecount="2"  falsecount="0" />
				<line num="713"  count="4"  type="stmt" />
				<line num="715"  count="4"  type="stmt" />
				<line num="718"  count="8"  type="stmt" />
				<line num="731"  count="1"  type="stmt" />
				<line num="732"  count="8"  type="stmt" />
				<line num="735"  count="8"  type="cond"  truecount="2"  falsecount="0" />
				<line num="737"  count="4"  type="stmt" />
				<line num="740"  count="4"  type="stmt" />
				<line num="741"  count="4"  type="stmt" />
				<line num="744"  count="4"  type="cond"  truecount="1"  falsecount="1" />
				<line num="745"  count="0"  type="stmt" />
				<line num="749"  count="4"  type="stmt" />
				<line num="752"  count="4"  type="stmt" />
				<line num="753"  count="4"  type="stmt" />
				<line num="756"  count="4"  type="stmt" />
				<line num="770"  count="1"  type="stmt" />
				<line num="771"  count="8"  type="stmt" />
				<line num="772"  count="14"  type="cond"  truecount="1"  falsecount="1" />
				<line num="773"  count="14"  type="stmt" />
				<line num="775"  count="0"  type="stmt" />
				<line num="787"  count="1"  type="stmt" />
				<line num="788"  count="3"  type="stmt" />
				<line num="789"  count="3"  type="stmt" />
				<line num="790"  count="3"  type="stmt" />
				<line num="791"  count="3"  type="cond"  truecount="1"  falsecount="1" />
				<line num="792"  count="3"  type="stmt" />
				<line num="802"  count="1"  type="stmt" />
				<line num="803"  count="0"  type="stmt" />
				<line num="804"  count="0"  type="stmt" />
				<line num="805"  count="0"  type="stmt" />
				<line num="816"  count="1"  type="stmt" />
				<line num="817"  count="0"  type="cond"  truecount="0"  falsecount="2" />
				<line num="818"  count="0"  type="stmt" />
				<line num="819"  count="0"  type="stmt" />
				<line num="820"  count="0"  type="stmt" />
				<line num="821"  count="0"  type="stmt" />
				<line num="822"  count="0"  type="stmt" />
				<line num="823"  count="0"  type="stmt" />
				<line num="824"  count="0"  type="stmt" />
				<line num="825"  count="0"  type="stmt" />
				<line num="827"  count="0"  type="stmt" />
				<line num="838"  count="1"  type="stmt" />
				<line num="839"  count="0"  type="stmt" />
				<line num="840"  count="0"  type="cond"  truecount="0"  falsecount="2" />
				<line num="841"  count="0"  type="stmt" />
				<line num="842"  count="0"  type="stmt" />
				<line num="844"  count="0"  type="stmt" />
				<line num="846"  count="0"  type="stmt" />
				<line num="848"  count="0"  type="stmt" />
				<line num="850"  count="0"  type="stmt" />
				<line num="861"  count="1"  type="stmt" />
				<line num="862"  count="0"  type="cond"  truecount="0"  falsecount="2" />
				<line num="863"  count="0"  type="stmt" />
				<line num="864"  count="0"  type="cond"  truecount="0"  falsecount="2" />
				<line num="865"  count="0"  type="stmt" />
				<line num="868"  count="0"  type="stmt" />
				<line num="870"  count="0"  type="stmt" />
				<line num="873"  count="0"  type="stmt" />
				<line num="883"  count="1"  type="stmt" />
				<line num="884"  count="0"  type="stmt" />
				<line num="885"  count="0"  type="cond"  truecount="0"  falsecount="4" />
				<line num="886"  count="0"  type="stmt" />
				<line num="887"  count="0"  type="stmt" />
				<line num="888"  count="0"  type="stmt" />
				<line num="889"  count="0"  type="stmt" />
				<line num="890"  count="0"  type="stmt" />
				<line num="891"  count="0"  type="stmt" />
				<line num="893"  count="0"  type="stmt" />
				<line num="894"  count="0"  type="stmt" />
				<line num="895"  count="0"  type="stmt" />
				<line num="897"  count="0"  type="stmt" />
				<line num="907"  count="1"  type="stmt" />
				<line num="908"  count="0"  type="cond"  truecount="0"  falsecount="4" />
				<line num="909"  count="0"  type="stmt" />
				<line num="910"  count="0"  type="stmt" />
				<line num="911"  count="0"  type="stmt" />
				<line num="912"  count="0"  type="cond"  truecount="0"  falsecount="2" />
				<line num="913"  count="0"  type="cond"  truecount="0"  falsecount="2" />
				<line num="914"  count="0"  type="stmt" />
				<line num="915"  count="0"  type="stmt" />
				<line num="917"  count="0"  type="stmt" />
				<line num="918"  count="0"  type="stmt" />
				<line num="919"  count="0"  type="cond"  truecount="0"  falsecount="2" />
				<line num="920"  count="0"  type="stmt" />
				<line num="921"  count="0"  type="stmt" />
				<line num="922"  count="0"  type="stmt" />
				<line num="923"  count="0"  type="stmt" />
				<line num="924"  count="0"  type="stmt" />
				<line num="925"  count="0"  type="cond"  truecount="0"  falsecount="2" />
				<line num="926"  count="0"  type="stmt" />
				<line num="927"  count="0"  type="stmt" />
				<line num="928"  count="0"  type="stmt" />
				<line num="930"  count="0"  type="stmt" />
				<line num="932"  count="0"  type="stmt" />
				<line num="945"  count="1"  type="stmt" />
				<line num="946"  count="0"  type="stmt" />
				<line num="947"  count="0"  type="stmt" />
				<line num="948"  count="0"  type="stmt" />
				<line num="949"  count="0"  type="cond"  truecount="0"  falsecount="2" />
				<line num="950"  count="0"  type="stmt" />
				<line num="951"  count="0"  type="stmt" />
				<line num="953"  count="0"  type="stmt" />
				<line num="955"  count="0"  type="stmt" />
				<line num="965"  count="1"  type="stmt" />
				<line num="966"  count="0"  type="stmt" />
				<line num="967"  count="0"  type="cond"  truecount="0"  falsecount="4" />
				<line num="968"  count="0"  type="cond"  truecount="0"  falsecount="2" />
				<line num="969"  count="0"  type="stmt" />
				<line num="971"  count="0"  type="stmt" />
				<line num="983"  count="1"  type="stmt" />
				<line num="984"  count="0"  type="cond"  truecount="0"  falsecount="2" />
				<line num="985"  count="0"  type="stmt" />
				<line num="987"  count="0"  type="stmt" />
				<line num="993"  count="0"  type="stmt" />
				<line num="1004"  count="1"  type="stmt" />
				<line num="1006"  count="0"  type="stmt" />
				<line num="1007"  count="0"  type="stmt" />
				<line num="1008"  count="0"  type="stmt" />
				<line num="1011"  count="0"  type="stmt" />
				<line num="1012"  count="0"  type="cond"  truecount="0"  falsecount="2" />
				<line num="1013"  count="0"  type="stmt" />
				<line num="1014"  count="0"  type="stmt" />
				<line num="1015"  count="0"  type="stmt" />
				<line num="1017"  count="0"  type="stmt" />
				<line num="1018"  count="0"  type="stmt" />
				<line num="1022"  count="0"  type="stmt" />
				<line num="1023"  count="0"  type="stmt" />
				<line num="1024"  count="0"  type="stmt" />
				<line num="1027"  count="0"  type="stmt" />
				<line num="1028"  count="0"  type="stmt" />
				<line num="1031"  count="0"  type="stmt" />
				<line num="1034"  count="0"  type="stmt" />
				<line num="1035"  count="0"  type="stmt" />
				<line num="1037"  count="0"  type="stmt" />
				<line num="1038"  count="0"  type="stmt" />
				<line num="1039"  count="0"  type="stmt" />
				<line num="1040"  count="0"  type="stmt" />
				<line num="1042"  count="0"  type="cond"  truecount="0"  falsecount="8" />
				<line num="1044"  count="0"  type="cond"  truecount="0"  falsecount="2" />
				<line num="1045"  count="0"  type="stmt" />
				<line num="1046"  count="0"  type="cond"  truecount="0"  falsecount="2" />
				<line num="1047"  count="0"  type="stmt" />
				<line num="1048"  count="0"  type="stmt" />
				<line num="1049"  count="0"  type="stmt" />
				<line num="1050"  count="0"  type="stmt" />
				<line num="1052"  count="0"  type="stmt" />
				<line num="1053"  count="0"  type="stmt" />
				<line num="1054"  count="0"  type="stmt" />
				<line num="1055"  count="0"  type="stmt" />
				<line num="1057"  count="0"  type="stmt" />
				<line num="1060"  count="0"  type="stmt" />
				<line num="1062"  count="0"  type="stmt" />
				<line num="1067"  count="0"  type="stmt" />
				<line num="1073"  count="0"  type="stmt" />
				<line num="1080"  count="1"  type="stmt" />
			</file>
			<file name="querygroup.js"  path="/home/ubuntu/stories-facets/src/components/querygroup.js" >
				<metrics statements="102"  coveredstatements="87"  conditionals="34"  coveredconditionals="23"  methods="22"  coveredmethods="20" />
				<line num="17"  count="1"  type="stmt" />
				<line num="18"  count="1"  type="stmt" />
				<line num="19"  count="1"  type="stmt" />
				<line num="20"  count="1"  type="stmt" />
				<line num="21"  count="1"  type="stmt" />
				<line num="22"  count="1"  type="stmt" />
				<line num="23"  count="1"  type="stmt" />
				<line num="25"  count="1"  type="stmt" />
				<line num="26"  count="1"  type="stmt" />
				<line num="36"  count="1"  type="stmt" />
				<line num="38"  count="52"  type="stmt" />
				<line num="40"  count="52"  type="stmt" />
				<line num="42"  count="52"  type="stmt" />
				<line num="44"  count="52"  type="stmt" />
				<line num="47"  count="52"  type="stmt" />
				<line num="48"  count="52"  type="stmt" />
				<line num="49"  count="52"  type="stmt" />
				<line num="50"  count="52"  type="cond"  truecount="4"  falsecount="0" />
				<line num="51"  count="30"  type="stmt" />
				<line num="52"  count="56"  type="stmt" />
				<line num="55"  count="52"  type="stmt" />
				<line num="57"  count="52"  type="stmt" />
				<line num="59"  count="52"  type="cond"  truecount="2"  falsecount="0" />
				<line num="60"  count="22"  type="stmt" />
				<line num="63"  count="52"  type="stmt" />
				<line num="64"  count="52"  type="stmt" />
				<line num="70"  count="1"  type="stmt" />
				<line num="71"  count="1"  type="stmt" />
				<line num="80"  count="1"  type="stmt" />
				<line num="82"  count="1"  type="stmt" />
				<line num="93"  count="1"  type="stmt" />
				<line num="95"  count="0"  type="stmt" />
				<line num="104"  count="1"  type="stmt" />
				<line num="105"  count="1"  type="stmt" />
				<line num="107"  count="2"  type="cond"  truecount="2"  falsecount="0" />
				<line num="108"  count="1"  type="stmt" />
				<line num="118"  count="1"  type="stmt" />
				<line num="119"  count="1"  type="stmt" />
				<line num="120"  count="2"  type="stmt" />
				<line num="129"  count="1"  type="stmt" />
				<line num="130"  count="1"  type="stmt" />
				<line num="131"  count="2"  type="stmt" />
				<line num="142"  count="1"  type="stmt" />
				<line num="143"  count="59"  type="stmt" />
				<line num="144"  count="59"  type="stmt" />
				<line num="146"  count="59"  type="cond"  truecount="1"  falsecount="1" />
				<line num="147"  count="0"  type="stmt" />
				<line num="149"  count="59"  type="cond"  truecount="2"  falsecount="0" />
				<line num="150"  count="55"  type="stmt" />
				<line num="152"  count="59"  type="cond"  truecount="1"  falsecount="1" />
				<line num="153"  count="0"  type="stmt" />
				<line num="155"  count="59"  type="stmt" />
				<line num="158"  count="59"  type="stmt" />
				<line num="160"  count="59"  type="cond"  truecount="1"  falsecount="1" />
				<line num="161"  count="59"  type="stmt" />
				<line num="162"  count="59"  type="stmt" />
				<line num="163"  count="59"  type="stmt" />
				<line num="165"  count="59"  type="stmt" />
				<line num="167"  count="59"  type="cond"  truecount="2"  falsecount="0" />
				<line num="168"  count="3"  type="stmt" />
				<line num="172"  count="59"  type="stmt" />
				<line num="182"  count="1"  type="stmt" />
				<line num="183"  count="0"  type="stmt" />
				<line num="184"  count="0"  type="cond"  truecount="0"  falsecount="2" />
				<line num="185"  count="0"  type="stmt" />
				<line num="186"  count="0"  type="stmt" />
				<line num="187"  count="0"  type="stmt" />
				<line num="188"  count="0"  type="cond"  truecount="0"  falsecount="4" />
				<line num="189"  count="0"  type="stmt" />
				<line num="190"  count="0"  type="stmt" />
				<line num="192"  count="0"  type="stmt" />
				<line num="194"  count="0"  type="stmt" />
				<line num="195"  count="0"  type="cond"  truecount="0"  falsecount="2" />
				<line num="196"  count="0"  type="stmt" />
				<line num="208"  count="1"  type="stmt" />
				<line num="209"  count="5"  type="stmt" />
				<line num="211"  count="10"  type="stmt" />
				<line num="213"  count="5"  type="stmt" />
				<line num="214"  count="5"  type="stmt" />
				<line num="215"  count="5"  type="stmt" />
				<line num="216"  count="5"  type="stmt" />
				<line num="225"  count="1"  type="stmt" />
				<line num="226"  count="55"  type="stmt" />
				<line num="227"  count="65"  type="stmt" />
				<line num="240"  count="1"  type="stmt" />
				<line num="241"  count="32"  type="stmt" />
				<line num="242"  count="66"  type="cond"  truecount="2"  falsecount="0" />
				<line num="244"  count="32"  type="cond"  truecount="4"  falsecount="0" />
				<line num="245"  count="29"  type="stmt" />
				<line num="247"  count="3"  type="stmt" />
				<line num="258"  count="1"  type="stmt" />
				<line num="259"  count="55"  type="stmt" />
				<line num="272"  count="1"  type="stmt" />
				<line num="273"  count="55"  type="cond"  truecount="2"  falsecount="0" />
				<line num="274"  count="55"  type="stmt" />
				<line num="275"  count="55"  type="stmt" />
				<line num="276"  count="55"  type="stmt" />
				<line num="285"  count="1"  type="stmt" />
				<line num="286"  count="52"  type="stmt" />
				<line num="295"  count="1"  type="stmt" />
				<line num="296"  count="163"  type="stmt" />
				<line num="303"  count="1"  type="stmt" />
			</file>
		</package>
		<package name="src.components.facet" >
			<metrics statements="850"  coveredstatements="303"  conditionals="286"  coveredconditionals="66"  methods="153"  coveredmethods="30" />
			<file name="facet.js"  path="/home/ubuntu/stories-facets/src/components/facet/facet.js" >
				<metrics statements="45"  coveredstatements="28"  conditionals="8"  coveredconditionals="0"  methods="16"  coveredmethods="3" />
				<line num="17"  count="1"  type="stmt" />
				<line num="18"  count="1"  type="stmt" />
				<line num="19"  count="1"  type="stmt" />
				<line num="30"  count="1"  type="stmt" />
				<line num="31"  count="223"  type="stmt" />
				<line num="33"  count="223"  type="stmt" />
				<line num="34"  count="223"  type="stmt" />
				<line num="37"  count="223"  type="stmt" />
				<line num="39"  count="223"  type="stmt" />
				<line num="40"  count="223"  type="stmt" />
				<line num="46"  count="1"  type="stmt" />
				<line num="47"  count="1"  type="stmt" />
				<line num="56"  count="1"  type="stmt" />
				<line num="58"  count="0"  type="stmt" />
				<line num="69"  count="1"  type="stmt" />
				<line num="71"  count="0"  type="stmt" />
				<line num="81"  count="1"  type="stmt" />
				<line num="83"  count="0"  type="stmt" />
				<line num="87"  count="0"  type="cond"  truecount="0"  falsecount="4" />
				<line num="88"  count="0"  type="stmt" />
				<line num="91"  count="0"  type="cond"  truecount="0"  falsecount="4" />
				<line num="92"  count="0"  type="stmt" />
				<line num="95"  count="0"  type="stmt" />
				<line num="106"  count="1"  type="stmt" />
				<line num="108"  count="0"  type="stmt" />
				<line num="112"  count="0"  type="stmt" />
				<line num="122"  count="1"  type="stmt" />
				<line num="124"  count="0"  type="stmt" />
				<line num="128"  count="0"  type="stmt" />
				<line num="138"  count="1"  type="stmt" />
				<line num="139"  count="0"  type="stmt" />
				<line num="148"  count="1"  type="stmt" />
				<line num="149"  count="0"  type="stmt" />
				<line num="157"  count="1"  type="stmt" />
				<line num="158"  count="0"  type="stmt" />
				<line num="167"  count="1"  type="stmt" />
				<line num="168"  count="20"  type="stmt" />
				<line num="177"  count="1"  type="stmt" />
				<line num="178"  count="0"  type="stmt" />
				<line num="187"  count="1"  type="stmt" />
				<line num="188"  count="0"  type="stmt" />
				<line num="197"  count="1"  type="stmt" />
				<line num="198"  count="223"  type="stmt" />
				<line num="199"  count="223"  type="stmt" />
				<line num="206"  count="1"  type="stmt" />
			</file>
			<file name="facetHistogram.js"  path="/home/ubuntu/stories-facets/src/components/facet/facetHistogram.js" >
				<metrics statements="87"  coveredstatements="13"  conditionals="16"  coveredconditionals="0"  methods="11"  coveredmethods="0" />
				<line num="17"  count="1"  type="stmt" />
				<line num="27"  count="1"  type="stmt" />
				<line num="28"  count="0"  type="stmt" />
				<line num="29"  count="0"  type="stmt" />
				<line num="30"  count="0"  type="stmt" />
				<line num="31"  count="0"  type="stmt" />
				<line num="32"  count="0"  type="cond"  truecount="0"  falsecount="2" />
				<line num="33"  count="0"  type="cond"  truecount="0"  falsecount="2" />
				<line num="34"  count="0"  type="cond"  truecount="0"  falsecount="2" />
				<line num="35"  count="0"  type="stmt" />
				<line num="36"  count="0"  type="stmt" />
				<line num="38"  count="0"  type="stmt" />
				<line num="48"  count="1"  type="stmt" />
				<line num="50"  count="0"  type="stmt" />
				<line num="61"  count="1"  type="stmt" />
				<line num="63"  count="0"  type="stmt" />
				<line num="74"  count="1"  type="stmt" />
				<line num="76"  count="0"  type="stmt" />
				<line num="87"  count="1"  type="stmt" />
				<line num="89"  count="0"  type="stmt" />
				<line num="100"  count="1"  type="stmt" />
				<line num="101"  count="0"  type="stmt" />
				<line num="102"  count="0"  type="stmt" />
				<line num="104"  count="0"  type="stmt" />
				<line num="105"  count="0"  type="stmt" />
				<line num="106"  count="0"  type="stmt" />
				<line num="107"  count="0"  type="stmt" />
				<line num="108"  count="0"  type="stmt" />
				<line num="110"  count="0"  type="stmt" />
				<line num="111"  count="0"  type="stmt" />
				<line num="112"  count="0"  type="stmt" />
				<line num="114"  count="0"  type="stmt" />
				<line num="115"  count="0"  type="stmt" />
				<line num="116"  count="0"  type="stmt" />
				<line num="117"  count="0"  type="stmt" />
				<line num="119"  count="0"  type="stmt" />
				<line num="120"  count="0"  type="stmt" />
				<line num="121"  count="0"  type="stmt" />
				<line num="122"  count="0"  type="stmt" />
				<line num="123"  count="0"  type="cond"  truecount="0"  falsecount="2" />
				<line num="124"  count="0"  type="stmt" />
				<line num="125"  count="0"  type="cond"  truecount="0"  falsecount="2" />
				<line num="126"  count="0"  type="stmt" />
				<line num="127"  count="0"  type="stmt" />
				<line num="129"  count="0"  type="stmt" />
				<line num="130"  count="0"  type="stmt" />
				<line num="131"  count="0"  type="stmt" />
				<line num="132"  count="0"  type="stmt" />
				<line num="133"  count="0"  type="stmt" />
				<line num="134"  count="0"  type="stmt" />
				<line num="138"  count="0"  type="stmt" />
				<line num="139"  count="0"  type="stmt" />
				<line num="140"  count="0"  type="stmt" />
				<line num="141"  count="0"  type="stmt" />
				<line num="142"  count="0"  type="stmt" />
				<line num="145"  count="0"  type="stmt" />
				<line num="148"  count="0"  type="stmt" />
				<line num="149"  count="0"  type="stmt" />
				<line num="159"  count="1"  type="stmt" />
				<line num="160"  count="0"  type="stmt" />
				<line num="173"  count="1"  type="stmt" />
				<line num="174"  count="0"  type="stmt" />
				<line num="186"  count="1"  type="stmt" />
				<line num="187"  count="0"  type="stmt" />
				<line num="188"  count="0"  type="stmt" />
				<line num="189"  count="0"  type="cond"  truecount="0"  falsecount="2" />
				<line num="199"  count="1"  type="stmt" />
				<line num="200"  count="0"  type="stmt" />
				<line num="201"  count="0"  type="stmt" />
				<line num="202"  count="0"  type="stmt" />
				<line num="204"  count="0"  type="stmt" />
				<line num="205"  count="0"  type="stmt" />
				<line num="206"  count="0"  type="stmt" />
				<line num="207"  count="0"  type="stmt" />
				<line num="208"  count="0"  type="stmt" />
				<line num="209"  count="0"  type="stmt" />
				<line num="210"  count="0"  type="cond"  truecount="0"  falsecount="2" />
				<line num="211"  count="0"  type="stmt" />
				<line num="214"  count="0"  type="stmt" />
				<line num="215"  count="0"  type="cond"  truecount="0"  falsecount="2" />
				<line num="216"  count="0"  type="stmt" />
				<line num="218"  count="0"  type="stmt" />
				<line num="229"  count="1"  type="stmt" />
				<line num="230"  count="0"  type="stmt" />
				<line num="231"  count="0"  type="stmt" />
				<line num="232"  count="0"  type="stmt" />
				<line num="240"  count="1"  type="stmt" />
			</file>
			<file name="facetHistogramBar.js"  path="/home/ubuntu/stories-facets/src/components/facet/facetHistogramBar.js" >
				<metrics statements="114"  coveredstatements="20"  conditionals="20"  coveredconditionals="0"  methods="31"  coveredmethods="0" />
				<line num="17"  count="1"  type="stmt" />
				<line num="18"  count="1"  type="stmt" />
				<line num="31"  count="1"  type="stmt" />
				<line num="32"  count="0"  type="stmt" />
				<line num="33"  count="0"  type="stmt" />
				<line num="35"  count="0"  type="stmt" />
				<line num="36"  count="0"  type="stmt" />
				<line num="37"  count="0"  type="stmt" />
				<line num="39"  count="0"  type="stmt" />
				<line num="41"  count="0"  type="stmt" />
				<line num="42"  count="0"  type="stmt" />
				<line num="43"  count="0"  type="stmt" />
				<line num="45"  count="0"  type="stmt" />
				<line num="46"  count="0"  type="stmt" />
				<line num="47"  count="0"  type="stmt" />
				<line num="49"  count="0"  type="stmt" />
				<line num="51"  count="0"  type="stmt" />
				<line num="52"  count="0"  type="stmt" />
				<line num="53"  count="0"  type="stmt" />
				<line num="54"  count="0"  type="stmt" />
				<line num="55"  count="0"  type="stmt" />
				<line num="57"  count="0"  type="stmt" />
				<line num="58"  count="0"  type="stmt" />
				<line num="59"  count="0"  type="stmt" />
				<line num="68"  count="1"  type="stmt" />
				<line num="70"  count="0"  type="stmt" />
				<line num="74"  count="0"  type="stmt" />
				<line num="75"  count="0"  type="stmt" />
				<line num="76"  count="0"  type="stmt" />
				<line num="86"  count="1"  type="stmt" />
				<line num="88"  count="0"  type="stmt" />
				<line num="92"  count="0"  type="stmt" />
				<line num="93"  count="0"  type="stmt" />
				<line num="94"  count="0"  type="stmt" />
				<line num="104"  count="1"  type="stmt" />
				<line num="106"  count="0"  type="stmt" />
				<line num="110"  count="0"  type="stmt" />
				<line num="111"  count="0"  type="stmt" />
				<line num="112"  count="0"  type="stmt" />
				<line num="122"  count="1"  type="stmt" />
				<line num="124"  count="0"  type="stmt" />
				<line num="128"  count="0"  type="cond"  truecount="0"  falsecount="2" />
				<line num="129"  count="0"  type="stmt" />
				<line num="130"  count="0"  type="stmt" />
				<line num="131"  count="0"  type="stmt" />
				<line num="134"  count="0"  type="stmt" />
				<line num="135"  count="0"  type="stmt" />
				<line num="136"  count="0"  type="stmt" />
				<line num="138"  count="0"  type="stmt" />
				<line num="148"  count="1"  type="stmt" />
				<line num="150"  count="0"  type="stmt" />
				<line num="154"  count="0"  type="cond"  truecount="0"  falsecount="2" />
				<line num="155"  count="0"  type="stmt" />
				<line num="156"  count="0"  type="stmt" />
				<line num="157"  count="0"  type="stmt" />
				<line num="159"  count="0"  type="stmt" />
				<line num="160"  count="0"  type="stmt" />
				<line num="161"  count="0"  type="stmt" />
				<line num="164"  count="0"  type="stmt" />
				<line num="174"  count="1"  type="stmt" />
				<line num="176"  count="0"  type="stmt" />
				<line num="180"  count="0"  type="stmt" />
				<line num="191"  count="1"  type="stmt" />
				<line num="193"  count="0"  type="stmt" />
				<line num="195"  count="0"  type="stmt" />
				<line num="199"  count="0"  type="stmt" />
				<line num="203"  count="0"  type="stmt" />
				<line num="207"  count="0"  type="stmt" />
				<line num="219"  count="1"  type="stmt" />
				<line num="221"  count="0"  type="stmt" />
				<line num="225"  count="0"  type="cond"  truecount="0"  falsecount="2" />
				<line num="230"  count="0"  type="cond"  truecount="0"  falsecount="2" />
				<line num="232"  count="0"  type="stmt" />
				<line num="242"  count="1"  type="stmt" />
				<line num="244"  count="0"  type="stmt" />
				<line num="248"  count="0"  type="cond"  truecount="0"  falsecount="2" />
				<line num="249"  count="0"  type="stmt" />
				<line num="251"  count="0"  type="stmt" />
				<line num="262"  count="1"  type="stmt" />
				<line num="264"  count="0"  type="stmt" />
				<line num="268"  count="0"  type="cond"  truecount="0"  falsecount="2" />
				<line num="269"  count="0"  type="stmt" />
				<line num="271"  count="0"  type="stmt" />
				<line num="282"  count="1"  type="stmt" />
				<line num="284"  count="0"  type="stmt" />
				<line num="288"  count="0"  type="cond"  truecount="0"  falsecount="2" />
				<line num="289"  count="0"  type="stmt" />
				<line num="291"  count="0"  type="stmt" />
				<line num="302"  count="1"  type="stmt" />
				<line num="303"  count="0"  type="stmt" />
				<line num="307"  count="0"  type="stmt" />
				<line num="309"  count="0"  type="stmt" />
				<line num="313"  count="0"  type="stmt" />
				<line num="322"  count="1"  type="stmt" />
				<line num="323"  count="0"  type="stmt" />
				<line num="324"  count="0"  type="stmt" />
				<line num="326"  count="0"  type="stmt" />
				<line num="327"  count="0"  type="stmt" />
				<line num="337"  count="1"  type="stmt" />
				<line num="338"  count="0"  type="stmt" />
				<line num="339"  count="0"  type="stmt" />
				<line num="340"  count="0"  type="cond"  truecount="0"  falsecount="2" />
				<line num="341"  count="0"  type="stmt" />
				<line num="352"  count="1"  type="stmt" />
				<line num="353"  count="0"  type="stmt" />
				<line num="354"  count="0"  type="stmt" />
				<line num="355"  count="0"  type="cond"  truecount="0"  falsecount="2" />
				<line num="356"  count="0"  type="stmt" />
				<line num="367"  count="1"  type="stmt" />
				<line num="368"  count="0"  type="stmt" />
				<line num="369"  count="0"  type="stmt" />
				<line num="370"  count="0"  type="cond"  truecount="0"  falsecount="2" />
				<line num="371"  count="0"  type="stmt" />
				<line num="379"  count="1"  type="stmt" />
			</file>
			<file name="facetHistogramFilter.js"  path="/home/ubuntu/stories-facets/src/components/facet/facetHistogramFilter.js" >
				<metrics statements="138"  coveredstatements="10"  conditionals="48"  coveredconditionals="0"  methods="20"  coveredmethods="0" />
				<line num="26"  count="1"  type="stmt" />
				<line num="27"  count="0"  type="stmt" />
				<line num="28"  count="0"  type="stmt" />
				<line num="29"  count="0"  type="stmt" />
				<line num="30"  count="0"  type="stmt" />
				<line num="31"  count="0"  type="stmt" />
				<line num="33"  count="0"  type="stmt" />
				<line num="34"  count="0"  type="stmt" />
				<line num="35"  count="0"  type="stmt" />
				<line num="37"  count="0"  type="stmt" />
				<line num="38"  count="0"  type="stmt" />
				<line num="39"  count="0"  type="stmt" />
				<line num="41"  count="0"  type="stmt" />
				<line num="42"  count="0"  type="stmt" />
				<line num="43"  count="0"  type="stmt" />
				<line num="45"  count="0"  type="stmt" />
				<line num="50"  count="0"  type="stmt" />
				<line num="55"  count="0"  type="stmt" />
				<line num="60"  count="0"  type="stmt" />
				<line num="62"  count="0"  type="stmt" />
				<line num="63"  count="0"  type="stmt" />
				<line num="65"  count="0"  type="stmt" />
				<line num="74"  count="1"  type="stmt" />
				<line num="76"  count="0"  type="stmt" />
				<line num="80"  count="0"  type="cond"  truecount="0"  falsecount="2" />
				<line num="81"  count="0"  type="stmt" />
				<line num="83"  count="0"  type="stmt" />
				<line num="94"  count="1"  type="stmt" />
				<line num="96"  count="0"  type="stmt" />
				<line num="100"  count="0"  type="stmt" />
				<line num="110"  count="1"  type="stmt" />
				<line num="112"  count="0"  type="stmt" />
				<line num="116"  count="0"  type="stmt" />
				<line num="126"  count="1"  type="stmt" />
				<line num="127"  count="0"  type="stmt" />
				<line num="128"  count="0"  type="stmt" />
				<line num="129"  count="0"  type="cond"  truecount="0"  falsecount="2" />
				<line num="130"  count="0"  type="cond"  truecount="0"  falsecount="2" />
				<line num="131"  count="0"  type="stmt" />
				<line num="133"  count="0"  type="stmt" />
				<line num="134"  count="0"  type="stmt" />
				<line num="139"  count="0"  type="stmt" />
				<line num="140"  count="0"  type="stmt" />
				<line num="141"  count="0"  type="cond"  truecount="0"  falsecount="2" />
				<line num="142"  count="0"  type="cond"  truecount="0"  falsecount="2" />
				<line num="143"  count="0"  type="stmt" />
				<line num="145"  count="0"  type="stmt" />
				<line num="146"  count="0"  type="stmt" />
				<line num="151"  count="0"  type="stmt" />
				<line num="152"  count="0"  type="stmt" />
				<line num="154"  count="0"  type="stmt" />
				<line num="155"  count="0"  type="cond"  truecount="0"  falsecount="4" />
				<line num="156"  count="0"  type="stmt" />
				<line num="157"  count="0"  type="stmt" />
				<line num="162"  count="0"  type="cond"  truecount="0"  falsecount="2" />
				<line num="163"  count="0"  type="stmt" />
				<line num="164"  count="0"  type="stmt" />
				<line num="165"  count="0"  type="stmt" />
				<line num="168"  count="0"  type="cond"  truecount="0"  falsecount="2" />
				<line num="169"  count="0"  type="stmt" />
				<line num="170"  count="0"  type="stmt" />
				<line num="171"  count="0"  type="stmt" />
				<line num="174"  count="0"  type="stmt" />
				<line num="175"  count="0"  type="stmt" />
				<line num="177"  count="0"  type="stmt" />
				<line num="180"  count="0"  type="stmt" />
				<line num="181"  count="0"  type="stmt" />
				<line num="183"  count="0"  type="stmt" />
				<line num="184"  count="0"  type="cond"  truecount="0"  falsecount="4" />
				<line num="185"  count="0"  type="stmt" />
				<line num="190"  count="0"  type="cond"  truecount="0"  falsecount="2" />
				<line num="191"  count="0"  type="cond"  truecount="0"  falsecount="2" />
				<line num="192"  count="0"  type="stmt" />
				<line num="194"  count="0"  type="stmt" />
				<line num="197"  count="0"  type="cond"  truecount="0"  falsecount="2" />
				<line num="198"  count="0"  type="cond"  truecount="0"  falsecount="2" />
				<line num="199"  count="0"  type="stmt" />
				<line num="201"  count="0"  type="stmt" />
				<line num="204"  count="0"  type="stmt" />
				<line num="205"  count="0"  type="stmt" />
				<line num="209"  count="0"  type="stmt" />
				<line num="210"  count="0"  type="stmt" />
				<line num="211"  count="0"  type="stmt" />
				<line num="212"  count="0"  type="stmt" />
				<line num="213"  count="0"  type="stmt" />
				<line num="214"  count="0"  type="stmt" />
				<line num="217"  count="0"  type="stmt" />
				<line num="218"  count="0"  type="stmt" />
				<line num="219"  count="0"  type="stmt" />
				<line num="220"  count="0"  type="stmt" />
				<line num="221"  count="0"  type="stmt" />
				<line num="222"  count="0"  type="stmt" />
				<line num="232"  count="1"  type="stmt" />
				<line num="233"  count="0"  type="stmt" />
				<line num="234"  count="0"  type="stmt" />
				<line num="235"  count="0"  type="stmt" />
				<line num="236"  count="0"  type="stmt" />
				<line num="238"  count="0"  type="cond"  truecount="0"  falsecount="2" />
				<line num="239"  count="0"  type="stmt" />
				<line num="240"  count="0"  type="cond"  truecount="0"  falsecount="2" />
				<line num="241"  count="0"  type="stmt" />
				<line num="244"  count="0"  type="stmt" />
				<line num="251"  count="0"  type="stmt" />
				<line num="252"  count="0"  type="stmt" />
				<line num="253"  count="0"  type="stmt" />
				<line num="254"  count="0"  type="stmt" />
				<line num="256"  count="0"  type="cond"  truecount="0"  falsecount="2" />
				<line num="257"  count="0"  type="stmt" />
				<line num="258"  count="0"  type="cond"  truecount="0"  falsecount="2" />
				<line num="259"  count="0"  type="stmt" />
				<line num="262"  count="0"  type="stmt" />
				<line num="278"  count="1"  type="stmt" />
				<line num="279"  count="0"  type="stmt" />
				<line num="289"  count="1"  type="stmt" />
				<line num="290"  count="0"  type="stmt" />
				<line num="292"  count="0"  type="stmt" />
				<line num="293"  count="0"  type="stmt" />
				<line num="295"  count="0"  type="stmt" />
				<line num="297"  count="0"  type="cond"  truecount="0"  falsecount="2" />
				<line num="298"  count="0"  type="stmt" />
				<line num="310"  count="1"  type="stmt" />
				<line num="311"  count="0"  type="stmt" />
				<line num="312"  count="0"  type="stmt" />
				<line num="313"  count="0"  type="stmt" />
				<line num="314"  count="0"  type="stmt" />
				<line num="316"  count="0"  type="stmt" />
				<line num="318"  count="0"  type="stmt" />
				<line num="319"  count="0"  type="stmt" />
				<line num="321"  count="0"  type="cond"  truecount="0"  falsecount="4" />
				<line num="322"  count="0"  type="stmt" />
				<line num="324"  count="0"  type="stmt" />
				<line num="327"  count="0"  type="cond"  truecount="0"  falsecount="2" />
				<line num="328"  count="0"  type="stmt" />
				<line num="330"  count="0"  type="stmt" />
				<line num="333"  count="0"  type="cond"  truecount="0"  falsecount="2" />
				<line num="334"  count="0"  type="stmt" />
				<line num="336"  count="0"  type="stmt" />
				<line num="344"  count="1"  type="stmt" />
			</file>
			<file name="facetHorizontal.js"  path="/home/ubuntu/stories-facets/src/components/facet/facetHorizontal.js" >
				<metrics statements="156"  coveredstatements="29"  conditionals="57"  coveredconditionals="0"  methods="22"  coveredmethods="0" />
				<line num="17"  count="1"  type="stmt" />
				<line num="18"  count="1"  type="stmt" />
				<line num="19"  count="1"  type="stmt" />
				<line num="20"  count="1"  type="stmt" />
				<line num="21"  count="1"  type="stmt" />
				<line num="23"  count="1"  type="stmt" />
				<line num="24"  count="1"  type="stmt" />
				<line num="35"  count="1"  type="stmt" />
				<line num="36"  count="0"  type="stmt" />
				<line num="38"  count="0"  type="stmt" />
				<line num="39"  count="0"  type="stmt" />
				<line num="41"  count="0"  type="stmt" />
				<line num="42"  count="0"  type="stmt" />
				<line num="43"  count="0"  type="stmt" />
				<line num="46"  count="0"  type="stmt" />
				<line num="52"  count="1"  type="stmt" />
				<line num="53"  count="1"  type="stmt" />
				<line num="62"  count="1"  type="stmt" />
				<line num="64"  count="0"  type="stmt" />
				<line num="75"  count="1"  type="stmt" />
				<line num="77"  count="0"  type="stmt" />
				<line num="88"  count="1"  type="stmt" />
				<line num="90"  count="0"  type="stmt" />
				<line num="94"  count="0"  type="cond"  truecount="0"  falsecount="2" />
				<line num="95"  count="0"  type="cond"  truecount="0"  falsecount="2" />
				<line num="96"  count="0"  type="stmt" />
				<line num="97"  count="0"  type="stmt" />
				<line num="99"  count="0"  type="stmt" />
				<line num="100"  count="0"  type="stmt" />
				<line num="112"  count="1"  type="stmt" />
				<line num="114"  count="0"  type="stmt" />
				<line num="118"  count="0"  type="cond"  truecount="0"  falsecount="2" />
				<line num="119"  count="0"  type="cond"  truecount="0"  falsecount="2" />
				<line num="120"  count="0"  type="stmt" />
				<line num="121"  count="0"  type="stmt" />
				<line num="123"  count="0"  type="stmt" />
				<line num="124"  count="0"  type="stmt" />
				<line num="137"  count="1"  type="stmt" />
				<line num="139"  count="0"  type="stmt" />
				<line num="140"  count="0"  type="stmt" />
				<line num="141"  count="0"  type="stmt" />
				<line num="142"  count="0"  type="stmt" />
				<line num="144"  count="0"  type="stmt" />
				<line num="169"  count="1"  type="stmt" />
				<line num="170"  count="0"  type="cond"  truecount="0"  falsecount="4" />
				<line num="171"  count="0"  type="stmt" />
				<line num="173"  count="0"  type="cond"  truecount="0"  falsecount="2" />
				<line num="174"  count="0"  type="stmt" />
				<line num="175"  count="0"  type="stmt" />
				<line num="177"  count="0"  type="cond"  truecount="0"  falsecount="3" />
				<line num="178"  count="0"  type="cond"  truecount="0"  falsecount="3" />
				<line num="180"  count="0"  type="stmt" />
				<line num="181"  count="0"  type="cond"  truecount="0"  falsecount="3" />
				<line num="182"  count="0"  type="stmt" />
				<line num="184"  count="0"  type="stmt" />
				<line num="185"  count="0"  type="stmt" />
				<line num="187"  count="0"  type="cond"  truecount="0"  falsecount="4" />
				<line num="188"  count="0"  type="stmt" />
				<line num="189"  count="0"  type="stmt" />
				<line num="192"  count="0"  type="cond"  truecount="0"  falsecount="4" />
				<line num="193"  count="0"  type="stmt" />
				<line num="194"  count="0"  type="stmt" />
				<line num="199"  count="0"  type="cond"  truecount="0"  falsecount="4" />
				<line num="200"  count="0"  type="stmt" />
				<line num="203"  count="0"  type="stmt" />
				<line num="206"  count="0"  type="stmt" />
				<line num="207"  count="0"  type="cond"  truecount="0"  falsecount="2" />
				<line num="208"  count="0"  type="stmt" />
				<line num="218"  count="1"  type="stmt" />
				<line num="219"  count="0"  type="stmt" />
				<line num="220"  count="0"  type="stmt" />
				<line num="230"  count="1"  type="stmt" />
				<line num="231"  count="0"  type="stmt" />
				<line num="232"  count="0"  type="stmt" />
				<line num="233"  count="0"  type="stmt" />
				<line num="234"  count="0"  type="stmt" />
				<line num="239"  count="0"  type="stmt" />
				<line num="250"  count="1"  type="stmt" />
				<line num="251"  count="0"  type="stmt" />
				<line num="255"  count="0"  type="stmt" />
				<line num="256"  count="0"  type="stmt" />
				<line num="258"  count="0"  type="stmt" />
				<line num="259"  count="0"  type="stmt" />
				<line num="260"  count="0"  type="stmt" />
				<line num="261"  count="0"  type="stmt" />
				<line num="262"  count="0"  type="stmt" />
				<line num="266"  count="0"  type="stmt" />
				<line num="269"  count="0"  type="stmt" />
				<line num="272"  count="0"  type="stmt" />
				<line num="281"  count="1"  type="stmt" />
				<line num="282"  count="0"  type="stmt" />
				<line num="283"  count="0"  type="stmt" />
				<line num="284"  count="0"  type="stmt" />
				<line num="285"  count="0"  type="stmt" />
				<line num="286"  count="0"  type="stmt" />
				<line num="287"  count="0"  type="stmt" />
				<line num="288"  count="0"  type="stmt" />
				<line num="297"  count="1"  type="stmt" />
				<line num="298"  count="0"  type="cond"  truecount="0"  falsecount="2" />
				<line num="299"  count="0"  type="stmt" />
				<line num="300"  count="0"  type="stmt" />
				<line num="301"  count="0"  type="stmt" />
				<line num="303"  count="0"  type="stmt" />
				<line num="305"  count="0"  type="stmt" />
				<line num="315"  count="1"  type="stmt" />
				<line num="316"  count="0"  type="stmt" />
				<line num="317"  count="0"  type="stmt" />
				<line num="318"  count="0"  type="stmt" />
				<line num="319"  count="0"  type="stmt" />
				<line num="329"  count="1"  type="stmt" />
				<line num="330"  count="0"  type="stmt" />
				<line num="331"  count="0"  type="stmt" />
				<line num="332"  count="0"  type="stmt" />
				<line num="334"  count="0"  type="stmt" />
				<line num="335"  count="0"  type="stmt" />
				<line num="336"  count="0"  type="stmt" />
				<line num="338"  count="0"  type="stmt" />
				<line num="341"  count="0"  type="stmt" />
				<line num="342"  count="0"  type="stmt" />
				<line num="343"  count="0"  type="stmt" />
				<line num="346"  count="0"  type="stmt" />
				<line num="347"  count="0"  type="stmt" />
				<line num="348"  count="0"  type="stmt" />
				<line num="358"  count="1"  type="stmt" />
				<line num="359"  count="0"  type="cond"  truecount="0"  falsecount="2" />
				<line num="360"  count="0"  type="stmt" />
				<line num="361"  count="0"  type="stmt" />
				<line num="362"  count="0"  type="stmt" />
				<line num="363"  count="0"  type="stmt" />
				<line num="364"  count="0"  type="stmt" />
				<line num="365"  count="0"  type="stmt" />
				<line num="368"  count="0"  type="stmt" />
				<line num="378"  count="1"  type="stmt" />
				<line num="379"  count="0"  type="stmt" />
				<line num="380"  count="0"  type="stmt" />
				<line num="381"  count="0"  type="stmt" />
				<line num="382"  count="0"  type="stmt" />
				<line num="383"  count="0"  type="stmt" />
				<line num="384"  count="0"  type="stmt" />
				<line num="387"  count="0"  type="stmt" />
				<line num="399"  count="1"  type="stmt" />
				<line num="400"  count="0"  type="stmt" />
				<line num="410"  count="1"  type="stmt" />
				<line num="411"  count="0"  type="cond"  truecount="0"  falsecount="2" />
				<line num="412"  count="0"  type="stmt" />
				<line num="421"  count="1"  type="stmt" />
				<line num="422"  count="0"  type="stmt" />
				<line num="423"  count="0"  type="cond"  truecount="0"  falsecount="4" />
				<line num="424"  count="0"  type="cond"  truecount="0"  falsecount="2" />
				<line num="425"  count="0"  type="stmt" />
				<line num="427"  count="0"  type="stmt" />
				<line num="429"  count="0"  type="cond"  truecount="0"  falsecount="4" />
				<line num="430"  count="0"  type="cond"  truecount="0"  falsecount="2" />
				<line num="431"  count="0"  type="stmt" />
				<line num="433"  count="0"  type="stmt" />
				<line num="442"  count="1"  type="stmt" />
			</file>
			<file name="facetPlaceholder.js"  path="/home/ubuntu/stories-facets/src/components/facet/facetPlaceholder.js" >
				<metrics statements="59"  coveredstatements="24"  conditionals="10"  coveredconditionals="0"  methods="17"  coveredmethods="0" />
				<line num="17"  count="1"  type="stmt" />
				<line num="18"  count="1"  type="stmt" />
				<line num="19"  count="1"  type="stmt" />
				<line num="20"  count="1"  type="stmt" />
				<line num="22"  count="1"  type="stmt" />
				<line num="23"  count="1"  type="stmt" />
				<line num="34"  count="1"  type="stmt" />
				<line num="35"  count="0"  type="stmt" />
				<line num="36"  count="0"  type="stmt" />
				<line num="37"  count="0"  type="stmt" />
				<line num="38"  count="0"  type="stmt" />
				<line num="39"  count="0"  type="stmt" />
				<line num="45"  count="1"  type="stmt" />
				<line num="46"  count="1"  type="stmt" />
				<line num="55"  count="1"  type="stmt" />
				<line num="57"  count="0"  type="stmt" />
				<line num="68"  count="1"  type="stmt" />
				<line num="70"  count="0"  type="stmt" />
				<line num="81"  count="1"  type="stmt" />
				<line num="83"  count="0"  type="stmt" />
				<line num="87"  count="0"  type="cond"  truecount="0"  falsecount="2" />
				<line num="88"  count="0"  type="cond"  truecount="0"  falsecount="2" />
				<line num="89"  count="0"  type="stmt" />
				<line num="90"  count="0"  type="stmt" />
				<line num="92"  count="0"  type="stmt" />
				<line num="93"  count="0"  type="stmt" />
				<line num="105"  count="1"  type="stmt" />
				<line num="107"  count="0"  type="stmt" />
				<line num="111"  count="0"  type="cond"  truecount="0"  falsecount="2" />
				<line num="112"  count="0"  type="cond"  truecount="0"  falsecount="2" />
				<line num="113"  count="0"  type="stmt" />
				<line num="114"  count="0"  type="stmt" />
				<line num="116"  count="0"  type="stmt" />
				<line num="117"  count="0"  type="stmt" />
				<line num="129"  count="1"  type="stmt" />
				<line num="137"  count="1"  type="stmt" />
				<line num="146"  count="1"  type="stmt" />
				<line num="155"  count="1"  type="stmt" />
				<line num="156"  count="0"  type="stmt" />
				<line num="157"  count="0"  type="stmt" />
				<line num="158"  count="0"  type="stmt" />
				<line num="159"  count="0"  type="stmt" />
				<line num="169"  count="1"  type="stmt" />
				<line num="170"  count="0"  type="stmt" />
				<line num="171"  count="0"  type="stmt" />
				<line num="180"  count="1"  type="stmt" />
				<line num="181"  count="0"  type="cond"  truecount="0"  falsecount="2" />
				<line num="182"  count="0"  type="stmt" />
				<line num="186"  count="0"  type="stmt" />
				<line num="196"  count="1"  type="stmt" />
				<line num="197"  count="0"  type="stmt" />
				<line num="198"  count="0"  type="stmt" />
				<line num="207"  count="1"  type="stmt" />
				<line num="208"  count="0"  type="stmt" />
				<line num="217"  count="1"  type="stmt" />
				<line num="218"  count="0"  type="stmt" />
				<line num="227"  count="1"  type="stmt" />
				<line num="228"  count="0"  type="stmt" />
				<line num="235"  count="1"  type="stmt" />
			</file>
[...]
				<line num="342"  count="223"  type="stmt" />
				<line num="343"  count="223"  type="stmt" />
				<line num="345"  count="223"  type="stmt" />
				<line num="346"  count="223"  type="stmt" />
				<line num="347"  count="223"  type="stmt" />
				<line num="348"  count="223"  type="cond"  truecount="2"  falsecount="0" />
				<line num="349"  count="214"  type="stmt" />
				<line num="352"  count="223"  type="stmt" />
				<line num="355"  count="223"  type="stmt" />
				<line num="356"  count="223"  type="stmt" />
				<line num="357"  count="223"  type="stmt" />
				<line num="360"  count="223"  type="stmt" />
				<line num="361"  count="223"  type="stmt" />
				<line num="362"  count="3137"  type="stmt" />
				<line num="372"  count="1"  type="stmt" />
				<line num="373"  count="293"  type="cond"  truecount="2"  falsecount="0" />
				<line num="374"  count="230"  type="stmt" />
				<line num="378"  count="230"  type="stmt" />
				<line num="379"  count="230"  type="stmt" />
				<line num="380"  count="230"  type="stmt" />
				<line num="381"  count="230"  type="stmt" />
				<line num="391"  count="1"  type="stmt" />
				<line num="392"  count="250"  type="stmt" />
				<line num="393"  count="250"  type="stmt" />
				<line num="394"  count="250"  type="stmt" />
				<line num="395"  count="250"  type="stmt" />
				<line num="408"  count="1"  type="stmt" />
				<line num="409"  count="0"  type="stmt" />
				<line num="410"  count="0"  type="stmt" />
				<line num="411"  count="0"  type="stmt" />
				<line num="412"  count="0"  type="stmt" />
				<line num="413"  count="0"  type="stmt" />
				<line num="414"  count="0"  type="stmt" />
				<line num="415"  count="0"  type="stmt" />
				<line num="416"  count="0"  type="cond"  truecount="0"  falsecount="2" />
				<line num="417"  count="0"  type="stmt" />
				<line num="419"  count="0"  type="stmt" />
				<line num="421"  count="0"  type="stmt" />
				<line num="422"  count="0"  type="stmt" />
				<line num="423"  count="0"  type="stmt" />
				<line num="432"  count="1"  type="stmt" />
				<line num="433"  count="319"  type="cond"  truecount="2"  falsecount="2" />
				<line num="435"  count="0"  type="stmt" />
				<line num="436"  count="0"  type="stmt" />
				<line num="437"  count="0"  type="stmt" />
				<line num="439"  count="0"  type="stmt" />
				<line num="440"  count="0"  type="stmt" />
				<line num="443"  count="0"  type="stmt" />
				<line num="444"  count="0"  type="stmt" />
				<line num="445"  count="0"  type="cond"  truecount="0"  falsecount="2" />
				<line num="447"  count="0"  type="stmt" />
				<line num="448"  count="0"  type="stmt" />
				<line num="451"  count="0"  type="cond"  truecount="0"  falsecount="4" />
				<line num="452"  count="0"  type="stmt" />
				<line num="453"  count="0"  type="stmt" />
				<line num="455"  count="0"  type="stmt" />
				<line num="456"  count="0"  type="stmt" />
				<line num="458"  count="0"  type="cond"  truecount="0"  falsecount="5" />
				<line num="459"  count="0"  type="stmt" />
				<line num="463"  count="0"  type="cond"  truecount="0"  falsecount="4" />
				<line num="464"  count="0"  type="stmt" />
				<line num="476"  count="1"  type="stmt" />
				<line num="477"  count="96"  type="stmt" />
				<line num="478"  count="96"  type="cond"  truecount="2"  falsecount="0" />
				<line num="479"  count="96"  type="cond"  truecount="3"  falsecount="0" />
				<line num="480"  count="96"  type="cond"  truecount="2"  falsecount="0" />
				<line num="481"  count="96"  type="cond"  truecount="2"  falsecount="0" />
				<line num="482"  count="96"  type="stmt" />
				<line num="483"  count="96"  type="cond"  truecount="3"  falsecount="0" />
				<line num="484"  count="96"  type="cond"  truecount="4"  falsecount="0" />
				<line num="487"  count="96"  type="stmt" />
				<line num="488"  count="96"  type="stmt" />
				<line num="489"  count="96"  type="stmt" />
				<line num="490"  count="96"  type="cond"  truecount="4"  falsecount="0" />
				<line num="493"  count="96"  type="stmt" />
				<line num="496"  count="96"  type="cond"  truecount="2"  falsecount="0" />
				<line num="497"  count="14"  type="cond"  truecount="1"  falsecount="1" />
				<line num="498"  count="14"  type="stmt" />
				<line num="499"  count="14"  type="cond"  truecount="4"  falsecount="0" />
				<line num="500"  count="5"  type="stmt" />
				<line num="503"  count="14"  type="stmt" />
				<line num="505"  count="82"  type="cond"  truecount="4"  falsecount="0" />
				<line num="506"  count="74"  type="stmt" />
				<line num="508"  count="82"  type="stmt" />
				<line num="509"  count="82"  type="stmt" />
				<line num="513"  count="96"  type="stmt" />
				<line num="514"  count="0"  type="cond"  truecount="0"  falsecount="2" />
				<line num="515"  count="0"  type="cond"  truecount="0"  falsecount="2" />
				<line num="516"  count="0"  type="stmt" />
				<line num="517"  count="0"  type="stmt" />
				<line num="524"  count="96"  type="cond"  truecount="2"  falsecount="0" />
				<line num="525"  count="78"  type="stmt" />
				<line num="529"  count="96"  type="cond"  truecount="2"  falsecount="0" />
				<line num="530"  count="78"  type="stmt" />
				<line num="534"  count="96"  type="stmt" />
				<line num="535"  count="96"  type="stmt" />
				<line num="538"  count="96"  type="stmt" />
				<line num="539"  count="96"  type="stmt" />
				<line num="540"  count="96"  type="cond"  truecount="1"  falsecount="1" />
				<line num="541"  count="96"  type="stmt" />
				<line num="545"  count="96"  type="stmt" />
				<line num="554"  count="1"  type="stmt" />
				<line num="555"  count="8"  type="stmt" />
				<line num="564"  count="1"  type="stmt" />
				<line num="565"  count="2"  type="stmt" />
				<line num="566"  count="2"  type="stmt" />
				<line num="575"  count="1"  type="stmt" />
				<line num="576"  count="0"  type="stmt" />
				<line num="577"  count="0"  type="stmt" />
				<line num="586"  count="1"  type="stmt" />
				<line num="587"  count="0"  type="stmt" />
				<line num="588"  count="0"  type="stmt" />
				<line num="597"  count="1"  type="stmt" />
				<line num="598"  count="4"  type="stmt" />
				<line num="607"  count="1"  type="stmt" />
				<line num="608"  count="4"  type="stmt" />
				<line num="617"  count="1"  type="stmt" />
				<line num="618"  count="0"  type="stmt" />
				<line num="619"  count="0"  type="stmt" />
				<line num="620"  count="0"  type="cond"  truecount="0"  falsecount="4" />
				<line num="621"  count="0"  type="cond"  truecount="0"  falsecount="2" />
				<line num="622"  count="0"  type="stmt" />
				<line num="624"  count="0"  type="stmt" />
				<line num="626"  count="0"  type="cond"  truecount="0"  falsecount="4" />
				<line num="627"  count="0"  type="cond"  truecount="0"  falsecount="2" />
				<line num="628"  count="0"  type="stmt" />
				<line num="630"  count="0"  type="stmt" />
				<line num="632"  count="0"  type="cond"  truecount="0"  falsecount="4" />
				<line num="633"  count="0"  type="stmt" />
				<line num="634"  count="0"  type="cond"  truecount="0"  falsecount="4" />
				<line num="635"  count="0"  type="cond"  truecount="0"  falsecount="4" />
				<line num="636"  count="0"  type="stmt" />
				<line num="637"  count="0"  type="stmt" />
				<line num="638"  count="0"  type="cond"  truecount="0"  falsecount="4" />
				<line num="639"  count="0"  type="stmt" />
				<line num="640"  count="0"  type="stmt" />
				<line num="649"  count="1"  type="stmt" />
			</file>
		</package>
		<package name="src.templates" >
			<metrics statements="121"  coveredstatements="70"  conditionals="471"  coveredconditionals="105"  methods="61"  coveredmethods="31" />
			<file name="badge.js"  path="/home/ubuntu/stories-facets/src/templates/badge.js" >
				<metrics statements="3"  coveredstatements="1"  conditionals="10"  coveredconditionals="0"  methods="1"  coveredmethods="0" />
				<line num="1"  count="1"  type="stmt" />
				<line num="2"  count="0"  type="stmt" />
				<line num="4"  count="0"  type="stmt" />
			</file>
			<file name="badgegroup.js"  path="/home/ubuntu/stories-facets/src/templates/badgegroup.js" >
				<metrics statements="7"  coveredstatements="3"  conditionals="18"  coveredconditionals="2"  methods="3"  coveredmethods="1" />
				<line num="1"  count="1"  type="stmt" />
				<line num="2"  count="0"  type="stmt" />
				<line num="4"  count="0"  type="stmt" />
				<line num="8"  count="0"  type="stmt" />
				<line num="10"  count="0"  type="stmt" />
				<line num="14"  count="52"  type="stmt" />
				<line num="16"  count="52"  type="cond"  truecount="2"  falsecount="2" />
			</file>
			<file name="facetHorizontal.js"  path="/home/ubuntu/stories-facets/src/templates/facetHorizontal.js" >
				<metrics statements="4"  coveredstatements="1"  conditionals="44"  coveredconditionals="0"  methods="2"  coveredmethods="0" />
				<line num="1"  count="1"  type="stmt" />
				<line num="2"  count="0"  type="stmt" />
				<line num="4"  count="0"  type="stmt" />
				<line num="6"  count="0"  type="stmt" />
			</file>
			<file name="facetPlaceholder.js"  path="/home/ubuntu/stories-facets/src/templates/facetPlaceholder.js" >
				<metrics statements="4"  coveredstatements="1"  conditionals="22"  coveredconditionals="0"  methods="2"  coveredmethods="0" />
				<line num="1"  count="1"  type="stmt" />
				<line num="2"  count="0"  type="stmt" />
				<line num="4"  count="0"  type="stmt" />
				<line num="6"  count="0"  type="stmt" />
			</file>
			<file name="facetVertical.js"  path="/home/ubuntu/stories-facets/src/templates/facetVertical.js" >
				<metrics statements="22"  coveredstatements="16"  conditionals="92"  coveredconditionals="39"  methods="11"  coveredmethods="8" />
				<line num="1"  count="1"  type="stmt" />
				<line num="2"  count="63"  type="stmt" />
				<line num="4"  count="0"  type="stmt" />
				<line num="6"  count="0"  type="stmt" />
				<line num="10"  count="223"  type="stmt" />
				<line num="12"  count="223"  type="stmt" />
				<line num="16"  count="0"  type="stmt" />
				<line num="18"  count="0"  type="stmt" />
				<line num="22"  count="223"  type="stmt" />
				<line num="24"  count="223"  type="stmt" />
				<line num="28"  count="164"  type="stmt" />
				<line num="30"  count="164"  type="stmt" />
				<line num="34"  count="24"  type="stmt" />
				<line num="36"  count="24"  type="stmt" />
				<line num="40"  count="199"  type="stmt" />
				<line num="42"  count="199"  type="cond"  truecount="2"  falsecount="2" />
				<line num="44"  count="0"  type="stmt" />
				<line num="46"  count="0"  type="stmt" />
				<line num="50"  count="199"  type="stmt" />
				<line num="52"  count="199"  type="stmt" />
				<line num="56"  count="223"  type="stmt" />
				<line num="58"  count="223"  type="stmt" />
			</file>
			<file name="facetVertical_bar.js"  path="/home/ubuntu/stories-facets/src/templates/facetVertical_bar.js" >
				<metrics statements="27"  coveredstatements="10"  conditionals="140"  coveredconditionals="22"  methods="15"  coveredmethods="5" />
				<line num="1"  count="1"  type="stmt" />
				<line num="2"  count="0"  type="stmt" />
				<line num="4"  count="0"  type="stmt" />
				<line num="16"  count="0"  type="stmt" />
				<line num="18"  count="0"  type="stmt" />
				<line num="20"  count="0"  type="stmt" />
				<line num="22"  count="0"  type="cond"  truecount="0"  falsecount="10" />
				<line num="24"  count="0"  type="cond"  truecount="0"  falsecount="8" />
				<line num="26"  count="0"  type="stmt" />
				<line num="28"  count="0"  type="stmt" />
				<line num="32"  count="0"  type="stmt" />
				<line num="34"  count="0"  type="cond"  truecount="0"  falsecount="4" />
				<line num="36"  count="0"  type="stmt" />
				<line num="38"  count="0"  type="stmt" />
				<line num="44"  count="223"  type="stmt" />
				<line num="46"  count="223"  type="cond"  truecount="2"  falsecount="2" />
				<line num="48"  count="0"  type="stmt" />
				<line num="50"  count="0"  type="stmt" />
				<line num="56"  count="0"  type="stmt" />
				<line num="58"  count="0"  type="stmt" />
				<line num="64"  count="223"  type="stmt" />
				<line num="66"  count="223"  type="cond"  truecount="4"  falsecount="2" />
				<line num="68"  count="158"  type="stmt" />
				<line num="70"  count="158"  type="stmt" />
				<line num="76"  count="65"  type="stmt" />
				<line num="80"  count="223"  type="stmt" />
				<line num="82"  count="223"  type="stmt" />
			</file>
			<file name="facetVertical_icon.js"  path="/home/ubuntu/stories-facets/src/templates/facetVertical_icon.js" >
				<metrics statements="7"  coveredstatements="7"  conditionals="18"  coveredconditionals="9"  methods="3"  coveredmethods="3" />
				<line num="1"  count="1"  type="stmt" />
				<line num="2"  count="247"  type="stmt" />
				<line num="4"  count="247"  type="stmt" />
				<line num="10"  count="246"  type="stmt" />
				<line num="12"  count="246"  type="stmt" />
				<line num="16"  count="319"  type="stmt" />
				<line num="18"  count="319"  type="cond"  truecount="2"  falsecount="2" />
			</file>
			<file name="facetVertical_links.js"  path="/home/ubuntu/stories-facets/src/templates/facetVertical_links.js" >
				<metrics statements="5"  coveredstatements="5"  conditionals="12"  coveredconditionals="7"  methods="2"  coveredmethods="2" />
				<line num="1"  count="1"  type="stmt" />
				<line num="2"  count="1"  type="stmt" />
				<line num="4"  count="1"  type="stmt" />
				<line num="8"  count="260"  type="stmt" />
				<line num="10"  count="260"  type="cond"  truecount="2"  falsecount="2" />
			</file>
			<file name="facetVertical_queryClose.js"  path="/home/ubuntu/stories-facets/src/templates/facetVertical_queryClose.js" >
				<metrics statements="4"  coveredstatements="4"  conditionals="4"  coveredconditionals="2"  methods="2"  coveredmethods="2" />
				<line num="1"  count="1"  type="stmt" />
				<line num="2"  count="59"  type="stmt" />
				<line num="4"  count="223"  type="stmt" />
				<line num="6"  count="223"  type="cond"  truecount="2"  falsecount="2" />
			</file>
			<file name="facetVertical_search.js"  path="/home/ubuntu/stories-facets/src/templates/facetVertical_search.js" >
				<metrics statements="4"  coveredstatements="4"  conditionals="4"  coveredconditionals="2"  methods="2"  coveredmethods="2" />
				<line num="1"  count="1"  type="stmt" />
				<line num="2"  count="9"  type="stmt" />
				<line num="4"  count="319"  type="stmt" />
				<line num="6"  count="319"  type="cond"  truecount="2"  falsecount="2" />
			</file>
			<file name="facetVertical_sparkline.js"  path="/home/ubuntu/stories-facets/src/templates/facetVertical_sparkline.js" >
				<metrics statements="2"  coveredstatements="1"  conditionals="0"  coveredconditionals="0"  methods="1"  coveredmethods="0" />
				<line num="1"  count="1"  type="stmt" />
				<line num="2"  count="0"  type="stmt" />
			</file>
			<file name="group-more.js"  path="/home/ubuntu/stories-facets/src/templates/group-more.js" >
				<metrics statements="25"  coveredstatements="10"  conditionals="97"  coveredconditionals="16"  methods="14"  coveredmethods="5" />
				<line num="1"  count="1"  type="stmt" />
				<line num="2"  count="101"  type="stmt" />
				<line num="4"  count="15"  type="stmt" />
				<line num="6"  count="15"  type="cond"  truecount="3"  falsecount="5" />
				<line num="8"  count="15"  type="stmt" />
				<line num="10"  count="15"  type="cond"  truecount="3"  falsecount="5" />
				<line num="12"  count="15"  type="stmt" />
				<line num="14"  count="15"  type="stmt" />
				<line num="18"  count="0"  type="stmt" />
				<line num="20"  count="0"  type="stmt" />
				<line num="24"  count="0"  type="stmt" />
				<line num="26"  count="0"  type="stmt" />
				<line num="30"  count="0"  type="stmt" />
				<line num="32"  count="0"  type="cond"  truecount="0"  falsecount="6" />
				<line num="34"  count="0"  type="stmt" />
				<line num="36"  count="0"  type="stmt" />
				<line num="45"  count="0"  type="stmt" />
				<line num="47"  count="0"  type="stmt" />
				<line num="49"  count="0"  type="cond"  truecount="0"  falsecount="8" />
				<line num="51"  count="0"  type="stmt" />
				<line num="55"  count="0"  type="stmt" />
				<line num="57"  count="0"  type="cond"  truecount="0"  falsecount="8" />
				<line num="59"  count="0"  type="stmt" />
				<line num="61"  count="101"  type="stmt" />
				<line num="63"  count="101"  type="stmt" />
			</file>
			<file name="group.js"  path="/home/ubuntu/stories-facets/src/templates/group.js" >
				<metrics statements="3"  coveredstatements="3"  conditionals="10"  coveredconditionals="6"  methods="1"  coveredmethods="1" />
				<line num="1"  count="1"  type="stmt" />
				<line num="2"  count="95"  type="stmt" />
				<line num="4"  count="95"  type="stmt" />
			</file>
			<file name="main.js"  path="/home/ubuntu/stories-facets/src/templates/main.js" >
				<metrics statements="2"  coveredstatements="2"  conditionals="0"  coveredconditionals="0"  methods="1"  coveredmethods="1" />
				<line num="1"  count="1"  type="stmt" />
				<line num="2"  count="50"  type="stmt" />
			</file>
			<file name="querygroup.js"  path="/home/ubuntu/stories-facets/src/templates/querygroup.js" >
				<metrics statements="2"  coveredstatements="2"  conditionals="0"  coveredconditionals="0"  methods="1"  coveredmethods="1" />
				<line num="1"  count="1"  type="stmt" />
				<line num="2"  count="52"  type="stmt" />
			</file>
		</package>
		<package name="src.util" >
			<metrics statements="34"  coveredstatements="33"  conditionals="14"  coveredconditionals="11"  methods="6"  coveredmethods="6" />
			<file name="color.js"  path="/home/ubuntu/stories-facets/src/util/color.js" >
				<metrics statements="22"  coveredstatements="21"  conditionals="12"  coveredconditionals="10"  methods="3"  coveredmethods="3" />
				<line num="16"  count="1"  type="stmt" />
				<line num="18"  count="1"  type="stmt" />
				<line num="19"  count="110"  type="cond"  truecount="2"  falsecount="0" />
				<line num="20"  count="110"  type="cond"  truecount="2"  falsecount="0" />
				<line num="21"  count="110"  type="cond"  truecount="2"  falsecount="0" />
				<line num="24"  count="1"  type="stmt" />
				<line num="26"  count="110"  type="cond"  truecount="2"  falsecount="0" />
				<line num="27"  count="55"  type="stmt" />
				<line num="29"  count="55"  type="stmt" />
				<line num="30"  count="55"  type="stmt" />
				<line num="31"  count="55"  type="stmt" />
				<line num="32"  count="55"  type="stmt" />
				<line num="33"  count="55"  type="stmt" />
				<line num="34"  count="55"  type="stmt" />
				<line num="36"  count="0"  type="stmt" />
				<line num="43"  count="55"  type="cond"  truecount="2"  falsecount="2" />
				<line num="44"  count="55"  type="stmt" />
				<line num="45"  count="55"  type="stmt" />
				<line num="46"  count="55"  type="stmt" />
				<line num="47"  count="55"  type="stmt" />
				<line num="51"  count="1"  type="stmt" />
				<line num="53"  count="1"  type="stmt" />
			</file>
			<file name="util.js"  path="/home/ubuntu/stories-facets/src/util/util.js" >
				<metrics statements="12"  coveredstatements="12"  conditionals="2"  coveredconditionals="1"  methods="3"  coveredmethods="3" />
				<line num="17"  count="1"  type="stmt" />
				<line num="18"  count="1792"  type="stmt" />
				<line num="23"  count="1"  type="stmt" />
				<line num="26"  count="167"  type="stmt" />
				<line num="27"  count="167"  type="stmt" />
				<line num="28"  count="167"  type="stmt" />
				<line num="29"  count="167"  type="stmt" />
				<line num="30"  count="662"  type="cond"  truecount="1"  falsecount="1" />
				<line num="31"  count="662"  type="stmt" />
				<line num="35"  count="167"  type="stmt" />
				<line num="39"  count="224"  type="stmt" />
				<line num="44"  count="1"  type="stmt" />
			</file>
		</package>
	</project>
</coverage>
