<?xml version="1.0" encoding="UTF-8"?>
<coverage generated="1513796433578" clover="3.2.0">
	<project timestamp="1513796433578"  name="All Files" >
		<metrics statements="1894"  coveredstatements="944"  conditionals="1350"  coveredconditionals="354"  methods="394"  coveredmethods="174"  elements="3638"  coveredelements="1472"  complexity="0"  packages="5"  files="31"  classes="31"  loc="5417"  ncloc="5417" />
		<package name="src" >
			<metrics statements="245"  coveredstatements="151"  conditionals="160"  coveredconditionals="60"  methods="59"  coveredmethods="33" />
			<file name="helpers.js"  path="/home/ubuntu/stories-facets/src/helpers.js" >
				<metrics statements="38"  coveredstatements="14"  conditionals="68"  coveredconditionals="15"  methods="6"  coveredmethods="2" />
				<line num="17"  count="1"  type="stmt" />
				<line num="19"  count="1"  type="stmt" />
				<line num="21"  count="354"  type="cond"  truecount="3"  falsecount="7" />
				<line num="23"  count="0"  type="cond"  truecount="0"  falsecount="2" />
				<line num="25"  count="223"  type="cond"  truecount="1"  falsecount="1" />
				<line num="27"  count="0"  type="cond"  truecount="0"  falsecount="2" />
				<line num="29"  count="0"  type="cond"  truecount="0"  falsecount="2" />
				<line num="31"  count="15"  type="cond"  truecount="1"  falsecount="1" />
				<line num="33"  count="0"  type="cond"  truecount="0"  falsecount="2" />
				<line num="35"  count="0"  type="cond"  truecount="0"  falsecount="4" />
				<line num="37"  count="0"  type="cond"  truecount="0"  falsecount="4" />
				<line num="39"  count="116"  type="cond"  truecount="1"  falsecount="1" />
				<line num="40"  count="116"  type="cond"  truecount="2"  falsecount="3" />
				<line num="41"  count="116"  type="stmt" />
				<line num="43"  count="0"  type="cond"  truecount="0"  falsecount="4" />
				<line num="44"  count="0"  type="stmt" />
				<line num="46"  count="0"  type="stmt" />
				<line num="48"  count="0"  type="stmt" />
				<line num="52"  count="1"  type="stmt" />
				<line num="53"  count="0"  type="cond"  truecount="0"  falsecount="6" />
				<line num="54"  count="0"  type="stmt" />
				<line num="57"  count="0"  type="cond"  truecount="0"  falsecount="4" />
				<line num="59"  count="0"  type="stmt" />
				<line num="61"  count="0"  type="stmt" />
				<line num="63"  count="0"  type="stmt" />
				<line num="65"  count="0"  type="cond"  truecount="0"  falsecount="2" />
				<line num="66"  count="0"  type="stmt" />
				<line num="68"  count="0"  type="stmt" />
				<line num="72"  count="1"  type="stmt" />
				<line num="73"  count="446"  type="cond"  truecount="7"  falsecount="0" />
				<line num="74"  count="110"  type="stmt" />
				<line num="76"  count="336"  type="stmt" />
				<line num="79"  count="1"  type="stmt" />
				<line num="80"  count="0"  type="stmt" />
				<line num="81"  count="0"  type="stmt" />
				<line num="82"  count="0"  type="cond"  truecount="0"  falsecount="2" />
				<line num="83"  count="0"  type="cond"  truecount="0"  falsecount="6" />
				<line num="84"  count="0"  type="stmt" />
			</file>
			<file name="main.js"  path="/home/ubuntu/stories-facets/src/main.js" >
				<metrics statements="207"  coveredstatements="137"  conditionals="92"  coveredconditionals="45"  methods="53"  coveredmethods="31" />
				<line num="17"  count="1"  type="stmt" />
				<line num="18"  count="1"  type="stmt" />
				<line num="20"  count="1"  type="stmt" />
				<line num="21"  count="1"  type="stmt" />
				<line num="22"  count="1"  type="stmt" />
				<line num="23"  count="1"  type="stmt" />
				<line num="24"  count="1"  type="stmt" />
				<line num="36"  count="1"  type="stmt" />
				<line num="37"  count="50"  type="stmt" />
				<line num="38"  count="50"  type="cond"  truecount="2"  falsecount="0" />
				<line num="39"  count="50"  type="stmt" />
				<line num="40"  count="50"  type="stmt" />
				<line num="41"  count="50"  type="stmt" />
				<line num="47"  count="1"  type="stmt" />
				<line num="48"  count="1"  type="stmt" />
				<line num="57"  count="1"  type="stmt" />
				<line num="58"  count="0"  type="stmt" />
				<line num="59"  count="0"  type="stmt" />
				<line num="60"  count="0"  type="stmt" />
				<line num="62"  count="0"  type="stmt" />
				<line num="63"  count="0"  type="stmt" />
				<line num="64"  count="0"  type="stmt" />
				<line num="75"  count="1"  type="stmt" />
				<line num="76"  count="3"  type="stmt" />
				<line num="77"  count="3"  type="stmt" />
				<line num="79"  count="3"  type="stmt" />
				<line num="80"  count="3"  type="stmt" />
				<line num="81"  count="3"  type="cond"  truecount="4"  falsecount="0" />
				<line num="82"  count="2"  type="cond"  truecount="1"  falsecount="1" />
				<line num="84"  count="2"  type="stmt" />
				<line num="85"  count="4"  type="stmt" />
				<line num="87"  count="2"  type="stmt" />
				<line num="91"  count="2"  type="stmt" />
				<line num="92"  count="4"  type="stmt" />
				<line num="93"  count="4"  type="cond"  truecount="1"  falsecount="1" />
				<line num="94"  count="4"  type="cond"  truecount="1"  falsecount="1" />
				<line num="98"  count="1"  type="stmt" />
				<line num="99"  count="1"  type="stmt" />
				<line num="100"  count="1"  type="cond"  truecount="1"  falsecount="1" />
				<line num="101"  count="1"  type="cond"  truecount="1"  falsecount="1" />
				<line num="103"  count="1"  type="stmt" />
				<line num="104"  count="1"  type="stmt" />
				<line num="106"  count="1"  type="stmt" />
				<line num="121"  count="1"  type="stmt" />
				<line num="122"  count="1"  type="cond"  truecount="1"  falsecount="1" />
				<line num="123"  count="0"  type="stmt" />
				<line num="124"  count="0"  type="stmt" />
				<line num="127"  count="1"  type="stmt" />
				<line num="128"  count="1"  type="stmt" />
				<line num="129"  count="1"  type="cond"  truecount="1"  falsecount="1" />
				<line num="130"  count="1"  type="cond"  truecount="1"  falsecount="1" />
				<line num="131"  count="0"  type="stmt" />
				<line num="132"  count="0"  type="cond"  truecount="0"  falsecount="2" />
				<line num="133"  count="0"  type="stmt" />
				<line num="136"  count="1"  type="stmt" />
				<line num="141"  count="1"  type="stmt" />
				<line num="152"  count="1"  type="stmt" />
				<line num="153"  count="2"  type="stmt" />
				<line num="154"  count="2"  type="stmt" />
				<line num="163"  count="1"  type="stmt" />
				<line num="164"  count="0"  type="stmt" />
				<line num="165"  count="0"  type="cond"  truecount="0"  falsecount="2" />
				<line num="166"  count="0"  type="stmt" />
				<line num="167"  count="0"  type="stmt" />
				<line num="178"  count="1"  type="stmt" />
				<line num="179"  count="9"  type="stmt" />
				<line num="180"  count="16"  type="stmt" />
				<line num="181"  count="16"  type="cond"  truecount="4"  falsecount="0" />
				<line num="182"  count="12"  type="stmt" />
				<line num="184"  count="4"  type="stmt" />
				<line num="185"  count="4"  type="cond"  truecount="2"  falsecount="0" />
				<line num="186"  count="3"  type="stmt" />
				<line num="199"  count="1"  type="stmt" />
				<line num="201"  count="0"  type="stmt" />
				<line num="202"  count="0"  type="stmt" />
				<line num="203"  count="0"  type="cond"  truecount="0"  falsecount="4" />
				<line num="204"  count="0"  type="stmt" />
				<line num="206"  count="0"  type="stmt" />
				<line num="207"  count="0"  type="cond"  truecount="0"  falsecount="2" />
				<line num="208"  count="0"  type="stmt" />
				<line num="213"  count="0"  type="stmt" />
				<line num="224"  count="1"  type="stmt" />
				<line num="225"  count="0"  type="cond"  truecount="0"  falsecount="2" />
				<line num="226"  count="0"  type="stmt" />
				<line num="228"  count="0"  type="stmt" />
				<line num="229"  count="0"  type="stmt" />
				<line num="230"  count="0"  type="cond"  truecount="0"  falsecount="4" />
				<line num="231"  count="0"  type="stmt" />
				<line num="233"  count="0"  type="stmt" />
				<line num="234"  count="0"  type="cond"  truecount="0"  falsecount="2" />
				<line num="235"  count="0"  type="stmt" />
				<line num="249"  count="1"  type="stmt" />
				<line num="250"  count="5"  type="cond"  truecount="2"  falsecount="0" />
				<line num="251"  count="4"  type="stmt" />
				<line num="252"  count="5"  type="stmt" />
				<line num="253"  count="5"  type="cond"  truecount="3"  falsecount="1" />
				<line num="254"  count="5"  type="stmt" />
				<line num="256"  count="0"  type="stmt" />
				<line num="257"  count="0"  type="cond"  truecount="0"  falsecount="2" />
				<line num="258"  count="0"  type="stmt" />
				<line num="263"  count="1"  type="stmt" />
				<line num="275"  count="1"  type="stmt" />
				<line num="276"  count="2"  type="stmt" />
				<line num="277"  count="2"  type="cond"  truecount="3"  falsecount="1" />
				<line num="278"  count="2"  type="stmt" />
				<line num="280"  count="0"  type="stmt" />
				<line num="281"  count="0"  type="cond"  truecount="0"  falsecount="2" />
				<line num="282"  count="0"  type="stmt" />
				<line num="285"  count="0"  type="stmt" />
				<line num="295"  count="1"  type="stmt" />
				<line num="296"  count="0"  type="stmt" />
				<line num="297"  count="0"  type="cond"  truecount="0"  falsecount="2" />
				<line num="298"  count="0"  type="stmt" />
				<line num="300"  count="0"  type="stmt" />
				<line num="311"  count="1"  type="stmt" />
				<line num="312"  count="0"  type="stmt" />
				<line num="313"  count="0"  type="cond"  truecount="0"  falsecount="2" />
				<line num="314"  count="0"  type="stmt" />
				<line num="316"  count="0"  type="stmt" />
				<line num="325"  count="1"  type="stmt" />
				<line num="326"  count="0"  type="stmt" />
				<line num="327"  count="0"  type="cond"  truecount="0"  falsecount="2" />
				<line num="328"  count="0"  type="stmt" />
				<line num="329"  count="0"  type="cond"  truecount="0"  falsecount="2" />
				<line num="330"  count="0"  type="stmt" />
				<line num="343"  count="1"  type="stmt" />
				<line num="344"  count="9"  type="stmt" />
				<line num="347"  count="9"  type="cond"  truecount="2"  falsecount="0" />
				<line num="348"  count="8"  type="stmt" />
				<line num="349"  count="8"  type="stmt" />
				<line num="350"  count="8"  type="cond"  truecount="2"  falsecount="0" />
				<line num="351"  count="6"  type="stmt" />
				<line num="353"  count="2"  type="stmt" />
				<line num="354"  count="2"  type="stmt" />
				<line num="360"  count="9"  type="cond"  truecount="2"  falsecount="0" />
				<line num="361"  count="1"  type="stmt" />
				<line num="362"  count="1"  type="stmt" />
				<line num="366"  count="9"  type="stmt" />
				<line num="376"  count="1"  type="stmt" />
				<line num="377"  count="0"  type="stmt" />
				<line num="378"  count="0"  type="cond"  truecount="0"  falsecount="2" />
				<line num="379"  count="0"  type="stmt" />
				<line num="389"  count="1"  type="stmt" />
				<line num="390"  count="0"  type="stmt" />
				<line num="391"  count="0"  type="cond"  truecount="0"  falsecount="2" />
				<line num="392"  count="0"  type="stmt" />
				<line num="393"  count="0"  type="stmt" />
				<line num="403"  count="1"  type="stmt" />
				<line num="404"  count="3"  type="stmt" />
				<line num="405"  count="3"  type="stmt" />
				<line num="415"  count="1"  type="stmt" />
				<line num="416"  count="0"  type="stmt" />
				<line num="425"  count="1"  type="stmt" />
				<line num="427"  count="0"  type="stmt" />
				<line num="428"  count="0"  type="stmt" />
				<line num="432"  count="0"  type="stmt" />
				<line num="433"  count="0"  type="stmt" />
				<line num="443"  count="1"  type="stmt" />
				<line num="444"  count="0"  type="stmt" />
				<line num="445"  count="0"  type="stmt" />
				<line num="454"  count="1"  type="stmt" />
				<line num="455"  count="3"  type="stmt" />
				<line num="456"  count="3"  type="stmt" />
				<line num="458"  count="3"  type="stmt" />
				<line num="470"  count="1"  type="stmt" />
				<line num="472"  count="52"  type="cond"  truecount="1"  falsecount="1" />
				<line num="473"  count="0"  type="stmt" />
				<line num="476"  count="52"  type="stmt" />
				<line num="478"  count="52"  type="cond"  truecount="2"  falsecount="0" />
				<line num="481"  count="52"  type="stmt" />
				<line num="482"  count="93"  type="stmt" />
				<line num="485"  count="52"  type="stmt" />
				<line num="487"  count="52"  type="cond"  truecount="1"  falsecount="1" />
				<line num="488"  count="0"  type="stmt" />
				<line num="498"  count="1"  type="stmt" />
				<line num="499"  count="1"  type="stmt" />
				<line num="500"  count="2"  type="stmt" />
				<line num="502"  count="1"  type="stmt" />
				<line num="514"  count="1"  type="stmt" />
				<line num="515"  count="32"  type="stmt" />
				<line num="526"  count="1"  type="stmt" />
				<line num="527"  count="111"  type="stmt" />
				<line num="528"  count="217"  type="stmt" />
				<line num="530"  count="111"  type="cond"  truecount="4"  falsecount="0" />
				<line num="531"  count="103"  type="stmt" />
				<line num="533"  count="8"  type="stmt" />
				<line num="537"  count="1"  type="stmt" />
				<line num="545"  count="1"  type="stmt" />
				<line num="546"  count="5"  type="stmt" />
				<line num="549"  count="5"  type="stmt" />
				<line num="552"  count="5"  type="cond"  truecount="1"  falsecount="1" />
				<line num="553"  count="5"  type="stmt" />
				<line num="554"  count="10"  type="stmt" />
				<line num="559"  count="5"  type="stmt" />
				<line num="569"  count="1"  type="stmt" />
				<line num="570"  count="69"  type="cond"  truecount="2"  falsecount="0" />
				<line num="571"  count="5"  type="stmt" />
				<line num="572"  count="5"  type="stmt" />
				<line num="573"  count="10"  type="stmt" />
				<line num="575"  count="5"  type="stmt" />
				<line num="576"  count="0"  type="stmt" />
				<line num="579"  count="64"  type="stmt" />
				<line num="580"  count="64"  type="stmt" />
				<line num="581"  count="117"  type="stmt" />
				<line num="583"  count="64"  type="stmt" />
				<line num="584"  count="0"  type="stmt" />
				<line num="593"  count="1"  type="stmt" />
			</file>
		</package>
		<package name="src.components" >
			<metrics statements="641"  coveredstatements="391"  conditionals="221"  coveredconditionals="93"  methods="111"  coveredmethods="73" />
			<file name="IBindable.js"  path="/home/ubuntu/stories-facets/src/components/IBindable.js" >
				<metrics statements="58"  coveredstatements="50"  conditionals="30"  coveredconditionals="18"  methods="13"  coveredmethods="12" />
				<line num="16"  count="1"  type="stmt" />
				<line num="24"  count="1"  type="stmt" />
				<line num="25"  count="420"  type="stmt" />
				<line num="26"  count="420"  type="stmt" />
				<line num="27"  count="420"  type="stmt" />
				<line num="37"  count="1"  type="stmt" />
				<line num="38"  count="437"  type="cond"  truecount="2"  falsecount="0" />
				<line num="39"  count="404"  type="cond"  truecount="2"  falsecount="0" />
				<line num="40"  count="370"  type="stmt" />
				<line num="43"  count="33"  type="stmt" />
				<line num="44"  count="33"  type="stmt" />
				<line num="45"  count="33"  type="cond"  truecount="1"  falsecount="1" />
				<line num="46"  count="33"  type="stmt" />
				<line num="47"  count="33"  type="stmt" />
				<line num="49"  count="33"  type="cond"  truecount="1"  falsecount="1" />
				<line num="50"  count="33"  type="stmt" />
				<line num="63"  count="1"  type="stmt" />
				<line num="64"  count="18"  type="cond"  truecount="2"  falsecount="0" />
				<line num="65"  count="15"  type="cond"  truecount="1"  falsecount="1" />
				<line num="66"  count="0"  type="stmt" />
				<line num="68"  count="15"  type="stmt" />
				<line num="69"  count="15"  type="cond"  truecount="1"  falsecount="1" />
				<line num="70"  count="15"  type="stmt" />
				<line num="74"  count="3"  type="stmt" />
				<line num="75"  count="3"  type="stmt" />
				<line num="76"  count="3"  type="cond"  truecount="1"  falsecount="1" />
				<line num="77"  count="3"  type="cond"  truecount="1"  falsecount="1" />
				<line num="78"  count="3"  type="stmt" />
				<line num="80"  count="0"  type="stmt" />
				<line num="81"  count="0"  type="cond"  truecount="0"  falsecount="2" />
				<line num="82"  count="0"  type="stmt" />
				<line num="98"  count="1"  type="stmt" />
				<line num="99"  count="0"  type="cond"  truecount="0"  falsecount="2" />
				<line num="100"  count="0"  type="cond"  truecount="0"  falsecount="2" />
				<line num="101"  count="0"  type="stmt" />
				<line num="103"  count="0"  type="stmt" />
				<line num="113"  count="1"  type="stmt" />
				<line num="114"  count="76"  type="stmt" />
				<line num="115"  count="76"  type="cond"  truecount="4"  falsecount="0" />
				<line num="116"  count="71"  type="stmt" />
				<line num="117"  count="71"  type="stmt" />
				<line num="118"  count="71"  type="cond"  truecount="2"  falsecount="0" />
				<line num="119"  count="24"  type="stmt" />
				<line num="120"  count="24"  type="stmt" />
				<line num="121"  count="24"  type="stmt" />
				<line num="125"  count="71"  type="stmt" />
				<line num="126"  count="47"  type="stmt" />
				<line num="137"  count="1"  type="stmt" />
				<line num="138"  count="404"  type="stmt" />
				<line num="147"  count="1"  type="stmt" />
				<line num="148"  count="15"  type="stmt" />
				<line num="156"  count="1"  type="stmt" />
				<line num="157"  count="38"  type="stmt" />
				<line num="158"  count="38"  type="stmt" />
				<line num="159"  count="38"  type="stmt" />
				<line num="170"  count="1"  type="stmt" />
				<line num="171"  count="47"  type="stmt" />
				<line num="178"  count="1"  type="stmt" />
			</file>
			<file name="badge.js"  path="/home/ubuntu/stories-facets/src/components/badge.js" >
				<metrics statements="33"  coveredstatements="14"  conditionals="0"  coveredconditionals="0"  methods="9"  coveredmethods="0" />
				<line num="17"  count="1"  type="stmt" />
				<line num="18"  count="1"  type="stmt" />
				<line num="28"  count="1"  type="stmt" />
				<line num="29"  count="0"  type="stmt" />
				<line num="31"  count="0"  type="stmt" />
				<line num="32"  count="0"  type="stmt" />
				<line num="33"  count="0"  type="stmt" />
				<line num="34"  count="0"  type="stmt" />
				<line num="35"  count="0"  type="stmt" />
				<line num="37"  count="0"  type="stmt" />
				<line num="43"  count="1"  type="stmt" />
				<line num="44"  count="1"  type="stmt" />
				<line num="53"  count="1"  type="stmt" />
				<line num="55"  count="0"  type="stmt" />
				<line num="66"  count="1"  type="stmt" />
				<line num="68"  count="0"  type="stmt" />
				<line num="79"  count="1"  type="stmt" />
				<line num="81"  count="0"  type="stmt" />
				<line num="91"  count="1"  type="stmt" />
				<line num="92"  count="0"  type="stmt" />
				<line num="93"  count="0"  type="stmt" />
				<line num="94"  count="0"  type="stmt" />
				<line num="103"  count="1"  type="stmt" />
				<line num="104"  count="0"  type="stmt" />
				<line num="113"  count="1"  type="stmt" />
				<line num="114"  count="0"  type="stmt" />
				<line num="122"  count="1"  type="stmt" />
				<line num="123"  count="0"  type="stmt" />
				<line num="124"  count="0"  type="stmt" />
				<line num="133"  count="1"  type="stmt" />
				<line num="134"  count="0"  type="stmt" />
				<line num="135"  count="0"  type="stmt" />
				<line num="142"  count="1"  type="stmt" />
			</file>
			<file name="badgegroup.js"  path="/home/ubuntu/stories-facets/src/components/badgegroup.js" >
				<metrics statements="42"  coveredstatements="19"  conditionals="14"  coveredconditionals="0"  methods="10"  coveredmethods="3" />
				<line num="17"  count="1"  type="stmt" />
				<line num="18"  count="1"  type="stmt" />
				<line num="28"  count="1"  type="stmt" />
				<line num="29"  count="52"  type="stmt" />
				<line num="30"  count="52"  type="stmt" />
				<line num="31"  count="52"  type="stmt" />
				<line num="32"  count="52"  type="stmt" />
				<line num="34"  count="52"  type="stmt" />
				<line num="43"  count="1"  type="stmt" />
				<line num="45"  count="69"  type="stmt" />
				<line num="56"  count="1"  type="stmt" />
				<line num="57"  count="0"  type="stmt" />
				<line num="58"  count="0"  type="stmt" />
				<line num="59"  count="0"  type="stmt" />
				<line num="62"  count="0"  type="cond"  truecount="0"  falsecount="2" />
				<line num="63"  count="0"  type="cond"  truecount="0"  falsecount="2" />
				<line num="64"  count="0"  type="stmt" />
				<line num="65"  count="0"  type="stmt" />
				<line num="66"  count="0"  type="stmt" />
				<line num="75"  count="1"  type="stmt" />
				<line num="76"  count="0"  type="stmt" />
				<line num="77"  count="0"  type="stmt" />
				<line num="79"  count="0"  type="stmt" />
				<line num="90"  count="1"  type="stmt" />
				<line num="91"  count="0"  type="stmt" />
				<line num="92"  count="0"  type="cond"  truecount="0"  falsecount="2" />
				<line num="93"  count="0"  type="stmt" />
				<line num="94"  count="0"  type="cond"  truecount="0"  falsecount="2" />
				<line num="95"  count="0"  type="stmt" />
				<line num="96"  count="0"  type="stmt" />
				<line num="110"  count="1"  type="stmt" />
				<line num="111"  count="0"  type="stmt" />
				<line num="112"  count="0"  type="cond"  truecount="0"  falsecount="2" />
				<line num="115"  count="0"  type="cond"  truecount="0"  falsecount="4" />
				<line num="116"  count="0"  type="stmt" />
				<line num="118"  count="0"  type="stmt" />
				<line num="128"  count="1"  type="stmt" />
				<line num="129"  count="5"  type="stmt" />
				<line num="130"  count="0"  type="stmt" />
				<line num="132"  count="5"  type="stmt" />
				<line num="133"  count="5"  type="stmt" />
				<line num="140"  count="1"  type="stmt" />
			</file>
			<file name="group.js"  path="/home/ubuntu/stories-facets/src/components/group.js" >
				<metrics statements="406"  coveredstatements="221"  conditionals="143"  coveredconditionals="52"  methods="57"  coveredmethods="38" />
				<line num="17"  count="1"  type="stmt" />
				<line num="18"  count="1"  type="stmt" />
				<line num="19"  count="1"  type="stmt" />
				<line num="20"  count="1"  type="stmt" />
				<line num="21"  count="1"  type="stmt" />
				<line num="22"  count="1"  type="stmt" />
				<line num="23"  count="1"  type="stmt" />
				<line num="25"  count="1"  type="stmt" />
				<line num="26"  count="1"  type="stmt" />
				<line num="27"  count="1"  type="stmt" />
				<line num="28"  count="1"  type="stmt" />
				<line num="41"  count="1"  type="stmt" />
				<line num="42"  count="95"  type="stmt" />
				<line num="43"  count="95"  type="stmt" />
				<line num="44"  count="95"  type="stmt" />
				<line num="45"  count="95"  type="stmt" />
				<line num="46"  count="95"  type="stmt" />
				<line num="47"  count="95"  type="stmt" />
				<line num="48"  count="95"  type="stmt" />
				<line num="50"  count="95"  type="stmt" />
				<line num="51"  count="95"  type="stmt" />
				<line num="52"  count="95"  type="cond"  truecount="1"  falsecount="1" />
				<line num="53"  count="95"  type="stmt" />
				<line num="54"  count="95"  type="stmt" />
				<line num="55"  count="95"  type="stmt" />
				<line num="56"  count="95"  type="stmt" />
				<line num="57"  count="95"  type="stmt" />
				<line num="58"  count="95"  type="stmt" />
				<line num="59"  count="95"  type="stmt" />
				<line num="60"  count="95"  type="cond"  truecount="2"  falsecount="0" />
				<line num="62"  count="95"  type="stmt" />
				<line num="68"  count="95"  type="cond"  truecount="2"  falsecount="0" />
				<line num="69"  count="95"  type="stmt" />
				<line num="71"  count="95"  type="cond"  truecount="1"  falsecount="1" />
				<line num="72"  count="0"  type="stmt" />
				<line num="74"  count="95"  type="stmt" />
				<line num="80"  count="1"  type="stmt" />
				<line num="81"  count="1"  type="stmt" />
				<line num="90"  count="1"  type="stmt" />
				<line num="92"  count="217"  type="stmt" />
				<line num="104"  count="1"  type="stmt" />
				<line num="106"  count="0"  type="stmt" />
				<line num="117"  count="1"  type="stmt" />
				<line num="119"  count="302"  type="stmt" />
				<line num="130"  count="1"  type="stmt" />
				<line num="132"  count="0"  type="stmt" />
				<line num="143"  count="1"  type="stmt" />
				<line num="145"  count="170"  type="stmt" />
				<line num="155"  count="1"  type="stmt" />
				<line num="157"  count="60"  type="stmt" />
				<line num="161"  count="22"  type="cond"  truecount="1"  falsecount="1" />
				<line num="162"  count="0"  type="stmt" />
				<line num="164"  count="22"  type="stmt" />
				<line num="175"  count="1"  type="stmt" />
				<line num="177"  count="0"  type="stmt" />
				<line num="181"  count="0"  type="cond"  truecount="0"  falsecount="2" />
				<line num="182"  count="0"  type="stmt" />
				<line num="183"  count="0"  type="stmt" />
				<line num="194"  count="1"  type="stmt" />
				<line num="196"  count="145"  type="stmt" />
				<line num="200"  count="125"  type="cond"  truecount="2"  falsecount="0" />
				<line num="201"  count="8"  type="stmt" />
				<line num="202"  count="8"  type="stmt" />
				<line num="212"  count="1"  type="stmt" />
				<line num="213"  count="4"  type="stmt" />
				<line num="214"  count="8"  type="stmt" />
				<line num="223"  count="1"  type="stmt" />
				<line num="224"  count="1"  type="stmt" />
				<line num="225"  count="2"  type="stmt" />
				<line num="235"  count="1"  type="stmt" />
				<line num="236"  count="12"  type="stmt" />
				<line num="237"  count="12"  type="cond"  truecount="1"  falsecount="1" />
				<line num="238"  count="12"  type="stmt" />
				<line num="248"  count="1"  type="stmt" />
				<line num="249"  count="7"  type="cond"  truecount="2"  falsecount="0" />
				<line num="250"  count="5"  type="stmt" />
				<line num="251"  count="5"  type="cond"  truecount="1"  falsecount="1" />
				<line num="252"  count="5"  type="stmt" />
				<line num="255"  count="2"  type="stmt" />
				<line num="256"  count="5"  type="stmt" />
				<line num="268"  count="1"  type="stmt" />
				<line num="269"  count="2"  type="stmt" />
				<line num="272"  count="2"  type="cond"  truecount="1"  falsecount="1" />
				<line num="273"  count="2"  type="stmt" />
				<line num="276"  count="2"  type="stmt" />
				<line num="286"  count="1"  type="stmt" />
				<line num="287"  count="0"  type="stmt" />
				<line num="288"  count="0"  type="cond"  truecount="0"  falsecount="4" />
				<line num="289"  count="0"  type="stmt" />
				<line num="291"  count="0"  type="stmt" />
				<line num="300"  count="1"  type="stmt" />
				<line num="301"  count="6"  type="stmt" />
				<line num="304"  count="6"  type="stmt" />
				<line num="306"  count="6"  type="cond"  truecount="2"  falsecount="0" />
				<line num="307"  count="6"  type="stmt" />
				<line num="310"  count="6"  type="stmt" />
				<line num="312"  count="6"  type="cond"  truecount="1"  falsecount="1" />
				<line num="313"  count="0"  type="stmt" />
				<line num="314"  count="0"  type="stmt" />
				<line num="318"  count="6"  type="stmt" />
				<line num="319"  count="6"  type="cond"  truecount="4"  falsecount="1" />
				<line num="320"  count="6"  type="stmt" />
				<line num="322"  count="6"  type="stmt" />
				<line num="323"  count="6"  type="cond"  truecount="2"  falsecount="0" />
				<line num="324"  count="2"  type="stmt" />
				<line num="325"  count="2"  type="stmt" />
				<line num="327"  count="4"  type="stmt" />
				<line num="328"  count="4"  type="cond"  truecount="1"  falsecount="1" />
				<line num="329"  count="0"  type="stmt" />
				<line num="331"  count="4"  type="stmt" />
				<line num="333"  count="4"  type="stmt" />
				<line num="334"  count="4"  type="stmt" />
				<line num="336"  count="4"  type="stmt" />
				<line num="341"  count="6"  type="stmt" />
				<line num="342"  count="11"  type="stmt" />
				<line num="346"  count="6"  type="cond"  truecount="1"  falsecount="1" />
				<line num="347"  count="0"  type="stmt" />
				<line num="351"  count="6"  type="stmt" />
				<line num="361"  count="1"  type="stmt" />
				<line num="363"  count="0"  type="stmt" />
				<line num="366"  count="0"  type="stmt" />
				<line num="369"  count="0"  type="stmt" />
				<line num="372"  count="0"  type="stmt" />
				<line num="373"  count="0"  type="stmt" />
				<line num="374"  count="0"  type="stmt" />
				<line num="377"  count="0"  type="cond"  truecount="0"  falsecount="2" />
				<line num="380"  count="0"  type="cond"  truecount="0"  falsecount="2" />
				<line num="383"  count="0"  type="stmt" />
				<line num="386"  count="0"  type="cond"  truecount="0"  falsecount="2" />
				<line num="387"  count="0"  type="stmt" />
				<line num="390"  count="0"  type="cond"  truecount="0"  falsecount="2" />
				<line num="391"  count="0"  type="stmt" />
				<line num="395"  count="0"  type="stmt" />
				<line num="404"  count="1"  type="stmt" />
				<line num="405"  count="0"  type="stmt" />
				<line num="406"  count="0"  type="stmt" />
				<line num="407"  count="0"  type="cond"  truecount="0"  falsecount="2" />
				<line num="408"  count="0"  type="stmt" />
				<line num="410"  count="0"  type="stmt" />
				<line num="411"  count="0"  type="cond"  truecount="0"  falsecount="2" />
				<line num="412"  count="0"  type="stmt" />
				<line num="414"  count="0"  type="stmt" />
				<line num="416"  count="0"  type="stmt" />
				<line num="417"  count="0"  type="cond"  truecount="0"  falsecount="2" />
				<line num="418"  count="0"  type="stmt" />
				<line num="421"  count="0"  type="cond"  truecount="0"  falsecount="2" />
				<line num="422"  count="0"  type="stmt" />
				<line num="424"  count="0"  type="stmt" />
				<line num="425"  count="0"  type="stmt" />
				<line num="430"  count="0"  type="stmt" />
				<line num="440"  count="1"  type="stmt" />
				<line num="441"  count="10"  type="stmt" />
				<line num="442"  count="10"  type="stmt" />
				<line num="443"  count="10"  type="stmt" />
				<line num="444"  count="10"  type="stmt" />
				<line num="453"  count="1"  type="stmt" />
				<line num="455"  count="10"  type="stmt" />
				<line num="457"  count="10"  type="stmt" />
				<line num="461"  count="10"  type="stmt" />
				<line num="478"  count="1"  type="stmt" />
				<line num="479"  count="95"  type="stmt" />
				<line num="484"  count="95"  type="cond"  truecount="1"  falsecount="1" />
				<line num="486"  count="95"  type="stmt" />
				<line num="489"  count="0"  type="stmt" />
				<line num="492"  count="95"  type="stmt" />
				<line num="493"  count="95"  type="stmt" />
				<line num="495"  count="95"  type="stmt" />
				<line num="503"  count="1"  type="stmt" />
				<line num="505"  count="95"  type="cond"  truecount="1"  falsecount="1" />
				<line num="506"  count="0"  type="stmt" />
				<line num="507"  count="0"  type="stmt" />
				<line num="509"  count="95"  type="stmt" />
				<line num="510"  count="95"  type="stmt" />
				<line num="511"  count="160"  type="cond"  truecount="3"  falsecount="1" />
				<line num="512"  count="160"  type="stmt" />
				<line num="518"  count="95"  type="stmt" />
				<line num="519"  count="95"  type="stmt" />
				<line num="520"  count="160"  type="stmt" />
				<line num="521"  count="160"  type="stmt" />
				<line num="522"  count="160"  type="cond"  truecount="1"  falsecount="1" />
				<line num="523"  count="0"  type="stmt" />
				<line num="525"  count="160"  type="stmt" />
				<line num="527"  count="160"  type="stmt" />
				<line num="529"  count="160"  type="stmt" />
				<line num="539"  count="1"  type="stmt" />
				<line num="540"  count="147"  type="stmt" />
				<line num="541"  count="147"  type="stmt" />
				<line num="550"  count="1"  type="stmt" />
				<line num="551"  count="101"  type="stmt" />
				<line num="552"  count="101"  type="stmt" />
				<line num="553"  count="101"  type="stmt" />
				<line num="554"  count="101"  type="stmt" />
				<line num="555"  count="101"  type="stmt" />
				<line num="556"  count="101"  type="stmt" />
				<line num="558"  count="101"  type="stmt" />
				<line num="559"  count="101"  type="stmt" />
				<line num="560"  count="101"  type="stmt" />
				<line num="561"  count="101"  type="stmt" />
				<line num="563"  count="101"  type="stmt" />
				<line num="566"  count="101"  type="stmt" />
				<line num="575"  count="1"  type="stmt" />
				<line num="576"  count="0"  type="stmt" />
				<line num="577"  count="0"  type="stmt" />
				<line num="578"  count="0"  type="stmt" />
				<line num="579"  count="0"  type="stmt" />
				<line num="580"  count="0"  type="stmt" />
				<line num="581"  count="0"  type="stmt" />
				<line num="582"  count="0"  type="stmt" />
				<line num="583"  count="0"  type="stmt" />
				<line num="584"  count="0"  type="stmt" />
				<line num="585"  count="0"  type="stmt" />
				<line num="586"  count="0"  type="stmt" />
				<line num="595"  count="1"  type="stmt" />
				<line num="596"  count="99"  type="stmt" />
				<line num="599"  count="99"  type="stmt" />
				<line num="600"  count="99"  type="stmt" />
				<line num="601"  count="376"  type="cond"  truecount="2"  falsecount="0" />
				<line num="602"  count="92"  type="stmt" />
				<line num="605"  count="284"  type="stmt" />
				<line num="606"  count="284"  type="cond"  truecount="2"  falsecount="0" />
				<line num="607"  count="7"  type="stmt" />
				<line num="608"  count="7"  type="stmt" />
				<line num="611"  count="277"  type="stmt" />
				<line num="614"  count="99"  type="cond"  truecount="2"  falsecount="0" />
				<line num="615"  count="7"  type="stmt" />
				<line num="625"  count="1"  type="stmt" />
				<line num="626"  count="99"  type="cond"  truecount="1"  falsecount="1" />
				<line num="627"  count="0"  type="stmt" />
				<line num="628"  count="0"  type="stmt" />
				<line num="640"  count="1"  type="stmt" />
				<line num="641"  count="105"  type="stmt" />
				<line num="642"  count="217"  type="stmt" />
				<line num="644"  count="105"  type="cond"  truecount="4"  falsecount="0" />
				<line num="645"  count="101"  type="stmt" />
				<line num="647"  count="4"  type="stmt" />
				<line num="659"  count="1"  type="stmt" />
				<line num="660"  count="101"  type="stmt" />
				<line num="663"  count="101"  type="stmt" />
				<line num="664"  count="101"  type="stmt" />
				<line num="676"  count="1"  type="stmt" />
				<line num="677"  count="164"  type="cond"  truecount="1"  falsecount="1" />
				<line num="679"  count="0"  type="stmt" />
				<line num="683"  count="164"  type="cond"  truecount="1"  falsecount="1" />
				<line num="685"  count="0"  type="stmt" />
				<line num="691"  count="164"  type="stmt" />
				<line num="708"  count="1"  type="stmt" />
				<line num="709"  count="8"  type="cond"  truecount="1"  falsecount="1" />
				<line num="710"  count="8"  type="stmt" />
				<line num="711"  count="8"  type="stmt" />
				<line num="714"  count="8"  type="stmt" />
				<line num="715"  count="8"  type="cond"  truecount="2"  falsecount="0" />
				<line num="716"  count="4"  type="stmt" />
				<line num="718"  count="4"  type="stmt" />
				<line num="721"  count="8"  type="stmt" />
				<line num="734"  count="1"  type="stmt" />
				<line num="735"  count="8"  type="stmt" />
				<line num="738"  count="8"  type="cond"  truecount="2"  falsecount="0" />
				<line num="740"  count="4"  type="stmt" />
				<line num="743"  count="4"  type="stmt" />
				<line num="744"  count="4"  type="stmt" />
				<line num="747"  count="4"  type="cond"  truecount="1"  falsecount="1" />
				<line num="748"  count="0"  type="stmt" />
				<line num="752"  count="4"  type="stmt" />
				<line num="755"  count="4"  type="stmt" />
				<line num="756"  count="4"  type="stmt" />
				<line num="759"  count="4"  type="stmt" />
				<line num="773"  count="1"  type="stmt" />
				<line num="774"  count="8"  type="stmt" />
				<line num="775"  count="14"  type="cond"  truecount="1"  falsecount="1" />
				<line num="776"  count="14"  type="stmt" />
				<line num="778"  count="0"  type="stmt" />
				<line num="790"  count="1"  type="stmt" />
				<line num="791"  count="3"  type="stmt" />
				<line num="792"  count="3"  type="stmt" />
				<line num="793"  count="3"  type="stmt" />
				<line num="794"  count="3"  type="cond"  truecount="1"  falsecount="1" />
				<line num="795"  count="3"  type="stmt" />
				<line num="805"  count="1"  type="stmt" />
				<line num="806"  count="0"  type="stmt" />
				<line num="807"  count="0"  type="stmt" />
				<line num="808"  count="0"  type="stmt" />
				<line num="819"  count="1"  type="stmt" />
				<line num="820"  count="0"  type="cond"  truecount="0"  falsecount="2" />
				<line num="821"  count="0"  type="stmt" />
				<line num="822"  count="0"  type="stmt" />
				<line num="823"  count="0"  type="stmt" />
				<line num="824"  count="0"  type="stmt" />
				<line num="825"  count="0"  type="stmt" />
				<line num="826"  count="0"  type="stmt" />
				<line num="827"  count="0"  type="stmt" />
				<line num="828"  count="0"  type="stmt" />
				<line num="830"  count="0"  type="stmt" />
				<line num="841"  count="1"  type="stmt" />
				<line num="842"  count="0"  type="stmt" />
				<line num="843"  count="0"  type="cond"  truecount="0"  falsecount="2" />
				<line num="844"  count="0"  type="stmt" />
				<line num="845"  count="0"  type="stmt" />
				<line num="847"  count="0"  type="stmt" />
				<line num="849"  count="0"  type="stmt" />
				<line num="851"  count="0"  type="stmt" />
				<line num="853"  count="0"  type="stmt" />
				<line num="864"  count="1"  type="stmt" />
				<line num="865"  count="0"  type="cond"  truecount="0"  falsecount="2" />
				<line num="866"  count="0"  type="stmt" />
				<line num="867"  count="0"  type="cond"  truecount="0"  falsecount="2" />
				<line num="868"  count="0"  type="stmt" />
				<line num="871"  count="0"  type="stmt" />
				<line num="873"  count="0"  type="stmt" />
				<line num="876"  count="0"  type="stmt" />
				<line num="886"  count="1"  type="stmt" />
				<line num="887"  count="0"  type="stmt" />
				<line num="888"  count="0"  type="cond"  truecount="0"  falsecount="4" />
				<line num="889"  count="0"  type="stmt" />
				<line num="890"  count="0"  type="stmt" />
				<line num="891"  count="0"  type="stmt" />
				<line num="892"  count="0"  type="stmt" />
				<line num="893"  count="0"  type="stmt" />
				<line num="894"  count="0"  type="stmt" />
				<line num="896"  count="0"  type="stmt" />
				<line num="897"  count="0"  type="stmt" />
				<line num="898"  count="0"  type="stmt" />
				<line num="900"  count="0"  type="stmt" />
				<line num="910"  count="1"  type="stmt" />
				<line num="911"  count="0"  type="cond"  truecount="0"  falsecount="4" />
				<line num="912"  count="0"  type="stmt" />
				<line num="913"  count="0"  type="stmt" />
				<line num="914"  count="0"  type="stmt" />
				<line num="915"  count="0"  type="cond"  truecount="0"  falsecount="2" />
				<line num="916"  count="0"  type="cond"  truecount="0"  falsecount="2" />
				<line num="917"  count="0"  type="stmt" />
				<line num="918"  count="0"  type="stmt" />
				<line num="920"  count="0"  type="stmt" />
				<line num="921"  count="0"  type="stmt" />
				<line num="922"  count="0"  type="cond"  truecount="0"  falsecount="2" />
				<line num="923"  count="0"  type="stmt" />
				<line num="924"  count="0"  type="stmt" />
				<line num="925"  count="0"  type="stmt" />
				<line num="926"  count="0"  type="stmt" />
				<line num="927"  count="0"  type="stmt" />
				<line num="928"  count="0"  type="cond"  truecount="0"  falsecount="2" />
				<line num="929"  count="0"  type="stmt" />
				<line num="930"  count="0"  type="stmt" />
				<line num="931"  count="0"  type="stmt" />
				<line num="933"  count="0"  type="stmt" />
				<line num="935"  count="0"  type="stmt" />
				<line num="948"  count="1"  type="stmt" />
				<line num="949"  count="0"  type="stmt" />
				<line num="950"  count="0"  type="stmt" />
				<line num="951"  count="0"  type="stmt" />
				<line num="952"  count="0"  type="cond"  truecount="0"  falsecount="2" />
				<line num="953"  count="0"  type="stmt" />
				<line num="954"  count="0"  type="stmt" />
				<line num="956"  count="0"  type="stmt" />
				<line num="958"  count="0"  type="stmt" />
				<line num="968"  count="1"  type="stmt" />
				<line num="969"  count="0"  type="stmt" />
				<line num="970"  count="0"  type="cond"  truecount="0"  falsecount="4" />
				<line num="971"  count="0"  type="cond"  truecount="0"  falsecount="2" />
				<line num="972"  count="0"  type="stmt" />
				<line num="974"  count="0"  type="stmt" />
				<line num="986"  count="1"  type="stmt" />
				<line num="987"  count="0"  type="cond"  truecount="0"  falsecount="2" />
				<line num="988"  count="0"  type="stmt" />
				<line num="990"  count="0"  type="stmt" />
				<line num="996"  count="0"  type="stmt" />
				<line num="1007"  count="1"  type="stmt" />
				<line num="1009"  count="0"  type="stmt" />
				<line num="1010"  count="0"  type="stmt" />
				<line num="1011"  count="0"  type="stmt" />
				<line num="1014"  count="0"  type="stmt" />
				<line num="1015"  count="0"  type="cond"  truecount="0"  falsecount="2" />
				<line num="1016"  count="0"  type="stmt" />
				<line num="1017"  count="0"  type="stmt" />
				<line num="1018"  count="0"  type="stmt" />
				<line num="1020"  count="0"  type="stmt" />
				<line num="1021"  count="0"  type="stmt" />
				<line num="1025"  count="0"  type="stmt" />
				<line num="1026"  count="0"  type="stmt" />
				<line num="1027"  count="0"  type="stmt" />
				<line num="1030"  count="0"  type="stmt" />
				<line num="1031"  count="0"  type="stmt" />
				<line num="1034"  count="0"  type="stmt" />
				<line num="1037"  count="0"  type="stmt" />
				<line num="1038"  count="0"  type="stmt" />
				<line num="1040"  count="0"  type="stmt" />
				<line num="1041"  count="0"  type="stmt" />
				<line num="1042"  count="0"  type="stmt" />
				<line num="1043"  count="0"  type="stmt" />
				<line num="1045"  count="0"  type="cond"  truecount="0"  falsecount="8" />
				<line num="1047"  count="0"  type="cond"  truecount="0"  falsecount="2" />
				<line num="1048"  count="0"  type="stmt" />
				<line num="1049"  count="0"  type="cond"  truecount="0"  falsecount="2" />
				<line num="1050"  count="0"  type="stmt" />
				<line num="1051"  count="0"  type="stmt" />
				<line num="1052"  count="0"  type="stmt" />
				<line num="1053"  count="0"  type="stmt" />
				<line num="1055"  count="0"  type="stmt" />
				<line num="1056"  count="0"  type="stmt" />
				<line num="1057"  count="0"  type="stmt" />
				<line num="1058"  count="0"  type="stmt" />
				<line num="1060"  count="0"  type="stmt" />
				<line num="1063"  count="0"  type="stmt" />
				<line num="1065"  count="0"  type="stmt" />
				<line num="1070"  count="0"  type="stmt" />
				<line num="1076"  count="0"  type="stmt" />
				<line num="1083"  count="1"  type="stmt" />
			</file>
			<file name="querygroup.js"  path="/home/ubuntu/stories-facets/src/components/querygroup.js" >
				<metrics statements="102"  coveredstatements="87"  conditionals="34"  coveredconditionals="23"  methods="22"  coveredmethods="20" />
				<line num="17"  count="1"  type="stmt" />
				<line num="18"  count="1"  type="stmt" />
				<line num="19"  count="1"  type="stmt" />
				<line num="20"  count="1"  type="stmt" />
				<line num="21"  count="1"  type="stmt" />
				<line num="22"  count="1"  type="stmt" />
				<line num="23"  count="1"  type="stmt" />
				<line num="25"  count="1"  type="stmt" />
				<line num="26"  count="1"  type="stmt" />
				<line num="36"  count="1"  type="stmt" />
				<line num="38"  count="52"  type="stmt" />
				<line num="40"  count="52"  type="stmt" />
				<line num="42"  count="52"  type="stmt" />
				<line num="44"  count="52"  type="stmt" />
				<line num="47"  count="52"  type="stmt" />
				<line num="48"  count="52"  type="stmt" />
				<line num="49"  count="52"  type="stmt" />
				<line num="50"  count="52"  type="cond"  truecount="4"  falsecount="0" />
				<line num="51"  count="30"  type="stmt" />
				<line num="52"  count="56"  type="stmt" />
				<line num="55"  count="52"  type="stmt" />
				<line num="57"  count="52"  type="stmt" />
				<line num="59"  count="52"  type="cond"  truecount="2"  falsecount="0" />
				<line num="60"  count="22"  type="stmt" />
				<line num="63"  count="52"  type="stmt" />
				<line num="64"  count="52"  type="stmt" />
				<line num="70"  count="1"  type="stmt" />
				<line num="71"  count="1"  type="stmt" />
				<line num="80"  count="1"  type="stmt" />
				<line num="82"  count="1"  type="stmt" />
				<line num="93"  count="1"  type="stmt" />
				<line num="95"  count="0"  type="stmt" />
				<line num="104"  count="1"  type="stmt" />
				<line num="105"  count="1"  type="stmt" />
				<line num="107"  count="2"  type="cond"  truecount="2"  falsecount="0" />
				<line num="108"  count="1"  type="stmt" />
				<line num="118"  count="1"  type="stmt" />
				<line num="119"  count="1"  type="stmt" />
				<line num="120"  count="2"  type="stmt" />
				<line num="129"  count="1"  type="stmt" />
				<line num="130"  count="1"  type="stmt" />
				<line num="131"  count="2"  type="stmt" />
				<line num="142"  count="1"  type="stmt" />
				<line num="143"  count="59"  type="stmt" />
				<line num="144"  count="59"  type="stmt" />
				<line num="146"  count="59"  type="cond"  truecount="1"  falsecount="1" />
				<line num="147"  count="0"  type="stmt" />
				<line num="149"  count="59"  type="cond"  truecount="2"  falsecount="0" />
				<line num="150"  count="55"  type="stmt" />
				<line num="152"  count="59"  type="cond"  truecount="1"  falsecount="1" />
				<line num="153"  count="0"  type="stmt" />
				<line num="155"  count="59"  type="stmt" />
				<line num="158"  count="59"  type="stmt" />
				<line num="160"  count="59"  type="cond"  truecount="1"  falsecount="1" />
				<line num="161"  count="59"  type="stmt" />
				<line num="162"  count="59"  type="stmt" />
				<line num="163"  count="59"  type="stmt" />
				<line num="165"  count="59"  type="stmt" />
				<line num="167"  count="59"  type="cond"  truecount="2"  falsecount="0" />
				<line num="168"  count="3"  type="stmt" />
				<line num="172"  count="59"  type="stmt" />
				<line num="182"  count="1"  type="stmt" />
				<line num="183"  count="0"  type="stmt" />
				<line num="184"  count="0"  type="cond"  truecount="0"  falsecount="2" />
				<line num="185"  count="0"  type="stmt" />
				<line num="186"  count="0"  type="stmt" />
				<line num="187"  count="0"  type="stmt" />
				<line num="188"  count="0"  type="cond"  truecount="0"  falsecount="4" />
				<line num="189"  count="0"  type="stmt" />
				<line num="190"  count="0"  type="stmt" />
				<line num="192"  count="0"  type="stmt" />
				<line num="194"  count="0"  type="stmt" />
				<line num="195"  count="0"  type="cond"  truecount="0"  falsecount="2" />
				<line num="196"  count="0"  type="stmt" />
				<line num="208"  count="1"  type="stmt" />
				<line num="209"  count="5"  type="stmt" />
				<line num="211"  count="10"  type="stmt" />
				<line num="213"  count="5"  type="stmt" />
				<line num="214"  count="5"  type="stmt" />
				<line num="215"  count="5"  type="stmt" />
				<line num="216"  count="5"  type="stmt" />
				<line num="225"  count="1"  type="stmt" />
				<line num="226"  count="55"  type="stmt" />
				<line num="227"  count="65"  type="stmt" />
				<line num="240"  count="1"  type="stmt" />
				<line num="241"  count="32"  type="stmt" />
				<line num="242"  count="66"  type="cond"  truecount="2"  falsecount="0" />
				<line num="244"  count="32"  type="cond"  truecount="4"  falsecount="0" />
				<line num="245"  count="29"  type="stmt" />
				<line num="247"  count="3"  type="stmt" />
				<line num="258"  count="1"  type="stmt" />
				<line num="259"  count="55"  type="stmt" />
				<line num="272"  count="1"  type="stmt" />
				<line num="273"  count="55"  type="cond"  truecount="2"  falsecount="0" />
				<line num="274"  count="55"  type="stmt" />
				<line num="275"  count="55"  type="stmt" />
				<line num="276"  count="55"  type="stmt" />
				<line num="285"  count="1"  type="stmt" />
				<line num="286"  count="52"  type="stmt" />
				<line num="295"  count="1"  type="stmt" />
				<line num="296"  count="163"  type="stmt" />
				<line num="303"  count="1"  type="stmt" />
			</file>
		</package>
		<package name="src.components.facet" >
			<metrics statements="849"  coveredstatements="298"  conditionals="300"  coveredconditionals="66"  methods="154"  coveredmethods="30" />
			<file name="facet.js"  path="/home/ubuntu/stories-facets/src/components/facet/facet.js" >
				<metrics statements="45"  coveredstatements="28"  conditionals="8"  coveredconditionals="0"  methods="16"  coveredmethods="3" />
				<line num="17"  count="1"  type="stmt" />
				<line num="18"  count="1"  type="stmt" />
				<line num="19"  count="1"  type="stmt" />
				<line num="30"  count="1"  type="stmt" />
				<line num="31"  count="223"  type="stmt" />
				<line num="33"  count="223"  type="stmt" />
				<line num="34"  count="223"  type="stmt" />
				<line num="37"  count="223"  type="stmt" />
				<line num="39"  count="223"  type="stmt" />
				<line num="40"  count="223"  type="stmt" />
				<line num="46"  count="1"  type="stmt" />
				<line num="47"  count="1"  type="stmt" />
				<line num="56"  count="1"  type="stmt" />
				<line num="58"  count="0"  type="stmt" />
				<line num="69"  count="1"  type="stmt" />
				<line num="71"  count="0"  type="stmt" />
				<line num="81"  count="1"  type="stmt" />
				<line num="83"  count="0"  type="stmt" />
				<line num="87"  count="0"  type="cond"  truecount="0"  falsecount="4" />
				<line num="88"  count="0"  type="stmt" />
				<line num="91"  count="0"  type="cond"  truecount="0"  falsecount="4" />
				<line num="92"  count="0"  type="stmt" />
				<line num="95"  count="0"  type="stmt" />
				<line num="106"  count="1"  type="stmt" />
				<line num="108"  count="0"  type="stmt" />
				<line num="112"  count="0"  type="stmt" />
				<line num="122"  count="1"  type="stmt" />
				<line num="124"  count="0"  type="stmt" />
				<line num="128"  count="0"  type="stmt" />
				<line num="138"  count="1"  type="stmt" />
				<line num="139"  count="0"  type="stmt" />
				<line num="148"  count="1"  type="stmt" />
				<line num="149"  count="0"  type="stmt" />
				<line num="157"  count="1"  type="stmt" />
				<line num="158"  count="0"  type="stmt" />
				<line num="167"  count="1"  type="stmt" />
				<line num="168"  count="20"  type="stmt" />
				<line num="177"  count="1"  type="stmt" />
				<line num="178"  count="0"  type="stmt" />
				<line num="187"  count="1"  type="stmt" />
				<line num="188"  count="0"  type="stmt" />
				<line num="197"  count="1"  type="stmt" />
				<line num="198"  count="223"  type="stmt" />
				<line num="199"  count="223"  type="stmt" />
				<line num="206"  count="1"  type="stmt" />
			</file>
			<file name="facetHistogram.js"  path="/home/ubuntu/stories-facets/src/components/facet/facetHistogram.js" >
				<metrics statements="101"  coveredstatements="14"  conditionals="26"  coveredconditionals="0"  methods="12"  coveredmethods="0" />
				<line num="17"  count="1"  type="stmt" />
				<line num="27"  count="1"  type="stmt" />
				<line num="28"  count="0"  type="stmt" />
				<line num="29"  count="0"  type="stmt" />
				<line num="30"  count="0"  type="stmt" />
				<line num="31"  count="0"  type="stmt" />
				<line num="32"  count="0"  type="cond"  truecount="0"  falsecount="2" />
				<line num="33"  count="0"  type="cond"  truecount="0"  falsecount="2" />
				<line num="34"  count="0"  type="cond"  truecount="0"  falsecount="2" />
				<line num="35"  count="0"  type="cond"  truecount="0"  falsecount="2" />
				<line num="36"  count="0"  type="stmt" />
				<line num="37"  count="0"  type="stmt" />
				<line num="39"  count="0"  type="stmt" />
				<line num="49"  count="1"  type="stmt" />
				<line num="51"  count="0"  type="stmt" />
				<line num="62"  count="1"  type="stmt" />
				<line num="64"  count="0"  type="stmt" />
				<line num="75"  count="1"  type="stmt" />
				<line num="77"  count="0"  type="stmt" />
				<line num="88"  count="1"  type="stmt" />
				<line num="90"  count="0"  type="stmt" />
				<line num="101"  count="1"  type="stmt" />
				<line num="102"  count="0"  type="stmt" />
				<line num="103"  count="0"  type="stmt" />
				<line num="105"  count="0"  type="stmt" />
				<line num="106"  count="0"  type="stmt" />
				<line num="107"  count="0"  type="stmt" />
				<line num="108"  count="0"  type="stmt" />
				<line num="109"  count="0"  type="stmt" />
				<line num="111"  count="0"  type="stmt" />
				<line num="112"  count="0"  type="stmt" />
				<line num="113"  count="0"  type="stmt" />
				<line num="115"  count="0"  type="stmt" />
				<line num="116"  count="0"  type="stmt" />
				<line num="117"  count="0"  type="stmt" />
				<line num="118"  count="0"  type="stmt" />
				<line num="120"  count="0"  type="stmt" />
				<line num="121"  count="0"  type="stmt" />
				<line num="122"  count="0"  type="stmt" />
				<line num="123"  count="0"  type="stmt" />
				<line num="124"  count="0"  type="cond"  truecount="0"  falsecount="2" />
				<line num="125"  count="0"  type="stmt" />
				<line num="126"  count="0"  type="cond"  truecount="0"  falsecount="2" />
				<line num="127"  count="0"  type="stmt" />
				<line num="128"  count="0"  type="stmt" />
				<line num="131"  count="0"  type="cond"  truecount="0"  falsecount="2" />
				<line num="132"  count="0"  type="stmt" />
				<line num="135"  count="0"  type="stmt" />
				<line num="136"  count="0"  type="stmt" />
				<line num="137"  count="0"  type="stmt" />
				<line num="138"  count="0"  type="stmt" />
				<line num="139"  count="0"  type="stmt" />
				<line num="140"  count="0"  type="stmt" />
				<line num="144"  count="0"  type="stmt" />
				<line num="145"  count="0"  type="stmt" />
				<line num="146"  count="0"  type="stmt" />
				<line num="147"  count="0"  type="stmt" />
				<line num="148"  count="0"  type="stmt" />
				<line num="151"  count="0"  type="cond"  truecount="0"  falsecount="2" />
				<line num="152"  count="0"  type="stmt" />
				<line num="155"  count="0"  type="stmt" />
				<line num="158"  count="0"  type="stmt" />
				<line num="159"  count="0"  type="stmt" />
				<line num="169"  count="1"  type="stmt" />
				<line num="170"  count="0"  type="stmt" />
				<line num="183"  count="1"  type="stmt" />
				<line num="184"  count="0"  type="stmt" />
				<line num="196"  count="1"  type="stmt" />
				<line num="197"  count="0"  type="stmt" />
				<line num="198"  count="0"  type="stmt" />
				<line num="199"  count="0"  type="cond"  truecount="0"  falsecount="2" />
				<line num="209"  count="1"  type="stmt" />
				<line num="210"  count="0"  type="stmt" />
				<line num="211"  count="0"  type="stmt" />
				<line num="212"  count="0"  type="stmt" />
				<line num="213"  count="0"  type="stmt" />
				<line num="214"  count="0"  type="stmt" />
				<line num="215"  count="0"  type="cond"  truecount="0"  falsecount="2" />
				<line num="225"  count="1"  type="stmt" />
				<line num="226"  count="0"  type="stmt" />
				<line num="227"  count="0"  type="stmt" />
				<line num="228"  count="0"  type="stmt" />
				<line num="230"  count="0"  type="stmt" />
				<line num="231"  count="0"  type="stmt" />
				<line num="232"  count="0"  type="stmt" />
				<line num="233"  count="0"  type="stmt" />
				<line num="234"  count="0"  type="stmt" />
				<line num="235"  count="0"  type="stmt" />
				<line num="236"  count="0"  type="cond"  truecount="0"  falsecount="2" />
				<line num="237"  count="0"  type="stmt" />
				<line num="240"  count="0"  type="cond"  truecount="0"  falsecount="2" />
				<line num="241"  count="0"  type="stmt" />
				<line num="244"  count="0"  type="stmt" />
				<line num="245"  count="0"  type="cond"  truecount="0"  falsecount="2" />
				<line num="246"  count="0"  type="stmt" />
				<line num="248"  count="0"  type="stmt" />
				<line num="259"  count="1"  type="stmt" />
				<line num="260"  count="0"  type="stmt" />
				<line num="261"  count="0"  type="stmt" />
				<line num="262"  count="0"  type="stmt" />
				<line num="270"  count="1"  type="stmt" />
			</file>
			<file name="facetHistogramBar.js"  path="/home/ubuntu/stories-facets/src/components/facet/facetHistogramBar.js" >
				<metrics statements="110"  coveredstatements="20"  conditionals="20"  coveredconditionals="0"  methods="31"  coveredmethods="0" />
				<line num="17"  count="1"  type="stmt" />
				<line num="18"  count="1"  type="stmt" />
				<line num="31"  count="1"  type="stmt" />
				<line num="32"  count="0"  type="stmt" />
				<line num="33"  count="0"  type="stmt" />
				<line num="35"  count="0"  type="stmt" />
				<line num="36"  count="0"  type="stmt" />
				<line num="37"  count="0"  type="stmt" />
				<line num="39"  count="0"  type="stmt" />
				<line num="41"  count="0"  type="stmt" />
				<line num="42"  count="0"  type="stmt" />
				<line num="43"  count="0"  type="stmt" />
				<line num="45"  count="0"  type="stmt" />
				<line num="46"  count="0"  type="stmt" />
				<line num="47"  count="0"  type="stmt" />
				<line num="49"  count="0"  type="stmt" />
				<line num="51"  count="0"  type="stmt" />
				<line num="52"  count="0"  type="stmt" />
				<line num="53"  count="0"  type="stmt" />
				<line num="54"  count="0"  type="stmt" />
				<line num="55"  count="0"  type="stmt" />
				<line num="57"  count="0"  type="stmt" />
				<line num="58"  count="0"  type="stmt" />
				<line num="59"  count="0"  type="stmt" />
				<line num="68"  count="1"  type="stmt" />
				<line num="70"  count="0"  type="stmt" />
				<line num="74"  count="0"  type="stmt" />
				<line num="75"  count="0"  type="stmt" />
				<line num="76"  count="0"  type="stmt" />
				<line num="86"  count="1"  type="stmt" />
				<line num="88"  count="0"  type="stmt" />
				<line num="92"  count="0"  type="stmt" />
				<line num="93"  count="0"  type="stmt" />
				<line num="94"  count="0"  type="stmt" />
				<line num="104"  count="1"  type="stmt" />
				<line num="106"  count="0"  type="stmt" />
				<line num="110"  count="0"  type="stmt" />
				<line num="111"  count="0"  type="stmt" />
				<line num="112"  count="0"  type="stmt" />
				<line num="122"  count="1"  type="stmt" />
				<line num="124"  count="0"  type="stmt" />
				<line num="128"  count="0"  type="cond"  truecount="0"  falsecount="2" />
				<line num="129"  count="0"  type="stmt" />
				<line num="130"  count="0"  type="stmt" />
				<line num="133"  count="0"  type="stmt" />
				<line num="134"  count="0"  type="stmt" />
				<line num="136"  count="0"  type="stmt" />
				<line num="146"  count="1"  type="stmt" />
				<line num="148"  count="0"  type="stmt" />
				<line num="152"  count="0"  type="cond"  truecount="0"  falsecount="2" />
				<line num="153"  count="0"  type="stmt" />
				<line num="154"  count="0"  type="stmt" />
				<line num="156"  count="0"  type="stmt" />
				<line num="157"  count="0"  type="stmt" />
				<line num="160"  count="0"  type="stmt" />
				<line num="170"  count="1"  type="stmt" />
				<line num="172"  count="0"  type="stmt" />
				<line num="176"  count="0"  type="stmt" />
				<line num="187"  count="1"  type="stmt" />
				<line num="189"  count="0"  type="stmt" />
				<line num="191"  count="0"  type="stmt" />
				<line num="195"  count="0"  type="stmt" />
				<line num="199"  count="0"  type="stmt" />
				<line num="203"  count="0"  type="stmt" />
				<line num="215"  count="1"  type="stmt" />
				<line num="217"  count="0"  type="stmt" />
				<line num="221"  count="0"  type="cond"  truecount="0"  falsecount="2" />
				<line num="226"  count="0"  type="cond"  truecount="0"  falsecount="2" />
				<line num="228"  count="0"  type="stmt" />
				<line num="238"  count="1"  type="stmt" />
				<line num="240"  count="0"  type="stmt" />
				<line num="244"  count="0"  type="cond"  truecount="0"  falsecount="2" />
				<line num="245"  count="0"  type="stmt" />
				<line num="247"  count="0"  type="stmt" />
				<line num="258"  count="1"  type="stmt" />
				<line num="260"  count="0"  type="stmt" />
				<line num="264"  count="0"  type="cond"  truecount="0"  falsecount="2" />
				<line num="265"  count="0"  type="stmt" />
				<line num="267"  count="0"  type="stmt" />
				<line num="278"  count="1"  type="stmt" />
				<line num="280"  count="0"  type="stmt" />
				<line num="284"  count="0"  type="cond"  truecount="0"  falsecount="2" />
				<line num="285"  count="0"  type="stmt" />
				<line num="287"  count="0"  type="stmt" />
				<line num="298"  count="1"  type="stmt" />
				<line num="299"  count="0"  type="stmt" />
				<line num="303"  count="0"  type="stmt" />
				<line num="305"  count="0"  type="stmt" />
				<line num="309"  count="0"  type="stmt" />
				<line num="318"  count="1"  type="stmt" />
				<line num="319"  count="0"  type="stmt" />
				<line num="320"  count="0"  type="stmt" />
				<line num="322"  count="0"  type="stmt" />
				<line num="323"  count="0"  type="stmt" />
				<line num="333"  count="1"  type="stmt" />
				<line num="334"  count="0"  type="stmt" />
				<line num="335"  count="0"  type="stmt" />
				<line num="336"  count="0"  type="cond"  truecount="0"  falsecount="2" />
				<line num="337"  count="0"  type="stmt" />
				<line num="348"  count="1"  type="stmt" />
				<line num="349"  count="0"  type="stmt" />
				<line num="350"  count="0"  type="stmt" />
				<line num="351"  count="0"  type="cond"  truecount="0"  falsecount="2" />
				<line num="352"  count="0"  type="stmt" />
				<line num="363"  count="1"  type="stmt" />
				<line num="364"  count="0"  type="stmt" />
				<line num="365"  count="0"  type="stmt" />
				<line num="366"  count="0"  type="cond"  truecount="0"  falsecount="2" />
				<line num="367"  count="0"  type="stmt" />
				<line num="375"  count="1"  type="stmt" />
			</file>
			<file name="facetHistogramFilter.js"  path="/home/ubuntu/stories-facets/src/components/facet/facetHistogramFilter.js" >
				<metrics statements="138"  coveredstatements="10"  conditionals="48"  coveredconditionals="0"  methods="20"  coveredmethods="0" />
				<line num="26"  count="1"  type="stmt" />
				<line num="27"  count="0"  type="stmt" />
				<line num="28"  count="0"  type="stmt" />
				<line num="29"  count="0"  type="stmt" />
				<line num="30"  count="0"  type="stmt" />
				<line num="31"  count="0"  type="stmt" />
				<line num="33"  count="0"  type="stmt" />
				<line num="34"  count="0"  type="stmt" />
				<line num="35"  count="0"  type="stmt" />
				<line num="37"  count="0"  type="stmt" />
				<line num="38"  count="0"  type="stmt" />
				<line num="39"  count="0"  type="stmt" />
				<line num="41"  count="0"  type="stmt" />
				<line num="42"  count="0"  type="stmt" />
				<line num="43"  count="0"  type="stmt" />
				<line num="45"  count="0"  type="stmt" />
				<line num="50"  count="0"  type="stmt" />
				<line num="55"  count="0"  type="stmt" />
				<line num="60"  count="0"  type="stmt" />
				<line num="62"  count="0"  type="stmt" />
				<line num="63"  count="0"  type="stmt" />
				<line num="65"  count="0"  type="stmt" />
				<line num="74"  count="1"  type="stmt" />
				<line num="76"  count="0"  type="stmt" />
				<line num="80"  count="0"  type="cond"  truecount="0"  falsecount="2" />
				<line num="81"  count="0"  type="stmt" />
				<line num="83"  count="0"  type="stmt" />
				<line num="94"  count="1"  type="stmt" />
				<line num="96"  count="0"  type="stmt" />
				<line num="100"  count="0"  type="stmt" />
				<line num="110"  count="1"  type="stmt" />
				<line num="112"  count="0"  type="stmt" />
				<line num="116"  count="0"  type="stmt" />
				<line num="126"  count="1"  type="stmt" />
				<line num="127"  count="0"  type="stmt" />
				<line num="128"  count="0"  type="stmt" />
				<line num="129"  count="0"  type="cond"  truecount="0"  falsecount="2" />
				<line num="130"  count="0"  type="cond"  truecount="0"  falsecount="2" />
				<line num="131"  count="0"  type="stmt" />
				<line num="133"  count="0"  type="stmt" />
				<line num="134"  count="0"  type="stmt" />
				<line num="139"  count="0"  type="stmt" />
				<line num="140"  count="0"  type="stmt" />
				<line num="141"  count="0"  type="cond"  truecount="0"  falsecount="2" />
				<line num="142"  count="0"  type="cond"  truecount="0"  falsecount="2" />
				<line num="143"  count="0"  type="stmt" />
				<line num="145"  count="0"  type="stmt" />
				<line num="146"  count="0"  type="stmt" />
				<line num="151"  count="0"  type="stmt" />
				<line num="152"  count="0"  type="stmt" />
				<line num="154"  count="0"  type="stmt" />
				<line num="155"  count="0"  type="cond"  truecount="0"  falsecount="4" />
				<line num="156"  count="0"  type="stmt" />
				<line num="157"  count="0"  type="stmt" />
				<line num="162"  count="0"  type="cond"  truecount="0"  falsecount="2" />
				<line num="163"  count="0"  type="stmt" />
				<line num="164"  count="0"  type="stmt" />
				<line num="165"  count="0"  type="stmt" />
				<line num="168"  count="0"  type="cond"  truecount="0"  falsecount="2" />
				<line num="169"  count="0"  type="stmt" />
				<line num="170"  count="0"  type="stmt" />
				<line num="171"  count="0"  type="stmt" />
				<line num="174"  count="0"  type="stmt" />
				<line num="175"  count="0"  type="stmt" />
				<line num="177"  count="0"  type="stmt" />
				<line num="180"  count="0"  type="stmt" />
				<line num="181"  count="0"  type="stmt" />
				<line num="183"  count="0"  type="stmt" />
				<line num="184"  count="0"  type="cond"  truecount="0"  falsecount="4" />
				<line num="185"  count="0"  type="stmt" />
				<line num="190"  count="0"  type="cond"  truecount="0"  falsecount="2" />
				<line num="191"  count="0"  type="cond"  truecount="0"  falsecount="2" />
				<line num="192"  count="0"  type="stmt" />
				<line num="194"  count="0"  type="stmt" />
				<line num="197"  count="0"  type="cond"  truecount="0"  falsecount="2" />
				<line num="198"  count="0"  type="cond"  truecount="0"  falsecount="2" />
				<line num="199"  count="0"  type="stmt" />
				<line num="201"  count="0"  type="stmt" />
				<line num="204"  count="0"  type="stmt" />
				<line num="205"  count="0"  type="stmt" />
				<line num="209"  count="0"  type="stmt" />
				<line num="210"  count="0"  type="stmt" />
				<line num="211"  count="0"  type="stmt" />
				<line num="212"  count="0"  type="stmt" />
				<line num="213"  count="0"  type="stmt" />
				<line num="214"  count="0"  type="stmt" />
				<line num="217"  count="0"  type="stmt" />
				<line num="218"  count="0"  type="stmt" />
				<line num="219"  count="0"  type="stmt" />
				<line num="220"  count="0"  type="stmt" />
				<line num="221"  count="0"  type="stmt" />
				<line num="222"  count="0"  type="stmt" />
				<line num="232"  count="1"  type="stmt" />
				<line num="233"  count="0"  type="stmt" />
				<line num="234"  count="0"  type="stmt" />
				<line num="235"  count="0"  type="stmt" />
				<line num="236"  count="0"  type="stmt" />
				<line num="238"  count="0"  type="cond"  truecount="0"  falsecount="2" />
				<line num="239"  count="0"  type="stmt" />
				<line num="240"  count="0"  type="cond"  truecount="0"  falsecount="2" />
				<line num="241"  count="0"  type="stmt" />
				<line num="244"  count="0"  type="stmt" />
				<line num="251"  count="0"  type="stmt" />
				<line num="252"  count="0"  type="stmt" />
				<line num="253"  count="0"  type="stmt" />
				<line num="254"  count="0"  type="stmt" />
				<line num="256"  count="0"  type="cond"  truecount="0"  falsecount="2" />
				<line num="257"  count="0"  type="stmt" />
				<line num="258"  count="0"  type="cond"  truecount="0"  falsecount="2" />
				<line num="259"  count="0"  type="stmt" />
				<line num="262"  count="0"  type="stmt" />
				<line num="278"  count="1"  type="stmt" />
				<line num="279"  count="0"  type="stmt" />
				<line num="289"  count="1"  type="stmt" />
				<line num="290"  count="0"  type="stmt" />
				<line num="292"  count="0"  type="stmt" />
				<line num="293"  count="0"  type="stmt" />
				<line num="295"  count="0"  type="stmt" />
				<line num="297"  count="0"  type="cond"  truecount="0"  falsecount="2" />
				<line num="298"  count="0"  type="stmt" />
				<line num="310"  count="1"  type="stmt" />
				<line num="311"  count="0"  type="stmt" />
				<line num="312"  count="0"  type="stmt" />
				<line num="313"  count="0"  type="stmt" />
				<line num="314"  count="0"  type="stmt" />
				<line num="316"  count="0"  type="stmt" />
				<line num="318"  count="0"  type="stmt" />
				<line num="319"  count="0"  type="stmt" />
				<line num="321"  count="0"  type="cond"  truecount="0"  falsecount="4" />
				<line num="322"  count="0"  type="stmt" />
				<line num="324"  count="0"  type="stmt" />
				<line num="327"  count="0"  type="cond"  truecount="0"  falsecount="2" />
				<line num="328"  count="0"  type="stmt" />
				<line num="330"  count="0"  type="stmt" />
				<line num="333"  count="0"  type="cond"  truecount="0"  falsecount="2" />
				<line num="334"  count="0"  type="stmt" />
				<line num="336"  count="0"  type="stmt" />
				<line num="344"  count="1"  type="stmt" />
			</file>
			<file name="facetHorizontal.js"  path="/home/ubuntu/stories-facets/src/components/facet/facetHorizontal.js" >
				<metrics statements="151"  coveredstatements="29"  conditionals="61"  coveredconditionals="0"  methods="22"  coveredmethods="0" />
				<line num="17"  count="1"  type="stmt" />
				<line num="18"  count="1"  type="stmt" />
				<line num="19"  count="1"  type="stmt" />
				<line num="20"  count="1"  type="stmt" />
				<line num="21"  count="1"  type="stmt" />
				<line num="23"  count="1"  type="stmt" />
				<line num="24"  count="1"  type="stmt" />
				<line num="35"  count="1"  type="stmt" />
				<line num="36"  count="0"  type="stmt" />
				<line num="38"  count="0"  type="stmt" />
				<line num="39"  count="0"  type="stmt" />
				<line num="41"  count="0"  type="stmt" />
				<line num="42"  count="0"  type="stmt" />
				<line num="43"  count="0"  type="stmt" />
				<line num="46"  count="0"  type="stmt" />
				<line num="52"  count="1"  type="stmt" />
				<line num="53"  count="1"  type="stmt" />
				<line num="62"  count="1"  type="stmt" />
				<line num="64"  count="0"  type="stmt" />
				<line num="75"  count="1"  type="stmt" />
				<line num="77"  count="0"  type="stmt" />
				<line num="88"  count="1"  type="stmt" />
				<line num="90"  count="0"  type="stmt" />
				<line num="94"  count="0"  type="cond"  truecount="0"  falsecount="2" />
				<line num="95"  count="0"  type="cond"  truecount="0"  falsecount="2" />
				<line num="96"  count="0"  type="stmt" />
				<line num="97"  count="0"  type="stmt" />
				<line num="99"  count="0"  type="stmt" />
				<line num="100"  count="0"  type="stmt" />
				<line num="112"  count="1"  type="stmt" />
				<line num="114"  count="0"  type="stmt" />
				<line num="118"  count="0"  type="cond"  truecount="0"  falsecount="2" />
				<line num="119"  count="0"  type="cond"  truecount="0"  falsecount="2" />
				<line num="120"  count="0"  type="stmt" />
				<line num="121"  count="0"  type="stmt" />
				<line num="123"  count="0"  type="stmt" />
				<line num="124"  count="0"  type="stmt" />
				<line num="137"  count="1"  type="stmt" />
				<line num="139"  count="0"  type="stmt" />
				<line num="140"  count="0"  type="stmt" />
				<line num="141"  count="0"  type="stmt" />
				<line num="142"  count="0"  type="stmt" />
				<line num="144"  count="0"  type="stmt" />
				<line num="169"  count="1"  type="stmt" />
				<line num="170"  count="0"  type="cond"  truecount="0"  falsecount="4" />
				<line num="171"  count="0"  type="stmt" />
				<line num="173"  count="0"  type="cond"  truecount="0"  falsecount="2" />
				<line num="174"  count="0"  type="stmt" />
				<line num="175"  count="0"  type="stmt" />
				<line num="177"  count="0"  type="cond"  truecount="0"  falsecount="3" />
				<line num="178"  count="0"  type="cond"  truecount="0"  falsecount="3" />
				<line num="180"  count="0"  type="stmt" />
				<line num="181"  count="0"  type="cond"  truecount="0"  falsecount="3" />
				<line num="182"  count="0"  type="stmt" />
				<line num="184"  count="0"  type="stmt" />
				<line num="185"  count="0"  type="stmt" />
				<line num="187"  count="0"  type="cond"  truecount="0"  falsecount="5" />
				<line num="188"  count="0"  type="stmt" />
				<line num="189"  count="0"  type="stmt" />
				<line num="192"  count="0"  type="cond"  truecount="0"  falsecount="5" />
				<line num="193"  count="0"  type="stmt" />
				<line num="194"  count="0"  type="stmt" />
				<line num="199"  count="0"  type="cond"  truecount="0"  falsecount="4" />
				<line num="200"  count="0"  type="stmt" />
				<line num="203"  count="0"  type="stmt" />
				<line num="206"  count="0"  type="stmt" />
				<line num="207"  count="0"  type="cond"  truecount="0"  falsecount="2" />
				<line num="208"  count="0"  type="stmt" />
				<line num="218"  count="1"  type="stmt" />
				<line num="219"  count="0"  type="stmt" />
				<line num="220"  count="0"  type="stmt" />
				<line num="230"  count="1"  type="stmt" />
				<line num="231"  count="0"  type="stmt" />
				<line num="232"  count="0"  type="stmt" />
				<line num="233"  count="0"  type="stmt" />
				<line num="234"  count="0"  type="stmt" />
				<line num="235"  count="0"  type="stmt" />
				<line num="241"  count="0"  type="stmt" />
				<line num="252"  count="1"  type="stmt" />
				<line num="253"  count="0"  type="stmt" />
				<line num="257"  count="0"  type="stmt" />
				<line num="258"  count="0"  type="stmt" />
				<line num="260"  count="0"  type="stmt" />
				<line num="261"  count="0"  type="stmt" />
				<line num="262"  count="0"  type="stmt" />
				<line num="263"  count="0"  type="stmt" />
				<line num="264"  count="0"  type="stmt" />
				<line num="268"  count="0"  type="stmt" />
				<line num="271"  count="0"  type="stmt" />
				<line num="274"  count="0"  type="stmt" />
				<line num="283"  count="1"  type="stmt" />
				<line num="284"  count="0"  type="stmt" />
				<line num="285"  count="0"  type="stmt" />
				<line num="286"  count="0"  type="stmt" />
				<line num="287"  count="0"  type="stmt" />
				<line num="288"  count="0"  type="stmt" />
				<line num="289"  count="0"  type="stmt" />
				<line num="290"  count="0"  type="stmt" />
				<line num="299"  count="1"  type="stmt" />
				<line num="300"  count="0"  type="cond"  truecount="0"  falsecount="2" />
				<line num="301"  count="0"  type="stmt" />
				<line num="302"  count="0"  type="stmt" />
				<line num="303"  count="0"  type="stmt" />
				<line num="305"  count="0"  type="stmt" />
				<line num="307"  count="0"  type="stmt" />
				<line num="317"  count="1"  type="stmt" />
				<line num="318"  count="0"  type="stmt" />
				<line num="319"  count="0"  type="stmt" />
				<line num="320"  count="0"  type="stmt" />
				<line num="321"  count="0"  type="stmt" />
				<line num="331"  count="1"  type="stmt" />
				<line num="332"  count="0"  type="stmt" />
				<line num="333"  count="0"  type="stmt" />
				<line num="334"  count="0"  type="stmt" />
				<line num="336"  count="0"  type="stmt" />
				<line num="337"  count="0"  type="stmt" />
				<line num="338"  count="0"  type="stmt" />
				<line num="340"  count="0"  type="stmt" />
				<line num="349"  count="1"  type="stmt" />
				<line num="350"  count="0"  type="cond"  truecount="0"  falsecount="2" />
				<line num="351"  count="0"  type="stmt" />
				<line num="352"  count="0"  type="stmt" />
				<line num="353"  count="0"  type="stmt" />
				<line num="354"  count="0"  type="stmt" />
				<line num="355"  count="0"  type="stmt" />
				<line num="356"  count="0"  type="stmt" />
				<line num="359"  count="0"  type="stmt" />
				<line num="369"  count="1"  type="stmt" />
				<line num="370"  count="0"  type="stmt" />
				<line num="371"  count="0"  type="stmt" />
				<line num="372"  count="0"  type="stmt" />
				<line num="373"  count="0"  type="stmt" />
				<line num="374"  count="0"  type="stmt" />
				<line num="375"  count="0"  type="stmt" />
				<line num="378"  count="0"  type="stmt" />
				<line num="390"  count="1"  type="stmt" />
				<line num="391"  count="0"  type="stmt" />
				<line num="401"  count="1"  type="stmt" />
				<line num="402"  count="0"  type="cond"  truecount="0"  falsecount="2" />
				<line num="403"  count="0"  type="stmt" />
				<line num="412"  count="1"  type="stmt" />
				<line num="413"  count="0"  type="stmt" />
				<line num="414"  count="0"  type="cond"  truecount="0"  falsecount="4" />
				<line num="415"  count="0"  type="cond"  truecount="0"  falsecount="2" />
				<line num="416"  count="0"  type="stmt" />
				<line num="418"  count="0"  type="stmt" />
				<line num="420"  count="0"  type="cond"  truecount="0"  falsecount="4" />
				<line num="421"  count="0"  type="cond"  truecount="0"  falsecount="2" />
				<line num="422"  count="0"  type="stmt" />
				<line num="424"  count="0"  type="stmt" />
				<line num="433"  count="1"  type="stmt" />
			</file>
			<file name="facetPlaceholder.js"  path="/home/ubuntu/stories-facets/src/components/facet/facetPlaceholder.js" >
				<metrics statements="59"  coveredstatements="24"  conditionals="10"  coveredconditionals="0"  methods="17"  coveredmethods="0" />
				<line num="17"  count="1"  type="stmt" />
				<line num="18"  count="1"  type="stmt" />
				<line num="19"  count="1"  type="stmt" />
				<line num="20"  count="1"  type="stmt" />
				<line num="22"  count="1"  type="stmt" />
				<line num="23"  count="1"  type="stmt" />
				<line num="34"  count="1"  type="stmt" />
				<line num="35"  count="0"  type="stmt" />
				<line num="36"  count="0"  type="stmt" />
				<line num="37"  count="0"  type="stmt" />
				<line num="38"  count="0"  type="stmt" />
				<line num="39"  count="0"  type="stmt" />
				<line num="45"  count="1"  type="stmt" />
				<line num="46"  count="1"  type="stmt" />
				<line num="55"  count="1"  type="stmt" />
				<line num="57"  count="0"  type="stmt" />
				<line num="68"  count="1"  type="stmt" />
				<line num="70"  count="0"  type="stmt" />
				<line num="81"  count="1"  type="stmt" />
				<line num="83"  count="0"  type="stmt" />
				<line num="87"  count="0"  type="cond"  truecount="0"  falsecount="2" />
				<line num="88"  count="0"  type="cond"  truecount="0"  falsecount="2" />
				<line num="89"  count="0"  type="stmt" />
				<line num="90"  count="0"  type="stmt" />
				<line num="92"  count="0"  type="stmt" />
				<line num="93"  count="0"  type="stmt" />
				<line num="105"  count="1"  type="stmt" />
				<line num="107"  count="0"  type="stmt" />
				<line num="111"  count="0"  type="cond"  truecount="0"  falsecount="2" />
				<line num="112"  count="0"  type="cond"  truecount="0"  falsecount="2" />
				<line num="113"  count="0"  type="stmt" />
				<line num="114"  count="0"  type="stmt" />
				<line num="116"  count="0"  type="stmt" />
				<line num="117"  count="0"  type="stmt" />
				<line num="129"  count="1"  type="stmt" />
				<line num="137"  count="1"  type="stmt" />
				<line num="146"  count="1"  type="stmt" />
[...]
				<line num="347"  count="223"  type="stmt" />
				<line num="348"  count="223"  type="cond"  truecount="2"  falsecount="0" />
				<line num="349"  count="214"  type="stmt" />
				<line num="352"  count="223"  type="stmt" />
				<line num="361"  count="1"  type="stmt" />
				<line num="362"  count="293"  type="cond"  truecount="2"  falsecount="0" />
				<line num="363"  count="230"  type="stmt" />
				<line num="364"  count="230"  type="stmt" />
				<line num="367"  count="230"  type="stmt" />
				<line num="368"  count="230"  type="stmt" />
				<line num="369"  count="230"  type="stmt" />
				<line num="379"  count="1"  type="stmt" />
				<line num="380"  count="250"  type="stmt" />
				<line num="381"  count="250"  type="stmt" />
				<line num="382"  count="250"  type="stmt" />
				<line num="383"  count="250"  type="stmt" />
				<line num="396"  count="1"  type="stmt" />
				<line num="397"  count="0"  type="stmt" />
				<line num="398"  count="0"  type="stmt" />
				<line num="399"  count="0"  type="stmt" />
				<line num="400"  count="0"  type="stmt" />
				<line num="401"  count="0"  type="stmt" />
				<line num="402"  count="0"  type="stmt" />
				<line num="403"  count="0"  type="stmt" />
				<line num="404"  count="0"  type="cond"  truecount="0"  falsecount="2" />
				<line num="405"  count="0"  type="stmt" />
				<line num="407"  count="0"  type="stmt" />
				<line num="409"  count="0"  type="stmt" />
				<line num="410"  count="0"  type="stmt" />
				<line num="411"  count="0"  type="stmt" />
				<line num="420"  count="1"  type="stmt" />
				<line num="421"  count="319"  type="cond"  truecount="2"  falsecount="2" />
				<line num="423"  count="0"  type="stmt" />
				<line num="424"  count="0"  type="stmt" />
				<line num="425"  count="0"  type="stmt" />
				<line num="427"  count="0"  type="stmt" />
				<line num="428"  count="0"  type="stmt" />
				<line num="431"  count="0"  type="stmt" />
				<line num="432"  count="0"  type="stmt" />
				<line num="433"  count="0"  type="cond"  truecount="0"  falsecount="2" />
				<line num="435"  count="0"  type="stmt" />
				<line num="436"  count="0"  type="stmt" />
				<line num="439"  count="0"  type="cond"  truecount="0"  falsecount="4" />
				<line num="440"  count="0"  type="stmt" />
				<line num="441"  count="0"  type="stmt" />
				<line num="443"  count="0"  type="stmt" />
				<line num="444"  count="0"  type="stmt" />
				<line num="446"  count="0"  type="cond"  truecount="0"  falsecount="5" />
				<line num="447"  count="0"  type="stmt" />
				<line num="451"  count="0"  type="cond"  truecount="0"  falsecount="4" />
				<line num="452"  count="0"  type="stmt" />
				<line num="464"  count="1"  type="stmt" />
				<line num="465"  count="96"  type="stmt" />
				<line num="466"  count="96"  type="cond"  truecount="2"  falsecount="0" />
				<line num="467"  count="96"  type="cond"  truecount="3"  falsecount="0" />
				<line num="468"  count="96"  type="cond"  truecount="2"  falsecount="0" />
				<line num="469"  count="96"  type="cond"  truecount="2"  falsecount="0" />
				<line num="470"  count="96"  type="stmt" />
				<line num="471"  count="96"  type="cond"  truecount="3"  falsecount="0" />
				<line num="472"  count="96"  type="cond"  truecount="4"  falsecount="0" />
				<line num="475"  count="96"  type="stmt" />
				<line num="476"  count="96"  type="stmt" />
				<line num="477"  count="96"  type="stmt" />
				<line num="478"  count="96"  type="cond"  truecount="4"  falsecount="0" />
				<line num="481"  count="96"  type="stmt" />
				<line num="484"  count="96"  type="cond"  truecount="2"  falsecount="0" />
				<line num="485"  count="14"  type="cond"  truecount="1"  falsecount="1" />
				<line num="486"  count="14"  type="stmt" />
				<line num="487"  count="14"  type="cond"  truecount="4"  falsecount="0" />
				<line num="488"  count="5"  type="stmt" />
				<line num="491"  count="14"  type="stmt" />
				<line num="493"  count="82"  type="cond"  truecount="4"  falsecount="0" />
				<line num="494"  count="74"  type="stmt" />
				<line num="496"  count="82"  type="stmt" />
				<line num="497"  count="82"  type="stmt" />
				<line num="501"  count="96"  type="stmt" />
				<line num="502"  count="0"  type="cond"  truecount="0"  falsecount="2" />
				<line num="503"  count="0"  type="cond"  truecount="0"  falsecount="2" />
				<line num="504"  count="0"  type="stmt" />
				<line num="505"  count="0"  type="stmt" />
				<line num="512"  count="96"  type="cond"  truecount="2"  falsecount="0" />
				<line num="513"  count="78"  type="stmt" />
				<line num="517"  count="96"  type="cond"  truecount="2"  falsecount="0" />
				<line num="518"  count="78"  type="stmt" />
				<line num="522"  count="96"  type="stmt" />
				<line num="523"  count="96"  type="stmt" />
				<line num="526"  count="96"  type="stmt" />
				<line num="527"  count="96"  type="stmt" />
				<line num="528"  count="96"  type="cond"  truecount="1"  falsecount="1" />
				<line num="529"  count="96"  type="stmt" />
				<line num="533"  count="96"  type="stmt" />
				<line num="542"  count="1"  type="stmt" />
				<line num="543"  count="8"  type="stmt" />
				<line num="552"  count="1"  type="stmt" />
				<line num="553"  count="2"  type="stmt" />
				<line num="554"  count="2"  type="stmt" />
				<line num="563"  count="1"  type="stmt" />
				<line num="564"  count="0"  type="stmt" />
				<line num="565"  count="0"  type="stmt" />
				<line num="574"  count="1"  type="stmt" />
				<line num="575"  count="0"  type="stmt" />
				<line num="576"  count="0"  type="stmt" />
				<line num="585"  count="1"  type="stmt" />
				<line num="586"  count="4"  type="stmt" />
				<line num="595"  count="1"  type="stmt" />
				<line num="596"  count="4"  type="stmt" />
				<line num="605"  count="1"  type="stmt" />
				<line num="606"  count="0"  type="stmt" />
				<line num="607"  count="0"  type="stmt" />
				<line num="608"  count="0"  type="cond"  truecount="0"  falsecount="4" />
				<line num="609"  count="0"  type="cond"  truecount="0"  falsecount="2" />
				<line num="610"  count="0"  type="stmt" />
				<line num="612"  count="0"  type="stmt" />
				<line num="614"  count="0"  type="cond"  truecount="0"  falsecount="4" />
				<line num="615"  count="0"  type="cond"  truecount="0"  falsecount="2" />
				<line num="616"  count="0"  type="stmt" />
				<line num="618"  count="0"  type="stmt" />
				<line num="620"  count="0"  type="cond"  truecount="0"  falsecount="4" />
				<line num="621"  count="0"  type="stmt" />
				<line num="622"  count="0"  type="cond"  truecount="0"  falsecount="4" />
				<line num="623"  count="0"  type="cond"  truecount="0"  falsecount="4" />
				<line num="624"  count="0"  type="stmt" />
				<line num="625"  count="0"  type="stmt" />
				<line num="626"  count="0"  type="cond"  truecount="0"  falsecount="4" />
				<line num="627"  count="0"  type="stmt" />
				<line num="628"  count="0"  type="stmt" />
				<line num="637"  count="1"  type="stmt" />
			</file>
		</package>
		<package name="src.templates" >
			<metrics statements="125"  coveredstatements="71"  conditionals="655"  coveredconditionals="124"  methods="64"  coveredmethods="32" />
			<file name="badge.js"  path="/home/ubuntu/stories-facets/src/templates/badge.js" >
				<metrics statements="3"  coveredstatements="1"  conditionals="14"  coveredconditionals="0"  methods="1"  coveredmethods="0" />
				<line num="1"  count="1"  type="stmt" />
				<line num="2"  count="0"  type="stmt" />
				<line num="4"  count="0"  type="stmt" />
			</file>
			<file name="badgegroup.js"  path="/home/ubuntu/stories-facets/src/templates/badgegroup.js" >
				<metrics statements="7"  coveredstatements="3"  conditionals="30"  coveredconditionals="3"  methods="3"  coveredmethods="1" />
				<line num="1"  count="1"  type="stmt" />
				<line num="2"  count="0"  type="stmt" />
				<line num="4"  count="0"  type="stmt" />
				<line num="8"  count="0"  type="stmt" />
				<line num="10"  count="0"  type="stmt" />
				<line num="14"  count="52"  type="stmt" />
				<line num="16"  count="52"  type="cond"  truecount="3"  falsecount="5" />
			</file>
			<file name="facetHorizontal.js"  path="/home/ubuntu/stories-facets/src/templates/facetHorizontal.js" >
				<metrics statements="7"  coveredstatements="1"  conditionals="60"  coveredconditionals="0"  methods="4"  coveredmethods="0" />
				<line num="1"  count="1"  type="stmt" />
				<line num="2"  count="0"  type="stmt" />
				<line num="4"  count="0"  type="stmt" />
				<line num="6"  count="0"  type="cond"  truecount="0"  falsecount="4" />
				<line num="8"  count="0"  type="stmt" />
				<line num="14"  count="0"  type="cond"  truecount="0"  falsecount="4" />
				<line num="16"  count="0"  type="stmt" />
			</file>
			<file name="facetPlaceholder.js"  path="/home/ubuntu/stories-facets/src/templates/facetPlaceholder.js" >
				<metrics statements="4"  coveredstatements="1"  conditionals="26"  coveredconditionals="0"  methods="2"  coveredmethods="0" />
				<line num="1"  count="1"  type="stmt" />
				<line num="2"  count="0"  type="stmt" />
				<line num="4"  count="0"  type="cond"  truecount="0"  falsecount="4" />
				<line num="6"  count="0"  type="stmt" />
			</file>
			<file name="facetVertical.js"  path="/home/ubuntu/stories-facets/src/templates/facetVertical.js" >
				<metrics statements="22"  coveredstatements="16"  conditionals="120"  coveredconditionals="41"  methods="11"  coveredmethods="8" />
				<line num="1"  count="1"  type="stmt" />
				<line num="2"  count="63"  type="stmt" />
				<line num="4"  count="0"  type="stmt" />
				<line num="6"  count="0"  type="stmt" />
				<line num="10"  count="223"  type="stmt" />
				<line num="12"  count="223"  type="stmt" />
				<line num="16"  count="0"  type="stmt" />
				<line num="18"  count="0"  type="stmt" />
				<line num="22"  count="223"  type="stmt" />
				<line num="24"  count="223"  type="stmt" />
				<line num="28"  count="164"  type="stmt" />
				<line num="30"  count="164"  type="stmt" />
				<line num="34"  count="24"  type="stmt" />
				<line num="36"  count="24"  type="stmt" />
				<line num="40"  count="199"  type="stmt" />
				<line num="42"  count="199"  type="cond"  truecount="3"  falsecount="5" />
				<line num="44"  count="0"  type="stmt" />
				<line num="46"  count="0"  type="stmt" />
				<line num="50"  count="199"  type="stmt" />
				<line num="52"  count="199"  type="stmt" />
				<line num="56"  count="223"  type="cond"  truecount="1"  falsecount="3" />
				<line num="58"  count="223"  type="stmt" />
			</file>
			<file name="facetVertical_bar.js"  path="/home/ubuntu/stories-facets/src/templates/facetVertical_bar.js" >
				<metrics statements="27"  coveredstatements="10"  conditionals="188"  coveredconditionals="27"  methods="15"  coveredmethods="5" />
				<line num="1"  count="1"  type="stmt" />
				<line num="2"  count="0"  type="cond"  truecount="0"  falsecount="4" />
				<line num="4"  count="0"  type="stmt" />
				<line num="16"  count="0"  type="stmt" />
				<line num="18"  count="0"  type="stmt" />
				<line num="20"  count="0"  type="stmt" />
				<line num="22"  count="0"  type="cond"  truecount="0"  falsecount="14" />
				<line num="24"  count="0"  type="cond"  truecount="0"  falsecount="12" />
				<line num="26"  count="0"  type="stmt" />
				<line num="28"  count="0"  type="stmt" />
				<line num="32"  count="0"  type="stmt" />
				<line num="34"  count="0"  type="cond"  truecount="0"  falsecount="8" />
				<line num="36"  count="0"  type="stmt" />
				<line num="38"  count="0"  type="stmt" />
				<line num="44"  count="223"  type="stmt" />
				<line num="46"  count="223"  type="cond"  truecount="3"  falsecount="5" />
				<line num="48"  count="0"  type="cond"  truecount="0"  falsecount="4" />
				<line num="50"  count="0"  type="stmt" />
				<line num="56"  count="0"  type="stmt" />
				<line num="58"  count="0"  type="stmt" />
				<line num="64"  count="223"  type="stmt" />
				<line num="66"  count="223"  type="cond"  truecount="5"  falsecount="5" />
				<line num="68"  count="158"  type="stmt" />
				<line num="70"  count="158"  type="stmt" />
				<line num="76"  count="65"  type="stmt" />
				<line num="80"  count="223"  type="cond"  truecount="1"  falsecount="3" />
				<line num="82"  count="223"  type="stmt" />
			</file>
			<file name="facetVertical_icon.js"  path="/home/ubuntu/stories-facets/src/templates/facetVertical_icon.js" >
				<metrics statements="7"  coveredstatements="7"  conditionals="26"  coveredconditionals="11"  methods="3"  coveredmethods="3" />
				<line num="1"  count="1"  type="stmt" />
				<line num="2"  count="247"  type="stmt" />
				<line num="4"  count="247"  type="stmt" />
				<line num="10"  count="246"  type="stmt" />
				<line num="12"  count="246"  type="stmt" />
				<line num="16"  count="319"  type="stmt" />
				<line num="18"  count="319"  type="cond"  truecount="3"  falsecount="5" />
			</file>
			<file name="facetVertical_links.js"  path="/home/ubuntu/stories-facets/src/templates/facetVertical_links.js" >
				<metrics statements="5"  coveredstatements="5"  conditionals="20"  coveredconditionals="8"  methods="2"  coveredmethods="2" />
				<line num="1"  count="1"  type="stmt" />
				<line num="2"  count="1"  type="stmt" />
				<line num="4"  count="1"  type="stmt" />
				<line num="8"  count="260"  type="stmt" />
				<line num="10"  count="260"  type="cond"  truecount="3"  falsecount="5" />
			</file>
			<file name="facetVertical_queryClose.js"  path="/home/ubuntu/stories-facets/src/templates/facetVertical_queryClose.js" >
				<metrics statements="4"  coveredstatements="4"  conditionals="8"  coveredconditionals="3"  methods="2"  coveredmethods="2" />
				<line num="1"  count="1"  type="stmt" />
				<line num="2"  count="59"  type="stmt" />
				<line num="4"  count="223"  type="stmt" />
				<line num="6"  count="223"  type="cond"  truecount="3"  falsecount="5" />
			</file>
			<file name="facetVertical_search.js"  path="/home/ubuntu/stories-facets/src/templates/facetVertical_search.js" >
				<metrics statements="4"  coveredstatements="4"  conditionals="8"  coveredconditionals="3"  methods="2"  coveredmethods="2" />
				<line num="1"  count="1"  type="stmt" />
				<line num="2"  count="9"  type="stmt" />
				<line num="4"  count="319"  type="stmt" />
				<line num="6"  count="319"  type="cond"  truecount="3"  falsecount="5" />
			</file>
			<file name="facetVertical_sparkline.js"  path="/home/ubuntu/stories-facets/src/templates/facetVertical_sparkline.js" >
				<metrics statements="2"  coveredstatements="1"  conditionals="0"  coveredconditionals="0"  methods="1"  coveredmethods="0" />
				<line num="1"  count="1"  type="stmt" />
				<line num="2"  count="0"  type="stmt" />
			</file>
			<file name="group-more.js"  path="/home/ubuntu/stories-facets/src/templates/group-more.js" >
				<metrics statements="25"  coveredstatements="10"  conditionals="137"  coveredconditionals="19"  methods="14"  coveredmethods="5" />
				<line num="1"  count="1"  type="stmt" />
				<line num="2"  count="101"  type="stmt" />
				<line num="4"  count="15"  type="stmt" />
				<line num="6"  count="15"  type="cond"  truecount="4"  falsecount="8" />
				<line num="8"  count="15"  type="stmt" />
				<line num="10"  count="15"  type="cond"  truecount="4"  falsecount="8" />
				<line num="12"  count="15"  type="stmt" />
				<line num="14"  count="15"  type="stmt" />
				<line num="18"  count="0"  type="stmt" />
				<line num="20"  count="0"  type="stmt" />
				<line num="24"  count="0"  type="stmt" />
				<line num="26"  count="0"  type="stmt" />
				<line num="30"  count="0"  type="stmt" />
				<line num="32"  count="0"  type="cond"  truecount="0"  falsecount="10" />
				<line num="34"  count="0"  type="cond"  truecount="0"  falsecount="4" />
				<line num="36"  count="0"  type="stmt" />
				<line num="45"  count="0"  type="stmt" />
				<line num="47"  count="0"  type="stmt" />
				<line num="49"  count="0"  type="cond"  truecount="0"  falsecount="12" />
				<line num="51"  count="0"  type="stmt" />
				<line num="55"  count="0"  type="stmt" />
				<line num="57"  count="0"  type="cond"  truecount="0"  falsecount="12" />
				<line num="59"  count="0"  type="stmt" />
				<line num="61"  count="101"  type="cond"  truecount="1"  falsecount="3" />
				<line num="63"  count="101"  type="stmt" />
			</file>
			<file name="group.js"  path="/home/ubuntu/stories-facets/src/templates/group.js" >
				<metrics statements="4"  coveredstatements="4"  conditionals="18"  coveredconditionals="9"  methods="2"  coveredmethods="2" />
				<line num="1"  count="1"  type="stmt" />
				<line num="2"  count="95"  type="stmt" />
				<line num="4"  count="95"  type="cond"  truecount="1"  falsecount="3" />
				<line num="6"  count="95"  type="stmt" />
			</file>
			<file name="main.js"  path="/home/ubuntu/stories-facets/src/templates/main.js" >
				<metrics statements="2"  coveredstatements="2"  conditionals="0"  coveredconditionals="0"  methods="1"  coveredmethods="1" />
				<line num="1"  count="1"  type="stmt" />
				<line num="2"  count="50"  type="stmt" />
			</file>
			<file name="querygroup.js"  path="/home/ubuntu/stories-facets/src/templates/querygroup.js" >
				<metrics statements="2"  coveredstatements="2"  conditionals="0"  coveredconditionals="0"  methods="1"  coveredmethods="1" />
				<line num="1"  count="1"  type="stmt" />
				<line num="2"  count="52"  type="stmt" />
			</file>
		</package>
		<package name="src.util" >
			<metrics statements="34"  coveredstatements="33"  conditionals="14"  coveredconditionals="11"  methods="6"  coveredmethods="6" />
			<file name="color.js"  path="/home/ubuntu/stories-facets/src/util/color.js" >
				<metrics statements="22"  coveredstatements="21"  conditionals="12"  coveredconditionals="10"  methods="3"  coveredmethods="3" />
				<line num="16"  count="1"  type="stmt" />
				<line num="18"  count="1"  type="stmt" />
				<line num="19"  count="110"  type="cond"  truecount="2"  falsecount="0" />
				<line num="20"  count="110"  type="cond"  truecount="2"  falsecount="0" />
				<line num="21"  count="110"  type="cond"  truecount="2"  falsecount="0" />
				<line num="24"  count="1"  type="stmt" />
				<line num="26"  count="110"  type="cond"  truecount="2"  falsecount="0" />
				<line num="27"  count="55"  type="stmt" />
				<line num="29"  count="55"  type="stmt" />
				<line num="30"  count="55"  type="stmt" />
				<line num="31"  count="55"  type="stmt" />
				<line num="32"  count="55"  type="stmt" />
				<line num="33"  count="55"  type="stmt" />
				<line num="34"  count="55"  type="stmt" />
				<line num="36"  count="0"  type="stmt" />
				<line num="43"  count="55"  type="cond"  truecount="2"  falsecount="2" />
				<line num="44"  count="55"  type="stmt" />
				<line num="45"  count="55"  type="stmt" />
				<line num="46"  count="55"  type="stmt" />
				<line num="47"  count="55"  type="stmt" />
				<line num="51"  count="1"  type="stmt" />
				<line num="53"  count="1"  type="stmt" />
			</file>
			<file name="util.js"  path="/home/ubuntu/stories-facets/src/util/util.js" >
				<metrics statements="12"  coveredstatements="12"  conditionals="2"  coveredconditionals="1"  methods="3"  coveredmethods="3" />
				<line num="17"  count="1"  type="stmt" />
				<line num="18"  count="1792"  type="stmt" />
				<line num="23"  count="1"  type="stmt" />
				<line num="26"  count="167"  type="stmt" />
				<line num="27"  count="167"  type="stmt" />
				<line num="28"  count="167"  type="stmt" />
				<line num="29"  count="167"  type="stmt" />
				<line num="30"  count="662"  type="cond"  truecount="1"  falsecount="1" />
				<line num="31"  count="662"  type="stmt" />
				<line num="35"  count="167"  type="stmt" />
				<line num="39"  count="224"  type="stmt" />
				<line num="44"  count="1"  type="stmt" />
			</file>
		</package>
	</project>
</coverage>
